<?xml version="1.0" encoding="UTF-8"?>
<!-- Generated by org.testng.reporters.JUnitXMLReporter -->
<testsuite ignored="0" hostname="SHUBHAM" failures="1" tests="1" name="Test" time="89.096" errors="0" timestamp="2023-07-10T16:23:03 IST">
  <testcase classname="dnata.DnataInsurance" name="dnataInsurance" time="87.405">
    <failure type="java.lang.AssertionError" message="Invalid date provided 21-February-202 expected [false] but found [true]">
      <![CDATA[java.lang.AssertionError: Invalid date provided 21-February-202 expected [false] but found [true]
at dnata.DnataTripType.selectDateInCalendarInsurance(DnataTripType.java:1047)
at dnata.DnataTripType.InsuranceTriptype(DnataTripType.java:363)
at dnata.DnataInsurance.dnataInsurance(DnataInsurance.java:128)
at java.base/java.util.ArrayList.forEach(ArrayList.java:1511)
... Removed 30 stack frames]]>
    </failure>
  </testcase> <!-- dnataInsurance -->
</testsuite> <!-- Test -->
