<html>
<head>
<title>TestNG:  Test</title>
<link href="../testng.css" rel="stylesheet" type="text/css" />
<link href="../my-testng.css" rel="stylesheet" type="text/css" />

<style type="text/css">
.log { display: none;} 
.stack-trace { display: none;} 
</style>
<script type="text/javascript">
<!--
function flip(e) {
  current = e.style.display;
  if (current == 'block') {
    e.style.display = 'none';
    return 0;
  }
  else {
    e.style.display = 'block';
    return 1;
  }
}

function toggleBox(szDivId, elem, msg1, msg2)
{
  var res = -1;  if (document.getElementById) {
    res = flip(document.getElementById(szDivId));
  }
  else if (document.all) {
    // this is the way old msie versions work
    res = flip(document.all[szDivId]);
  }
  if(elem) {
    if(res == 0) elem.innerHTML = msg1; else elem.innerHTML = msg2;
  }

}

function toggleAllBoxes() {
  if (document.getElementsByTagName) {
    d = document.getElementsByTagName('div');
    for (i = 0; i < d.length; i++) {
      if (d[i].className == 'log') {
        flip(d[i]);
      }
    }
  }
}

// -->
</script>

</head>
<body>
<h2 align='center'>Test</h2><table border='1' align="center">
<tr>
<td>Tests passed/Failed/Skipped:</td><td>2/7/0</td>
</tr><tr>
<td>Started on:</td><td>Wed Nov 23 10:20:16 IST 2022</td>
</tr>
<tr><td>Total time:</td><td>1518 seconds (1518652 ms)</td>
</tr><tr>
<td>Included groups:</td><td></td>
</tr><tr>
<td>Excluded groups:</td><td></td>
</tr>
</table><p/>
<small><i>(Hover the method name to see the test class name)</i></small><p/>
<table width='100%' border='1' class='invocation-failed'>
<tr><td colspan='4' align='center'><b>FAILED TESTS</b></td></tr>
<tr><td><b>Test method</b></td>
<td width="30%"><b>Exception</b></td>
<td width="10%"><b>Time (seconds)</b></td>
<td><b>Instance</b></td>
</tr>
<tr>
<td title='dnata.DnataInsurance.dnataInsurance()'><b>dnataInsurance</b><br>Test class: dnata.DnataInsurance<br>Parameters: Test Insurance 8, Negative, Verify Origin & Destination city location name same, mo, //dnatauat.quadlabs.net/backoffice/loginggn.aspx, dt, 91269126, Shubham@321, Thrilok Nadha Rachapalli, BusinessTravel, Individual, dxb, Dubai, United Arab Emirates - All Airports (DXB), mus, Dubai, United Arab Emirates - All Airports (DXB), 17-December-2022, 18-December-2022, Individual, 1, 30-Aug-2019, FOP - Cash, Yes, Yes, dxb, Dubai, United Arab Emirates - All Airports (DXB), mus, Muscat, Oman - Seeb (MCT), Yes, 21-Jan-2023, 23-Jan-2023, Yes, Individual, 1, 20-Aug-2018, Yes, FOP - Cash, 3, Airspace Close,Business Cover,Golf Sports Cover, Add to Cart, Test, Test, Fulfilment</td>
<td><div><pre>java.lang.AssertionError: Origin And Destination City Location Can&apos;t Be Same expected [false] but found [true]
	at dnata.DnataTripType.InsuranceTriptype(DnataTripType.java:362)
	at dnata.DnataInsurance.dnataInsurance(DnataInsurance.java:109)
	at java.base/java.util.ArrayList.forEach(ArrayList.java:1511)
... Removed 30 stack frames</pre></div><a href='#' onClick='toggleBox("stack-trace703957828", this, "Click to show all stack frames", "Click to hide stack frames")'>Click to show all stack frames</a>
<div class='stack-trace' id='stack-trace703957828'><pre>java.lang.AssertionError: Origin And Destination City Location Can&apos;t Be Same expected [false] but found [true]
	at org.testng.Assert.fail(Assert.java:99)
	at org.testng.Assert.failNotEquals(Assert.java:1037)
	at org.testng.Assert.assertFalse(Assert.java:67)
	at dnata.DnataTripType.InsuranceTriptype(DnataTripType.java:362)
	at dnata.DnataInsurance.dnataInsurance(DnataInsurance.java:109)
	at java.base/jdk.internal.reflect.NativeMethodAccessorImpl.invoke0(Native Method)
	at java.base/jdk.internal.reflect.NativeMethodAccessorImpl.invoke(NativeMethodAccessorImpl.java:77)
	at java.base/jdk.internal.reflect.DelegatingMethodAccessorImpl.invoke(DelegatingMethodAccessorImpl.java:43)
	at java.base/java.lang.reflect.Method.invoke(Method.java:568)
	at org.testng.internal.MethodInvocationHelper.invokeMethod(MethodInvocationHelper.java:133)
	at org.testng.internal.TestInvoker.invokeMethod(TestInvoker.java:598)
	at org.testng.internal.TestInvoker.invokeTestMethod(TestInvoker.java:173)
	at org.testng.internal.MethodRunner.runInSequence(MethodRunner.java:46)
	at org.testng.internal.TestInvoker$MethodInvocationAgent.invoke(TestInvoker.java:824)
	at org.testng.internal.TestInvoker.invokeTestMethods(TestInvoker.java:146)
	at org.testng.internal.TestMethodWorker.invokeTestMethods(TestMethodWorker.java:146)
	at org.testng.internal.TestMethodWorker.run(TestMethodWorker.java:128)
	at java.base/java.util.ArrayList.forEach(ArrayList.java:1511)
	at org.testng.TestRunner.privateRun(TestRunner.java:794)
	at org.testng.TestRunner.run(TestRunner.java:596)
	at org.testng.SuiteRunner.runTest(SuiteRunner.java:377)
	at org.testng.SuiteRunner.runSequentially(SuiteRunner.java:371)
	at org.testng.SuiteRunner.privateRun(SuiteRunner.java:332)
	at org.testng.SuiteRunner.run(SuiteRunner.java:276)
	at org.testng.SuiteRunnerWorker.runSuite(SuiteRunnerWorker.java:53)
	at org.testng.SuiteRunnerWorker.run(SuiteRunnerWorker.java:96)
	at org.testng.TestNG.runSuitesSequentially(TestNG.java:1212)
	at org.testng.TestNG.runSuitesLocally(TestNG.java:1134)
	at org.testng.TestNG.runSuites(TestNG.java:1063)
	at org.testng.TestNG.run(TestNG.java:1031)
	at org.testng.remote.AbstractRemoteTestNG.run(AbstractRemoteTestNG.java:115)
	at org.testng.remote.RemoteTestNG.initAndRun(RemoteTestNG.java:251)
	at org.testng.remote.RemoteTestNG.main(RemoteTestNG.java:77)
</pre></div></td>
<td>52</td>
<td>dnata.DnataInsurance@212b5695</td></tr>
<tr>
<td title='dnata.DnataInsurance.dnataInsurance()'><b>dnataInsurance</b><br>Test class: dnata.DnataInsurance<br>Parameters: Test Insurance 6, Negative, Verify provide date 34 in day, mo, //dnatauat.quadlabs.net/backoffice/loginggn.aspx, dt, 91269126, Shubham@321, Thrilok Nadha Rachapalli, BusinessTravel, Individual, dxb, Dubai, United Arab Emirates - All Airports (DXB), mus, Muscat, Oman - Seeb (MCT), 22-December-2022, 34-December-2022, Individual, 1, 30-Aug-2019, FOP - Cash, Yes, Yes, dxb, Dubai, United Arab Emirates - All Airports (DXB), mus, Muscat, Oman - Seeb (MCT), Yes, 21-Jan-2023, 23-Jan-2023, Yes, Individual, 1, 20-Aug-2018, Yes, FOP - Cash, 3, Airspace Close,Business Cover,Golf Sports Cover, Add to Cart, Test, Test, Fulfilment</td>
<td><div><pre>java.lang.AssertionError: Invalid date provided 34-December-2022 expected [false] but found [true]
	at dnata.DnataTripType.selectDateInCalendarInsurance(DnataTripType.java:1051)
	at dnata.DnataTripType.InsuranceTriptype(DnataTripType.java:375)
	at dnata.DnataInsurance.dnataInsurance(DnataInsurance.java:109)
	at java.base/java.util.ArrayList.forEach(ArrayList.java:1511)
... Removed 30 stack frames</pre></div><a href='#' onClick='toggleBox("stack-trace541846360", this, "Click to show all stack frames", "Click to hide stack frames")'>Click to show all stack frames</a>
<div class='stack-trace' id='stack-trace541846360'><pre>java.lang.AssertionError: Invalid date provided 34-December-2022 expected [false] but found [true]
	at org.testng.Assert.fail(Assert.java:99)
	at org.testng.Assert.failNotEquals(Assert.java:1037)
	at org.testng.Assert.assertFalse(Assert.java:67)
	at dnata.DnataTripType.selectDateInCalendarInsurance(DnataTripType.java:1051)
	at dnata.DnataTripType.InsuranceTriptype(DnataTripType.java:375)
	at dnata.DnataInsurance.dnataInsurance(DnataInsurance.java:109)
	at java.base/jdk.internal.reflect.NativeMethodAccessorImpl.invoke0(Native Method)
	at java.base/jdk.internal.reflect.NativeMethodAccessorImpl.invoke(NativeMethodAccessorImpl.java:77)
	at java.base/jdk.internal.reflect.DelegatingMethodAccessorImpl.invoke(DelegatingMethodAccessorImpl.java:43)
	at java.base/java.lang.reflect.Method.invoke(Method.java:568)
	at org.testng.internal.MethodInvocationHelper.invokeMethod(MethodInvocationHelper.java:133)
	at org.testng.internal.TestInvoker.invokeMethod(TestInvoker.java:598)
	at org.testng.internal.TestInvoker.invokeTestMethod(TestInvoker.java:173)
	at org.testng.internal.MethodRunner.runInSequence(MethodRunner.java:46)
	at org.testng.internal.TestInvoker$MethodInvocationAgent.invoke(TestInvoker.java:824)
	at org.testng.internal.TestInvoker.invokeTestMethods(TestInvoker.java:146)
	at org.testng.internal.TestMethodWorker.invokeTestMethods(TestMethodWorker.java:146)
	at org.testng.internal.TestMethodWorker.run(TestMethodWorker.java:128)
	at java.base/java.util.ArrayList.forEach(ArrayList.java:1511)
	at org.testng.TestRunner.privateRun(TestRunner.java:794)
	at org.testng.TestRunner.run(TestRunner.java:596)
	at org.testng.SuiteRunner.runTest(SuiteRunner.java:377)
	at org.testng.SuiteRunner.runSequentially(SuiteRunner.java:371)
	at org.testng.SuiteRunner.privateRun(SuiteRunner.java:332)
	at org.testng.SuiteRunner.run(SuiteRunner.java:276)
	at org.testng.SuiteRunnerWorker.runSuite(SuiteRunnerWorker.java:53)
	at org.testng.SuiteRunnerWorker.run(SuiteRunnerWorker.java:96)
	at org.testng.TestNG.runSuitesSequentially(TestNG.java:1212)
	at org.testng.TestNG.runSuitesLocally(TestNG.java:1134)
	at org.testng.TestNG.runSuites(TestNG.java:1063)
	at org.testng.TestNG.run(TestNG.java:1031)
	at org.testng.remote.AbstractRemoteTestNG.run(AbstractRemoteTestNG.java:115)
	at org.testng.remote.RemoteTestNG.initAndRun(RemoteTestNG.java:251)
	at org.testng.remote.RemoteTestNG.main(RemoteTestNG.java:77)
</pre></div></td>
<td>54</td>
<td>dnata.DnataInsurance@212b5695</td></tr>
<tr>
<td title='dnata.DnataInsurance.dnataInsurance()'><b>dnataInsurance</b><br>Test class: dnata.DnataInsurance<br>Parameters: Test Insurance 5, Negative, Verify 32 February, mo, //dnatauat.quadlabs.net/backoffice/loginggn.aspx, dt, 91269126, Shubham@321, Thrilok Nadha Rachapalli, BusinessTravel, Individual, dxb, Dubai, United Arab Emirates - All Airports (DXB), mus, Muscat, Oman - Seeb (MCT), 24-February-2023, 32-February-2023, Individual, 1, 30-Aug-2019, FOP - Cash, Yes, Yes, dxb, Dubai, United Arab Emirates - All Airports (DXB), mus, Muscat, Oman - Seeb (MCT), Yes, 21-Jan-2023, 23-Jan-2023, Yes, Individual, 1, 20-Aug-2018, Yes, FOP - Cash, 3, Airspace Close,Business Cover,Golf Sports Cover, Add to Cart, Test, Test, Fulfilment</td>
<td><div><pre>java.lang.AssertionError: Invalid date provided 32-February-2023 expected [false] but found [true]
	at dnata.DnataTripType.selectDateInCalendarInsurance(DnataTripType.java:1051)
	at dnata.DnataTripType.InsuranceTriptype(DnataTripType.java:375)
	at dnata.DnataInsurance.dnataInsurance(DnataInsurance.java:109)
	at java.base/java.util.ArrayList.forEach(ArrayList.java:1511)
... Removed 30 stack frames</pre></div><a href='#' onClick='toggleBox("stack-trace1767121170", this, "Click to show all stack frames", "Click to hide stack frames")'>Click to show all stack frames</a>
<div class='stack-trace' id='stack-trace1767121170'><pre>java.lang.AssertionError: Invalid date provided 32-February-2023 expected [false] but found [true]
	at org.testng.Assert.fail(Assert.java:99)
	at org.testng.Assert.failNotEquals(Assert.java:1037)
	at org.testng.Assert.assertFalse(Assert.java:67)
	at dnata.DnataTripType.selectDateInCalendarInsurance(DnataTripType.java:1051)
	at dnata.DnataTripType.InsuranceTriptype(DnataTripType.java:375)
	at dnata.DnataInsurance.dnataInsurance(DnataInsurance.java:109)
	at java.base/jdk.internal.reflect.NativeMethodAccessorImpl.invoke0(Native Method)
	at java.base/jdk.internal.reflect.NativeMethodAccessorImpl.invoke(NativeMethodAccessorImpl.java:77)
	at java.base/jdk.internal.reflect.DelegatingMethodAccessorImpl.invoke(DelegatingMethodAccessorImpl.java:43)
	at java.base/java.lang.reflect.Method.invoke(Method.java:568)
	at org.testng.internal.MethodInvocationHelper.invokeMethod(MethodInvocationHelper.java:133)
	at org.testng.internal.TestInvoker.invokeMethod(TestInvoker.java:598)
	at org.testng.internal.TestInvoker.invokeTestMethod(TestInvoker.java:173)
	at org.testng.internal.MethodRunner.runInSequence(MethodRunner.java:46)
	at org.testng.internal.TestInvoker$MethodInvocationAgent.invoke(TestInvoker.java:824)
	at org.testng.internal.TestInvoker.invokeTestMethods(TestInvoker.java:146)
	at org.testng.internal.TestMethodWorker.invokeTestMethods(TestMethodWorker.java:146)
	at org.testng.internal.TestMethodWorker.run(TestMethodWorker.java:128)
	at java.base/java.util.ArrayList.forEach(ArrayList.java:1511)
	at org.testng.TestRunner.privateRun(TestRunner.java:794)
	at org.testng.TestRunner.run(TestRunner.java:596)
	at org.testng.SuiteRunner.runTest(SuiteRunner.java:377)
	at org.testng.SuiteRunner.runSequentially(SuiteRunner.java:371)
	at org.testng.SuiteRunner.privateRun(SuiteRunner.java:332)
	at org.testng.SuiteRunner.run(SuiteRunner.java:276)
	at org.testng.SuiteRunnerWorker.runSuite(SuiteRunnerWorker.java:53)
	at org.testng.SuiteRunnerWorker.run(SuiteRunnerWorker.java:96)
	at org.testng.TestNG.runSuitesSequentially(TestNG.java:1212)
	at org.testng.TestNG.runSuitesLocally(TestNG.java:1134)
	at org.testng.TestNG.runSuites(TestNG.java:1063)
	at org.testng.TestNG.run(TestNG.java:1031)
	at org.testng.remote.AbstractRemoteTestNG.run(AbstractRemoteTestNG.java:115)
	at org.testng.remote.RemoteTestNG.initAndRun(RemoteTestNG.java:251)
	at org.testng.remote.RemoteTestNG.main(RemoteTestNG.java:77)
</pre></div></td>
<td>77</td>
<td>dnata.DnataInsurance@212b5695</td></tr>
<tr>
<td title='dnata.DnataInsurance.dnataInsurance()'><b>dnataInsurance</b><br>Test class: dnata.DnataInsurance<br>Parameters: Test Insurance 9, Negative, Verify City code, mo, //dnatauat.quadlabs.net/backoffice/loginggn.aspx, dt, 91269126, Shubham@321, Thrilok Nadha Rachapalli, BusinessTravel, Individual, dxb, Dubai, United Arab Emirates - All Airports (DXB), mss, Muscat, Oman - Seeb (MCT), 20-December-2022, 21-December-2022, Individual, 1, 30-Aug-2019, FOP - Cash, Yes, Yes, dxb, Dubai, United Arab Emirates - All Airports (DXB), mus, Muscat, Oman - Seeb (MCT), Yes, 21-Jan-2023, 23-Jan-2023, Yes, Individual, 1, 20-Aug-2018, Yes, FOP - Cash, 3, Airspace Close,Business Cover,Golf Sports Cover, Add to Cart, Test, Test, Fulfilment</td>
<td><div><pre>org.openqa.selenium.NoSuchElementException: no such element: Unable to locate element: {&quot;method&quot;:&quot;xpath&quot;,&quot;selector&quot;:&quot;//div[@id=&apos;btnModify&apos;]/a&quot;}
  (Session info: chrome=107.0.5304.107)
For documentation on this error, please visit: https://selenium.dev/exceptions/#no_such_element
Build info: version: &apos;4.1.4&apos;, revision: &apos;535d840ee2&apos;
System info: host: &apos;SHUBHAM&apos;, ip: &apos;192.168.111.71&apos;, os.name: &apos;Windows 10&apos;, os.arch: &apos;amd64&apos;, os.version: &apos;10.0&apos;, java.version: &apos;17.0.1&apos;
Driver info: org.openqa.selenium.chrome.ChromeDriver
Command: [23ffe60bb9ccc83e4487424285106efd, findElement {using=xpath, value=//div[@id=&apos;btnModify&apos;]/a}]
Capabilities {acceptInsecureCerts: false, browserName: chrome, browserVersion: 107.0.5304.107, chrome: {chromedriverVersion: 106.0.5249.61 (511755355844..., userDataDir: C:\Users\SHUBHA~1.NAT\AppDa...}, goog:chromeOptions: {debuggerAddress: localhost:49350}, javascriptEnabled: true, networkConnectionEnabled: false, pageLoadStrategy: normal, platform: WINDOWS, platformName: WINDOWS, proxy: Proxy(), se:cdp: ws://localhost:49350/devtoo..., se:cdpVersion: 107.0.5304.107, setWindowRect: true, strictFileInteractability: false, timeouts: {implicit: 0, pageLoad: 300000, script: 30000}, unhandledPromptBehavior: dismiss and notify, webauthn:extension:credBlob: true, webauthn:extension:largeBlob: true, webauthn:virtualAuthenticators: true}
Session ID: 23ffe60bb9ccc83e4487424285106efd
	at org.openqa.selenium.remote.codec.w3c.W3CHttpResponseCodec.createException(W3CHttpResponseCodec.java:200)
	at org.openqa.selenium.remote.codec.w3c.W3CHttpResponseCodec.decode(W3CHttpResponseCodec.java:133)
	at org.openqa.selenium.remote.codec.w3c.W3CHttpResponseCodec.decode(W3CHttpResponseCodec.java:53)
	at org.openqa.selenium.remote.HttpCommandExecutor.execute(HttpCommandExecutor.java:184)
	at org.openqa.selenium.remote.service.DriverCommandExecutor.invokeExecute(DriverCommandExecutor.java:167)
	at org.openqa.selenium.remote.service.DriverCommandExecutor.execute(DriverCommandExecutor.java:142)
	at org.openqa.selenium.remote.RemoteWebDriver.execute(RemoteWebDriver.java:567)
	at org.openqa.selenium.remote.ElementLocation$ElementFinder$2.findElement(ElementLocation.java:162)
	at org.openqa.selenium.remote.ElementLocation.findElement(ElementLocation.java:60)
	at org.openqa.selenium.remote.RemoteWebDriver.findElement(RemoteWebDriver.java:385)
	at org.openqa.selenium.remote.RemoteWebDriver.findElement(RemoteWebDriver.java:377)
	at utilities.QaRobot.getLocator(QaRobot.java:50)
	at utilities.QaRobot.getWebElement(QaRobot.java:82)
	at utilities.QaRobot.ClickOnElement(QaRobot.java:104)
	at dnata.DnataResultPage.ResultPageForInsurance(DnataResultPage.java:1016)
	at dnata.DnataInsurance.dnataInsurance(DnataInsurance.java:112)
	at java.base/java.util.ArrayList.forEach(ArrayList.java:1511)
... Removed 32 stack frames</pre></div><a href='#' onClick='toggleBox("stack-trace1685837139", this, "Click to show all stack frames", "Click to hide stack frames")'>Click to show all stack frames</a>
<div class='stack-trace' id='stack-trace1685837139'><pre>org.openqa.selenium.NoSuchElementException: no such element: Unable to locate element: {&quot;method&quot;:&quot;xpath&quot;,&quot;selector&quot;:&quot;//div[@id=&apos;btnModify&apos;]/a&quot;}
  (Session info: chrome=107.0.5304.107)
For documentation on this error, please visit: https://selenium.dev/exceptions/#no_such_element
Build info: version: &apos;4.1.4&apos;, revision: &apos;535d840ee2&apos;
System info: host: &apos;SHUBHAM&apos;, ip: &apos;192.168.111.71&apos;, os.name: &apos;Windows 10&apos;, os.arch: &apos;amd64&apos;, os.version: &apos;10.0&apos;, java.version: &apos;17.0.1&apos;
Driver info: org.openqa.selenium.chrome.ChromeDriver
Command: [23ffe60bb9ccc83e4487424285106efd, findElement {using=xpath, value=//div[@id=&apos;btnModify&apos;]/a}]
Capabilities {acceptInsecureCerts: false, browserName: chrome, browserVersion: 107.0.5304.107, chrome: {chromedriverVersion: 106.0.5249.61 (511755355844..., userDataDir: C:\Users\SHUBHA~1.NAT\AppDa...}, goog:chromeOptions: {debuggerAddress: localhost:49350}, javascriptEnabled: true, networkConnectionEnabled: false, pageLoadStrategy: normal, platform: WINDOWS, platformName: WINDOWS, proxy: Proxy(), se:cdp: ws://localhost:49350/devtoo..., se:cdpVersion: 107.0.5304.107, setWindowRect: true, strictFileInteractability: false, timeouts: {implicit: 0, pageLoad: 300000, script: 30000}, unhandledPromptBehavior: dismiss and notify, webauthn:extension:credBlob: true, webauthn:extension:largeBlob: true, webauthn:virtualAuthenticators: true}
Session ID: 23ffe60bb9ccc83e4487424285106efd
	at java.base/jdk.internal.reflect.NativeConstructorAccessorImpl.newInstance0(Native Method)
	at java.base/jdk.internal.reflect.NativeConstructorAccessorImpl.newInstance(NativeConstructorAccessorImpl.java:77)
	at java.base/jdk.internal.reflect.DelegatingConstructorAccessorImpl.newInstance(DelegatingConstructorAccessorImpl.java:45)
	at java.base/java.lang.reflect.Constructor.newInstanceWithCaller(Constructor.java:499)
	at java.base/java.lang.reflect.Constructor.newInstance(Constructor.java:480)
	at org.openqa.selenium.remote.codec.w3c.W3CHttpResponseCodec.createException(W3CHttpResponseCodec.java:200)
	at org.openqa.selenium.remote.codec.w3c.W3CHttpResponseCodec.decode(W3CHttpResponseCodec.java:133)
	at org.openqa.selenium.remote.codec.w3c.W3CHttpResponseCodec.decode(W3CHttpResponseCodec.java:53)
	at org.openqa.selenium.remote.HttpCommandExecutor.execute(HttpCommandExecutor.java:184)
	at org.openqa.selenium.remote.service.DriverCommandExecutor.invokeExecute(DriverCommandExecutor.java:167)
	at org.openqa.selenium.remote.service.DriverCommandExecutor.execute(DriverCommandExecutor.java:142)
	at org.openqa.selenium.remote.RemoteWebDriver.execute(RemoteWebDriver.java:567)
	at org.openqa.selenium.remote.ElementLocation$ElementFinder$2.findElement(ElementLocation.java:162)
	at org.openqa.selenium.remote.ElementLocation.findElement(ElementLocation.java:60)
	at org.openqa.selenium.remote.RemoteWebDriver.findElement(RemoteWebDriver.java:385)
	at org.openqa.selenium.remote.RemoteWebDriver.findElement(RemoteWebDriver.java:377)
	at utilities.QaRobot.getLocator(QaRobot.java:50)
	at utilities.QaRobot.getWebElement(QaRobot.java:82)
	at utilities.QaRobot.ClickOnElement(QaRobot.java:104)
	at dnata.DnataResultPage.ResultPageForInsurance(DnataResultPage.java:1016)
	at dnata.DnataInsurance.dnataInsurance(DnataInsurance.java:112)
	at java.base/jdk.internal.reflect.NativeMethodAccessorImpl.invoke0(Native Method)
	at java.base/jdk.internal.reflect.NativeMethodAccessorImpl.invoke(NativeMethodAccessorImpl.java:77)
	at java.base/jdk.internal.reflect.DelegatingMethodAccessorImpl.invoke(DelegatingMethodAccessorImpl.java:43)
	at java.base/java.lang.reflect.Method.invoke(Method.java:568)
	at org.testng.internal.MethodInvocationHelper.invokeMethod(MethodInvocationHelper.java:133)
	at org.testng.internal.TestInvoker.invokeMethod(TestInvoker.java:598)
	at org.testng.internal.TestInvoker.invokeTestMethod(TestInvoker.java:173)
	at org.testng.internal.MethodRunner.runInSequence(MethodRunner.java:46)
	at org.testng.internal.TestInvoker$MethodInvocationAgent.invoke(TestInvoker.java:824)
	at org.testng.internal.TestInvoker.invokeTestMethods(TestInvoker.java:146)
	at org.testng.internal.TestMethodWorker.invokeTestMethods(TestMethodWorker.java:146)
	at org.testng.internal.TestMethodWorker.run(TestMethodWorker.java:128)
	at java.base/java.util.ArrayList.forEach(ArrayList.java:1511)
	at org.testng.TestRunner.privateRun(TestRunner.java:794)
	at org.testng.TestRunner.run(TestRunner.java:596)
	at org.testng.SuiteRunner.runTest(SuiteRunner.java:377)
	at org.testng.SuiteRunner.runSequentially(SuiteRunner.java:371)
	at org.testng.SuiteRunner.privateRun(SuiteRunner.java:332)
	at org.testng.SuiteRunner.run(SuiteRunner.java:276)
	at org.testng.SuiteRunnerWorker.runSuite(SuiteRunnerWorker.java:53)
	at org.testng.SuiteRunnerWorker.run(SuiteRunnerWorker.java:96)
	at org.testng.TestNG.runSuitesSequentially(TestNG.java:1212)
	at org.testng.TestNG.runSuitesLocally(TestNG.java:1134)
	at org.testng.TestNG.runSuites(TestNG.java:1063)
	at org.testng.TestNG.run(TestNG.java:1031)
	at org.testng.remote.AbstractRemoteTestNG.run(AbstractRemoteTestNG.java:115)
	at org.testng.remote.RemoteTestNG.initAndRun(RemoteTestNG.java:251)
	at org.testng.remote.RemoteTestNG.main(RemoteTestNG.java:77)
</pre></div></td>
<td>105</td>
<td>dnata.DnataInsurance@212b5695</td></tr>
<tr>
<td title='dnata.DnataInsurance.dnataInsurance()'><b>dnataInsurance</b><br>Test class: dnata.DnataInsurance<br>Parameters: Test Insurance 7, Negative, Verify Origin & Destination city code name same, mo, //dnatauat.quadlabs.net/backoffice/loginggn.aspx, dt, 91269126, Shubham@321, Thrilok Nadha Rachapalli, BusinessTravel, Individual, dxb, Dubai, United Arab Emirates - All Airports (DXB), dxb, Dubai, United Arab Emirates - All Airports (DXB), 15-December-2022, 16-December-2022, Individual, 1, 30-Aug-2019, FOP - Cash, Yes, Yes, dxb, Dubai, United Arab Emirates - All Airports (DXB), mus, Muscat, Oman - Seeb (MCT), Yes, 21-Jan-2023, 23-Jan-2023, Yes, Individual, 1, 20-Aug-2018, Yes, FOP - Cash, 3, Airspace Close,Business Cover,Golf Sports Cover, Add to Cart, Test, Test, Fulfilment</td>
<td><div><pre>java.lang.AssertionError: Origin And Destination City Code Can&apos;t Be Same expected [false] but found [true]
	at dnata.DnataTripType.InsuranceTriptype(DnataTripType.java:361)
	at dnata.DnataInsurance.dnataInsurance(DnataInsurance.java:109)
	at java.base/java.util.ArrayList.forEach(ArrayList.java:1511)
... Removed 30 stack frames</pre></div><a href='#' onClick='toggleBox("stack-trace1298316171", this, "Click to show all stack frames", "Click to hide stack frames")'>Click to show all stack frames</a>
<div class='stack-trace' id='stack-trace1298316171'><pre>java.lang.AssertionError: Origin And Destination City Code Can&apos;t Be Same expected [false] but found [true]
	at org.testng.Assert.fail(Assert.java:99)
	at org.testng.Assert.failNotEquals(Assert.java:1037)
	at org.testng.Assert.assertFalse(Assert.java:67)
	at dnata.DnataTripType.InsuranceTriptype(DnataTripType.java:361)
	at dnata.DnataInsurance.dnataInsurance(DnataInsurance.java:109)
	at java.base/jdk.internal.reflect.NativeMethodAccessorImpl.invoke0(Native Method)
	at java.base/jdk.internal.reflect.NativeMethodAccessorImpl.invoke(NativeMethodAccessorImpl.java:77)
	at java.base/jdk.internal.reflect.DelegatingMethodAccessorImpl.invoke(DelegatingMethodAccessorImpl.java:43)
	at java.base/java.lang.reflect.Method.invoke(Method.java:568)
	at org.testng.internal.MethodInvocationHelper.invokeMethod(MethodInvocationHelper.java:133)
	at org.testng.internal.TestInvoker.invokeMethod(TestInvoker.java:598)
	at org.testng.internal.TestInvoker.invokeTestMethod(TestInvoker.java:173)
	at org.testng.internal.MethodRunner.runInSequence(MethodRunner.java:46)
	at org.testng.internal.TestInvoker$MethodInvocationAgent.invoke(TestInvoker.java:824)
	at org.testng.internal.TestInvoker.invokeTestMethods(TestInvoker.java:146)
	at org.testng.internal.TestMethodWorker.invokeTestMethods(TestMethodWorker.java:146)
	at org.testng.internal.TestMethodWorker.run(TestMethodWorker.java:128)
	at java.base/java.util.ArrayList.forEach(ArrayList.java:1511)
	at org.testng.TestRunner.privateRun(TestRunner.java:794)
	at org.testng.TestRunner.run(TestRunner.java:596)
	at org.testng.SuiteRunner.runTest(SuiteRunner.java:377)
	at org.testng.SuiteRunner.runSequentially(SuiteRunner.java:371)
	at org.testng.SuiteRunner.privateRun(SuiteRunner.java:332)
	at org.testng.SuiteRunner.run(SuiteRunner.java:276)
	at org.testng.SuiteRunnerWorker.runSuite(SuiteRunnerWorker.java:53)
	at org.testng.SuiteRunnerWorker.run(SuiteRunnerWorker.java:96)
	at org.testng.TestNG.runSuitesSequentially(TestNG.java:1212)
	at org.testng.TestNG.runSuitesLocally(TestNG.java:1134)
	at org.testng.TestNG.runSuites(TestNG.java:1063)
	at org.testng.TestNG.run(TestNG.java:1031)
	at org.testng.remote.AbstractRemoteTestNG.run(AbstractRemoteTestNG.java:115)
	at org.testng.remote.RemoteTestNG.initAndRun(RemoteTestNG.java:251)
	at org.testng.remote.RemoteTestNG.main(RemoteTestNG.java:77)
</pre></div></td>
<td>48</td>
<td>dnata.DnataInsurance@212b5695</td></tr>
<tr>
<td title='dnata.DnataInsurance.dnataInsurance()'><b>dnataInsurance</b><br>Test class: dnata.DnataInsurance<br>Parameters: Test Insurance 2, Positive, Verify Individual Insurance with SendQuote functionality, mo, //dnatauat.quadlabs.net/backoffice/loginggn.aspx, dt, 91269126, Shubham@321, Thrilok Nadha Rachapalli, BusinessTravel, Individual, dxb, Dubai, United Arab Emirates - All Airports (DXB), mus, Muscat, Oman - Seeb (MCT), 17-December-2022, 18-December-2022, Individual, 1, 30-Aug-2019, FOP - Cash, Yes, Yes, dxb, Dubai, United Arab Emirates - All Airports (DXB), mus, Muscat, Oman - Seeb (MCT), Yes, 14-Jan-2023, 16-Jan-2023, Yes, Individual, 1, 20-Aug-2018, Yes, FOP - Cash, 3, Airspace Close,Business Cover,Golf Sports Cover, Send Quote, Test, Test, Fulfilment</td>
<td><div><pre>java.lang.AssertionError: Booking Status expected [Confirmed] but found [Unconfirmed]
	at dnata.DnataConfirmPage.confirmpageInsurance(DnataConfirmPage.java:747)
	at dnata.DnataCheckoutPage.individualforInsurance(DnataCheckoutPage.java:2235)
	at dnata.DnataResultPage.ResultPageForInsurance(DnataResultPage.java:1314)
	at dnata.DnataInsurance.dnataInsurance(DnataInsurance.java:112)
	at java.base/java.util.ArrayList.forEach(ArrayList.java:1511)
... Removed 32 stack frames</pre></div><a href='#' onClick='toggleBox("stack-trace1402852048", this, "Click to show all stack frames", "Click to hide stack frames")'>Click to show all stack frames</a>
<div class='stack-trace' id='stack-trace1402852048'><pre>java.lang.AssertionError: Booking Status expected [Confirmed] but found [Unconfirmed]
	at org.testng.Assert.fail(Assert.java:99)
	at org.testng.Assert.failNotEquals(Assert.java:1037)
	at org.testng.Assert.assertEqualsImpl(Assert.java:140)
	at org.testng.Assert.assertEquals(Assert.java:122)
	at org.testng.Assert.assertEquals(Assert.java:629)
	at dnata.DnataConfirmPage.confirmpageInsurance(DnataConfirmPage.java:747)
	at dnata.DnataCheckoutPage.individualforInsurance(DnataCheckoutPage.java:2235)
	at dnata.DnataResultPage.ResultPageForInsurance(DnataResultPage.java:1314)
	at dnata.DnataInsurance.dnataInsurance(DnataInsurance.java:112)
	at java.base/jdk.internal.reflect.NativeMethodAccessorImpl.invoke0(Native Method)
	at java.base/jdk.internal.reflect.NativeMethodAccessorImpl.invoke(NativeMethodAccessorImpl.java:77)
	at java.base/jdk.internal.reflect.DelegatingMethodAccessorImpl.invoke(DelegatingMethodAccessorImpl.java:43)
	at java.base/java.lang.reflect.Method.invoke(Method.java:568)
	at org.testng.internal.MethodInvocationHelper.invokeMethod(MethodInvocationHelper.java:133)
	at org.testng.internal.TestInvoker.invokeMethod(TestInvoker.java:598)
	at org.testng.internal.TestInvoker.invokeTestMethod(TestInvoker.java:173)
	at org.testng.internal.MethodRunner.runInSequence(MethodRunner.java:46)
	at org.testng.internal.TestInvoker$MethodInvocationAgent.invoke(TestInvoker.java:824)
	at org.testng.internal.TestInvoker.invokeTestMethods(TestInvoker.java:146)
	at org.testng.internal.TestMethodWorker.invokeTestMethods(TestMethodWorker.java:146)
	at org.testng.internal.TestMethodWorker.run(TestMethodWorker.java:128)
	at java.base/java.util.ArrayList.forEach(ArrayList.java:1511)
	at org.testng.TestRunner.privateRun(TestRunner.java:794)
	at org.testng.TestRunner.run(TestRunner.java:596)
	at org.testng.SuiteRunner.runTest(SuiteRunner.java:377)
	at org.testng.SuiteRunner.runSequentially(SuiteRunner.java:371)
	at org.testng.SuiteRunner.privateRun(SuiteRunner.java:332)
	at org.testng.SuiteRunner.run(SuiteRunner.java:276)
	at org.testng.SuiteRunnerWorker.runSuite(SuiteRunnerWorker.java:53)
	at org.testng.SuiteRunnerWorker.run(SuiteRunnerWorker.java:96)
	at org.testng.TestNG.runSuitesSequentially(TestNG.java:1212)
	at org.testng.TestNG.runSuitesLocally(TestNG.java:1134)
	at org.testng.TestNG.runSuites(TestNG.java:1063)
	at org.testng.TestNG.run(TestNG.java:1031)
	at org.testng.remote.AbstractRemoteTestNG.run(AbstractRemoteTestNG.java:115)
	at org.testng.remote.RemoteTestNG.initAndRun(RemoteTestNG.java:251)
	at org.testng.remote.RemoteTestNG.main(RemoteTestNG.java:77)
</pre></div></td>
<td>329</td>
<td>dnata.DnataInsurance@212b5695</td></tr>
<tr>
<td title='dnata.DnataInsurance.dnataInsurance()'><b>dnataInsurance</b><br>Test class: dnata.DnataInsurance<br>Parameters: Test Insurance 4, Positive, Verify Individual Insurance with Book Now(Fulfilment)functionality, mo, //dnatauat.quadlabs.net/backoffice/loginggn.aspx, dt, 91269126, Shubham@321, Thrilok Nadha Rachapalli, BusinessTravel, Individual, dxb, Dubai, United Arab Emirates - All Airports (DXB), mus, Muscat, Oman - Seeb (MCT), 22-December-2022, 23-December-2022, Individual, 1, 30-Aug-2019, FOP - Cash, Yes, Yes, dxb, Dubai, United Arab Emirates - All Airports (DXB), mus, Muscat, Oman - Seeb (MCT), Yes, 22-Jan-2023, 24-Jan-2023, Yes, Individual, 1, 20-Aug-2018, Yes, FOP - Cash, 3, Airspace Close,Business Cover,Golf Sports Cover, Book Now, Test, Test, Fulfilment</td>
<td><div><pre>org.openqa.selenium.ElementClickInterceptedException: element click intercepted: Element &lt;a href=&quot;#&quot; ng-click=&quot;ModifyChange(&apos;modify&apos;);&quot; class=&quot;ng-binding&quot;&gt;...&lt;/a&gt; is not clickable at point (762, 54). Other element would receive the click: &lt;div ng-show=&quot;showLoader&quot; class=&quot;showLoader&quot; aria-hidden=&quot;false&quot;&gt;...&lt;/div&gt;
  (Session info: chrome=107.0.5304.107)
Build info: version: &apos;4.1.4&apos;, revision: &apos;535d840ee2&apos;
System info: host: &apos;SHUBHAM&apos;, ip: &apos;192.168.111.71&apos;, os.name: &apos;Windows 10&apos;, os.arch: &apos;amd64&apos;, os.version: &apos;10.0&apos;, java.version: &apos;17.0.1&apos;
Driver info: org.openqa.selenium.chrome.ChromeDriver
Command: [0160238e7c230c6066ce464f89b142bc, clickElement {id=0a61c55b-d840-4398-a1a3-17e0530e7890}]
Capabilities {acceptInsecureCerts: false, browserName: chrome, browserVersion: 107.0.5304.107, chrome: {chromedriverVersion: 106.0.5249.61 (511755355844..., userDataDir: C:\Users\SHUBHA~1.NAT\AppDa...}, goog:chromeOptions: {debuggerAddress: localhost:65366}, javascriptEnabled: true, networkConnectionEnabled: false, pageLoadStrategy: normal, platform: WINDOWS, platformName: WINDOWS, proxy: Proxy(), se:cdp: ws://localhost:65366/devtoo..., se:cdpVersion: 107.0.5304.107, setWindowRect: true, strictFileInteractability: false, timeouts: {implicit: 0, pageLoad: 300000, script: 30000}, unhandledPromptBehavior: dismiss and notify, webauthn:extension:credBlob: true, webauthn:extension:largeBlob: true, webauthn:virtualAuthenticators: true}
Element: [[ChromeDriver: chrome on WINDOWS (0160238e7c230c6066ce464f89b142bc)] -&gt; xpath: //div[@id=&apos;btnModify&apos;]/a]
Session ID: 0160238e7c230c6066ce464f89b142bc
	at org.openqa.selenium.remote.codec.w3c.W3CHttpResponseCodec.createException(W3CHttpResponseCodec.java:200)
	at org.openqa.selenium.remote.codec.w3c.W3CHttpResponseCodec.decode(W3CHttpResponseCodec.java:133)
	at org.openqa.selenium.remote.codec.w3c.W3CHttpResponseCodec.decode(W3CHttpResponseCodec.java:53)
	at org.openqa.selenium.remote.HttpCommandExecutor.execute(HttpCommandExecutor.java:184)
	at org.openqa.selenium.remote.service.DriverCommandExecutor.invokeExecute(DriverCommandExecutor.java:167)
	at org.openqa.selenium.remote.service.DriverCommandExecutor.execute(DriverCommandExecutor.java:142)
	at org.openqa.selenium.remote.RemoteWebDriver.execute(RemoteWebDriver.java:567)
	at org.openqa.selenium.remote.RemoteWebElement.execute(RemoteWebElement.java:251)
	at org.openqa.selenium.remote.RemoteWebElement.click(RemoteWebElement.java:77)
	at utilities.QaRobot.ClickOnElement(QaRobot.java:105)
	at dnata.DnataResultPage.ResultPageForInsurance(DnataResultPage.java:1016)
	at dnata.DnataInsurance.dnataInsurance(DnataInsurance.java:112)
	at java.base/java.util.ArrayList.forEach(ArrayList.java:1511)
... Removed 32 stack frames</pre></div><a href='#' onClick='toggleBox("stack-trace1065087222", this, "Click to show all stack frames", "Click to hide stack frames")'>Click to show all stack frames</a>
<div class='stack-trace' id='stack-trace1065087222'><pre>org.openqa.selenium.ElementClickInterceptedException: element click intercepted: Element &lt;a href=&quot;#&quot; ng-click=&quot;ModifyChange(&apos;modify&apos;);&quot; class=&quot;ng-binding&quot;&gt;...&lt;/a&gt; is not clickable at point (762, 54). Other element would receive the click: &lt;div ng-show=&quot;showLoader&quot; class=&quot;showLoader&quot; aria-hidden=&quot;false&quot;&gt;...&lt;/div&gt;
  (Session info: chrome=107.0.5304.107)
Build info: version: &apos;4.1.4&apos;, revision: &apos;535d840ee2&apos;
System info: host: &apos;SHUBHAM&apos;, ip: &apos;192.168.111.71&apos;, os.name: &apos;Windows 10&apos;, os.arch: &apos;amd64&apos;, os.version: &apos;10.0&apos;, java.version: &apos;17.0.1&apos;
Driver info: org.openqa.selenium.chrome.ChromeDriver
Command: [0160238e7c230c6066ce464f89b142bc, clickElement {id=0a61c55b-d840-4398-a1a3-17e0530e7890}]
Capabilities {acceptInsecureCerts: false, browserName: chrome, browserVersion: 107.0.5304.107, chrome: {chromedriverVersion: 106.0.5249.61 (511755355844..., userDataDir: C:\Users\SHUBHA~1.NAT\AppDa...}, goog:chromeOptions: {debuggerAddress: localhost:65366}, javascriptEnabled: true, networkConnectionEnabled: false, pageLoadStrategy: normal, platform: WINDOWS, platformName: WINDOWS, proxy: Proxy(), se:cdp: ws://localhost:65366/devtoo..., se:cdpVersion: 107.0.5304.107, setWindowRect: true, strictFileInteractability: false, timeouts: {implicit: 0, pageLoad: 300000, script: 30000}, unhandledPromptBehavior: dismiss and notify, webauthn:extension:credBlob: true, webauthn:extension:largeBlob: true, webauthn:virtualAuthenticators: true}
Element: [[ChromeDriver: chrome on WINDOWS (0160238e7c230c6066ce464f89b142bc)] -&gt; xpath: //div[@id=&apos;btnModify&apos;]/a]
Session ID: 0160238e7c230c6066ce464f89b142bc
	at java.base/jdk.internal.reflect.NativeConstructorAccessorImpl.newInstance0(Native Method)
	at java.base/jdk.internal.reflect.NativeConstructorAccessorImpl.newInstance(NativeConstructorAccessorImpl.java:77)
	at java.base/jdk.internal.reflect.DelegatingConstructorAccessorImpl.newInstance(DelegatingConstructorAccessorImpl.java:45)
	at java.base/java.lang.reflect.Constructor.newInstanceWithCaller(Constructor.java:499)
	at java.base/java.lang.reflect.Constructor.newInstance(Constructor.java:480)
	at org.openqa.selenium.remote.codec.w3c.W3CHttpResponseCodec.createException(W3CHttpResponseCodec.java:200)
	at org.openqa.selenium.remote.codec.w3c.W3CHttpResponseCodec.decode(W3CHttpResponseCodec.java:133)
	at org.openqa.selenium.remote.codec.w3c.W3CHttpResponseCodec.decode(W3CHttpResponseCodec.java:53)
	at org.openqa.selenium.remote.HttpCommandExecutor.execute(HttpCommandExecutor.java:184)
	at org.openqa.selenium.remote.service.DriverCommandExecutor.invokeExecute(DriverCommandExecutor.java:167)
	at org.openqa.selenium.remote.service.DriverCommandExecutor.execute(DriverCommandExecutor.java:142)
	at org.openqa.selenium.remote.RemoteWebDriver.execute(RemoteWebDriver.java:567)
	at org.openqa.selenium.remote.RemoteWebElement.execute(RemoteWebElement.java:251)
	at org.openqa.selenium.remote.RemoteWebElement.click(RemoteWebElement.java:77)
	at utilities.QaRobot.ClickOnElement(QaRobot.java:105)
	at dnata.DnataResultPage.ResultPageForInsurance(DnataResultPage.java:1016)
	at dnata.DnataInsurance.dnataInsurance(DnataInsurance.java:112)
	at java.base/jdk.internal.reflect.NativeMethodAccessorImpl.invoke0(Native Method)
	at java.base/jdk.internal.reflect.NativeMethodAccessorImpl.invoke(NativeMethodAccessorImpl.java:77)
	at java.base/jdk.internal.reflect.DelegatingMethodAccessorImpl.invoke(DelegatingMethodAccessorImpl.java:43)
	at java.base/java.lang.reflect.Method.invoke(Method.java:568)
	at org.testng.internal.MethodInvocationHelper.invokeMethod(MethodInvocationHelper.java:133)
	at org.testng.internal.TestInvoker.invokeMethod(TestInvoker.java:598)
	at org.testng.internal.TestInvoker.invokeTestMethod(TestInvoker.java:173)
	at org.testng.internal.MethodRunner.runInSequence(MethodRunner.java:46)
	at org.testng.internal.TestInvoker$MethodInvocationAgent.invoke(TestInvoker.java:824)
	at org.testng.internal.TestInvoker.invokeTestMethods(TestInvoker.java:146)
	at org.testng.internal.TestMethodWorker.invokeTestMethods(TestMethodWorker.java:146)
	at org.testng.internal.TestMethodWorker.run(TestMethodWorker.java:128)
	at java.base/java.util.ArrayList.forEach(ArrayList.java:1511)
	at org.testng.TestRunner.privateRun(TestRunner.java:794)
	at org.testng.TestRunner.run(TestRunner.java:596)
	at org.testng.SuiteRunner.runTest(SuiteRunner.java:377)
	at org.testng.SuiteRunner.runSequentially(SuiteRunner.java:371)
	at org.testng.SuiteRunner.privateRun(SuiteRunner.java:332)
	at org.testng.SuiteRunner.run(SuiteRunner.java:276)
	at org.testng.SuiteRunnerWorker.runSuite(SuiteRunnerWorker.java:53)
	at org.testng.SuiteRunnerWorker.run(SuiteRunnerWorker.java:96)
	at org.testng.TestNG.runSuitesSequentially(TestNG.java:1212)
	at org.testng.TestNG.runSuitesLocally(TestNG.java:1134)
	at org.testng.TestNG.runSuites(TestNG.java:1063)
	at org.testng.TestNG.run(TestNG.java:1031)
	at org.testng.remote.AbstractRemoteTestNG.run(AbstractRemoteTestNG.java:115)
	at org.testng.remote.RemoteTestNG.initAndRun(RemoteTestNG.java:251)
	at org.testng.remote.RemoteTestNG.main(RemoteTestNG.java:77)
</pre></div></td>
<td>77</td>
<td>dnata.DnataInsurance@212b5695</td></tr>
</table><p>
<table width='100%' border='1' class='invocation-passed'>
<tr><td colspan='4' align='center'><b>PASSED TESTS</b></td></tr>
<tr><td><b>Test method</b></td>
<td width="30%"><b>Exception</b></td>
<td width="10%"><b>Time (seconds)</b></td>
<td><b>Instance</b></td>
</tr>
<tr>
<td title='dnata.DnataInsurance.dnataInsurance()'><b>dnataInsurance</b><br>Test class: dnata.DnataInsurance<br>Parameters: Test Insurance 3, Positive, Verify Individual Insurance with Book Now(Quote)functionality, mo, //dnatauat.quadlabs.net/backoffice/loginggn.aspx, dt, 91269126, Shubham@321, Thrilok Nadha Rachapalli, BusinessTravel, Individual, dxb, Dubai, United Arab Emirates - All Airports (DXB), mus, Muscat, Oman - Seeb (MCT), 20-December-2022, 21-December-2022, Individual, 1, 30-Aug-2019, FOP - Cash, Yes, Yes, dxb, Dubai, United Arab Emirates - All Airports (DXB), mus, Muscat, Oman - Seeb (MCT), Yes, 18-Jan-2023, 20-Jan-2023, Yes, Individual, 1, 20-Aug-2018, Yes, FOP - Cash, 3, Airspace Close,Business Cover,Golf Sports Cover, Book Now, Test, Test, Quote</td>
<td></td>
<td>362</td>
<td>dnata.DnataInsurance@212b5695</td></tr>
<tr>
<td title='dnata.DnataInsurance.dnataInsurance()'><b>dnataInsurance</b><br>Test class: dnata.DnataInsurance<br>Parameters: Test Insurance 1, Positive, Verify Individual Insurance with Add to cart functionality, mo, //dnatauat.quadlabs.net/backoffice/loginggn.aspx, dt, 91269126, Shubham@321, Thrilok Nadha Rachapalli, BusinessTravel, Individual, dxb, Dubai, United Arab Emirates - All Airports (DXB), mus, Muscat, Oman - Seeb (MCT), 15-December-2022, 16-December-2022, Individual, 1, 30-Aug-2019, FOP - Cash, Yes, Yes, dxb, Dubai, United Arab Emirates - All Airports (DXB), mus, Muscat, Oman - Seeb (MCT), Yes, 11-Jan-2023, 12-Jan-2023, Yes, Individual, 1, 20-Aug-2018, Yes, FOP - Cash, 3, Airspace Close,Business Cover,Golf Sports Cover, Add to Cart, Test, Test, Fulfilment</td>
<td></td>
<td>405</td>
<td>dnata.DnataInsurance@212b5695</td></tr>
</table><p>
</body>
</html>