<?xml version="1.0" encoding="UTF-8"?>
<!-- Generated by org.testng.reporters.JUnitXMLReporter -->
<testsuite ignored="0" hostname="SHUBHAM" failures="7" tests="9" name="Test" time="1518.652" errors="0" timestamp="2022-11-23T10:45:35 IST">
  <testcase classname="dnata.DnataInsurance" name="dnataInsurance" time="405.354"/>
  <testcase classname="dnata.DnataInsurance" name="dnataInsurance" time="329.609">
    <failure type="java.lang.AssertionError" message="Booking Status expected [Confirmed] but found [Unconfirmed]">
      <![CDATA[java.lang.AssertionError: Booking Status expected [Confirmed] but found [Unconfirmed]
at dnata.DnataConfirmPage.confirmpageInsurance(DnataConfirmPage.java:747)
at dnata.DnataCheckoutPage.individualforInsurance(DnataCheckoutPage.java:2235)
at dnata.DnataResultPage.ResultPageForInsurance(DnataResultPage.java:1314)
at dnata.DnataInsurance.dnataInsurance(DnataInsurance.java:112)
at java.base/java.util.ArrayList.forEach(ArrayList.java:1511)
... Removed 32 stack frames]]>
    </failure>
  </testcase> <!-- dnataInsurance -->
  <testcase classname="dnata.DnataInsurance" name="dnataInsurance" time="362.771"/>
  <testcase classname="dnata.DnataInsurance" name="dnataInsurance" time="77.52">
    <failure type="org.openqa.selenium.ElementClickInterceptedException" message="element click intercepted: Element &amp;lt;a href=&amp;quot;#&amp;quot; ng-click=&amp;quot;ModifyChange(&amp;apos;modify&amp;apos;);&amp;quot; class=&amp;quot;ng-binding&amp;quot;&amp;gt;...&amp;lt;/a&amp;gt; is not clickable at point (762, 54). Other element would receive the click: &amp;lt;div ng-show=&amp;quot;showLoader&amp;quot; class=&amp;quot;showLoader&amp;quot; aria-hidden=&amp;quot;false&amp;quot;&amp;gt;...&amp;lt;/div&amp;gt;
  (Session info: chrome=107.0.5304.107)
Build info: version: &amp;apos;4.1.4&amp;apos;, revision: &amp;apos;535d840ee2&amp;apos;
System info: host: &amp;apos;SHUBHAM&amp;apos;, ip: &amp;apos;192.168.111.71&amp;apos;, os.name: &amp;apos;Windows 10&amp;apos;, os.arch: &amp;apos;amd64&amp;apos;, os.version: &amp;apos;10.0&amp;apos;, java.version: &amp;apos;17.0.1&amp;apos;
Driver info: org.openqa.selenium.chrome.ChromeDriver
Command: [0160238e7c230c6066ce464f89b142bc, clickElement {id=0a61c55b-d840-4398-a1a3-17e0530e7890}]
Capabilities {acceptInsecureCerts: false, browserName: chrome, browserVersion: 107.0.5304.107, chrome: {chromedriverVersion: 106.0.5249.61 (511755355844..., userDataDir: C:\Users\SHUBHA~1.NAT\AppDa...}, goog:chromeOptions: {debuggerAddress: localhost:65366}, javascriptEnabled: true, networkConnectionEnabled: false, pageLoadStrategy: normal, platform: WINDOWS, platformName: WINDOWS, proxy: Proxy(), se:cdp: ws://localhost:65366/devtoo..., se:cdpVersion: 107.0.5304.107, setWindowRect: true, strictFileInteractability: false, timeouts: {implicit: 0, pageLoad: 300000, script: 30000}, unhandledPromptBehavior: dismiss and notify, webauthn:extension:credBlob: true, webauthn:extension:largeBlob: true, webauthn:virtualAuthenticators: true}
Element: [[ChromeDriver: chrome on WINDOWS (0160238e7c230c6066ce464f89b142bc)] -&amp;gt; xpath: //div[@id=&amp;apos;btnModify&amp;apos;]/a]
Session ID: 0160238e7c230c6066ce464f89b142bc">
      <![CDATA[org.openqa.selenium.ElementClickInterceptedException: element click intercepted: Element <a href="#" ng-click="ModifyChange('modify');" class="ng-binding">...</a> is not clickable at point (762, 54). Other element would receive the click: <div ng-show="showLoader" class="showLoader" aria-hidden="false">...</div>
  (Session info: chrome=107.0.5304.107)
Build info: version: '4.1.4', revision: '535d840ee2'
System info: host: 'SHUBHAM', ip: '192.168.111.71', os.name: 'Windows 10', os.arch: 'amd64', os.version: '10.0', java.version: '17.0.1'
Driver info: org.openqa.selenium.chrome.ChromeDriver
Command: [0160238e7c230c6066ce464f89b142bc, clickElement {id=0a61c55b-d840-4398-a1a3-17e0530e7890}]
Capabilities {acceptInsecureCerts: false, browserName: chrome, browserVersion: 107.0.5304.107, chrome: {chromedriverVersion: 106.0.5249.61 (511755355844..., userDataDir: C:\Users\SHUBHA~1.NAT\AppDa...}, goog:chromeOptions: {debuggerAddress: localhost:65366}, javascriptEnabled: true, networkConnectionEnabled: false, pageLoadStrategy: normal, platform: WINDOWS, platformName: WINDOWS, proxy: Proxy(), se:cdp: ws://localhost:65366/devtoo..., se:cdpVersion: 107.0.5304.107, setWindowRect: true, strictFileInteractability: false, timeouts: {implicit: 0, pageLoad: 300000, script: 30000}, unhandledPromptBehavior: dismiss and notify, webauthn:extension:credBlob: true, webauthn:extension:largeBlob: true, webauthn:virtualAuthenticators: true}
Element: [[ChromeDriver: chrome on WINDOWS (0160238e7c230c6066ce464f89b142bc)] -> xpath: //div[@id='btnModify']/a]
Session ID: 0160238e7c230c6066ce464f89b142bc
at org.openqa.selenium.remote.codec.w3c.W3CHttpResponseCodec.createException(W3CHttpResponseCodec.java:200)
at org.openqa.selenium.remote.codec.w3c.W3CHttpResponseCodec.decode(W3CHttpResponseCodec.java:133)
at org.openqa.selenium.remote.codec.w3c.W3CHttpResponseCodec.decode(W3CHttpResponseCodec.java:53)
at org.openqa.selenium.remote.HttpCommandExecutor.execute(HttpCommandExecutor.java:184)
at org.openqa.selenium.remote.service.DriverCommandExecutor.invokeExecute(DriverCommandExecutor.java:167)
at org.openqa.selenium.remote.service.DriverCommandExecutor.execute(DriverCommandExecutor.java:142)
at org.openqa.selenium.remote.RemoteWebDriver.execute(RemoteWebDriver.java:567)
at org.openqa.selenium.remote.RemoteWebElement.execute(RemoteWebElement.java:251)
at org.openqa.selenium.remote.RemoteWebElement.click(RemoteWebElement.java:77)
at utilities.QaRobot.ClickOnElement(QaRobot.java:105)
at dnata.DnataResultPage.ResultPageForInsurance(DnataResultPage.java:1016)
at dnata.DnataInsurance.dnataInsurance(DnataInsurance.java:112)
at java.base/java.util.ArrayList.forEach(ArrayList.java:1511)
... Removed 32 stack frames]]>
    </failure>
  </testcase> <!-- dnataInsurance -->
  <testcase classname="dnata.DnataInsurance" name="dnataInsurance" time="77.146">
    <failure type="java.lang.AssertionError" message="Invalid date provided 32-February-2023 expected [false] but found [true]">
      <![CDATA[java.lang.AssertionError: Invalid date provided 32-February-2023 expected [false] but found [true]
at dnata.DnataTripType.selectDateInCalendarInsurance(DnataTripType.java:1051)
at dnata.DnataTripType.InsuranceTriptype(DnataTripType.java:375)
at dnata.DnataInsurance.dnataInsurance(DnataInsurance.java:109)
at java.base/java.util.ArrayList.forEach(ArrayList.java:1511)
... Removed 30 stack frames]]>
    </failure>
  </testcase> <!-- dnataInsurance -->
  <testcase classname="dnata.DnataInsurance" name="dnataInsurance" time="54.919">
    <failure type="java.lang.AssertionError" message="Invalid date provided 34-December-2022 expected [false] but found [true]">
      <![CDATA[java.lang.AssertionError: Invalid date provided 34-December-2022 expected [false] but found [true]
at dnata.DnataTripType.selectDateInCalendarInsurance(DnataTripType.java:1051)
at dnata.DnataTripType.InsuranceTriptype(DnataTripType.java:375)
at dnata.DnataInsurance.dnataInsurance(DnataInsurance.java:109)
at java.base/java.util.ArrayList.forEach(ArrayList.java:1511)
... Removed 30 stack frames]]>
    </failure>
  </testcase> <!-- dnataInsurance -->
  <testcase classname="dnata.DnataInsurance" name="dnataInsurance" time="48.957">
    <failure type="java.lang.AssertionError" message="Origin And Destination City Code Can&amp;apos;t Be Same expected [false] but found [true]">
      <![CDATA[java.lang.AssertionError: Origin And Destination City Code Can't Be Same expected [false] but found [true]
at dnata.DnataTripType.InsuranceTriptype(DnataTripType.java:361)
at dnata.DnataInsurance.dnataInsurance(DnataInsurance.java:109)
at java.base/java.util.ArrayList.forEach(ArrayList.java:1511)
... Removed 30 stack frames]]>
    </failure>
  </testcase> <!-- dnataInsurance -->
  <testcase classname="dnata.DnataInsurance" name="dnataInsurance" time="52.737">
    <failure type="java.lang.AssertionError" message="Origin And Destination City Location Can&amp;apos;t Be Same expected [false] but found [true]">
      <![CDATA[java.lang.AssertionError: Origin And Destination City Location Can't Be Same expected [false] but found [true]
at dnata.DnataTripType.InsuranceTriptype(DnataTripType.java:362)
at dnata.DnataInsurance.dnataInsurance(DnataInsurance.java:109)
at java.base/java.util.ArrayList.forEach(ArrayList.java:1511)
... Removed 30 stack frames]]>
    </failure>
  </testcase> <!-- dnataInsurance -->
  <testcase classname="dnata.DnataInsurance" name="dnataInsurance" time="105.865">
    <failure type="org.openqa.selenium.NoSuchElementException" message="no such element: Unable to locate element: {&amp;quot;method&amp;quot;:&amp;quot;xpath&amp;quot;,&amp;quot;selector&amp;quot;:&amp;quot;//div[@id=&amp;apos;btnModify&amp;apos;]/a&amp;quot;}
  (Session info: chrome=107.0.5304.107)
For documentation on this error, please visit: https://selenium.dev/exceptions/#no_such_element
Build info: version: &amp;apos;4.1.4&amp;apos;, revision: &amp;apos;535d840ee2&amp;apos;
System info: host: &amp;apos;SHUBHAM&amp;apos;, ip: &amp;apos;192.168.111.71&amp;apos;, os.name: &amp;apos;Windows 10&amp;apos;, os.arch: &amp;apos;amd64&amp;apos;, os.version: &amp;apos;10.0&amp;apos;, java.version: &amp;apos;17.0.1&amp;apos;
Driver info: org.openqa.selenium.chrome.ChromeDriver
Command: [23ffe60bb9ccc83e4487424285106efd, findElement {using=xpath, value=//div[@id=&amp;apos;btnModify&amp;apos;]/a}]
Capabilities {acceptInsecureCerts: false, browserName: chrome, browserVersion: 107.0.5304.107, chrome: {chromedriverVersion: 106.0.5249.61 (511755355844..., userDataDir: C:\Users\SHUBHA~1.NAT\AppDa...}, goog:chromeOptions: {debuggerAddress: localhost:49350}, javascriptEnabled: true, networkConnectionEnabled: false, pageLoadStrategy: normal, platform: WINDOWS, platformName: WINDOWS, proxy: Proxy(), se:cdp: ws://localhost:49350/devtoo..., se:cdpVersion: 107.0.5304.107, setWindowRect: true, strictFileInteractability: false, timeouts: {implicit: 0, pageLoad: 300000, script: 30000}, unhandledPromptBehavior: dismiss and notify, webauthn:extension:credBlob: true, webauthn:extension:largeBlob: true, webauthn:virtualAuthenticators: true}
Session ID: 23ffe60bb9ccc83e4487424285106efd">
      <![CDATA[org.openqa.selenium.NoSuchElementException: no such element: Unable to locate element: {"method":"xpath","selector":"//div[@id='btnModify']/a"}
  (Session info: chrome=107.0.5304.107)
For documentation on this error, please visit: https://selenium.dev/exceptions/#no_such_element
Build info: version: '4.1.4', revision: '535d840ee2'
System info: host: 'SHUBHAM', ip: '192.168.111.71', os.name: 'Windows 10', os.arch: 'amd64', os.version: '10.0', java.version: '17.0.1'
Driver info: org.openqa.selenium.chrome.ChromeDriver
Command: [23ffe60bb9ccc83e4487424285106efd, findElement {using=xpath, value=//div[@id='btnModify']/a}]
Capabilities {acceptInsecureCerts: false, browserName: chrome, browserVersion: 107.0.5304.107, chrome: {chromedriverVersion: 106.0.5249.61 (511755355844..., userDataDir: C:\Users\SHUBHA~1.NAT\AppDa...}, goog:chromeOptions: {debuggerAddress: localhost:49350}, javascriptEnabled: true, networkConnectionEnabled: false, pageLoadStrategy: normal, platform: WINDOWS, platformName: WINDOWS, proxy: Proxy(), se:cdp: ws://localhost:49350/devtoo..., se:cdpVersion: 107.0.5304.107, setWindowRect: true, strictFileInteractability: false, timeouts: {implicit: 0, pageLoad: 300000, script: 30000}, unhandledPromptBehavior: dismiss and notify, webauthn:extension:credBlob: true, webauthn:extension:largeBlob: true, webauthn:virtualAuthenticators: true}
Session ID: 23ffe60bb9ccc83e4487424285106efd
at org.openqa.selenium.remote.codec.w3c.W3CHttpResponseCodec.createException(W3CHttpResponseCodec.java:200)
at org.openqa.selenium.remote.codec.w3c.W3CHttpResponseCodec.decode(W3CHttpResponseCodec.java:133)
at org.openqa.selenium.remote.codec.w3c.W3CHttpResponseCodec.decode(W3CHttpResponseCodec.java:53)
at org.openqa.selenium.remote.HttpCommandExecutor.execute(HttpCommandExecutor.java:184)
at org.openqa.selenium.remote.service.DriverCommandExecutor.invokeExecute(DriverCommandExecutor.java:167)
at org.openqa.selenium.remote.service.DriverCommandExecutor.execute(DriverCommandExecutor.java:142)
at org.openqa.selenium.remote.RemoteWebDriver.execute(RemoteWebDriver.java:567)
at org.openqa.selenium.remote.ElementLocation$ElementFinder$2.findElement(ElementLocation.java:162)
at org.openqa.selenium.remote.ElementLocation.findElement(ElementLocation.java:60)
at org.openqa.selenium.remote.RemoteWebDriver.findElement(RemoteWebDriver.java:385)
at org.openqa.selenium.remote.RemoteWebDriver.findElement(RemoteWebDriver.java:377)
at utilities.QaRobot.getLocator(QaRobot.java:50)
at utilities.QaRobot.getWebElement(QaRobot.java:82)
at utilities.QaRobot.ClickOnElement(QaRobot.java:104)
at dnata.DnataResultPage.ResultPageForInsurance(DnataResultPage.java:1016)
at dnata.DnataInsurance.dnataInsurance(DnataInsurance.java:112)
at java.base/java.util.ArrayList.forEach(ArrayList.java:1511)
... Removed 32 stack frames]]>
    </failure>
  </testcase> <!-- dnataInsurance -->
</testsuite> <!-- Test -->
