<?xml version="1.0" encoding="UTF-8"?>
<testng-results ignored="0" total="5" passed="1" failed="4" skipped="0">
  <reporter-output>
  </reporter-output>
  <suite started-at="2022-11-07T11:09:22 IST" name="Suite" finished-at="2022-11-07T11:18:22 IST" duration-ms="539756">
    <groups>
    </groups>
    <test started-at="2022-11-07T11:09:22 IST" name="Test" finished-at="2022-11-07T11:18:22 IST" duration-ms="539756">
      <class name="dnata.DnataHotel">
        <test-method signature="dnataforhotel(java.lang.String,java.lang.String,java.lang.String,java.lang.String,java.lang.String,java.lang.String,java.lang.String,java.lang.String,java.lang.String,java.lang.String,java.lang.String,java.lang.String,java.lang.String,java.lang.String,java.lang.String,java.lang.String,java.lang.String,java.lang.String,java.lang.String,java.lang.String,java.lang.String,java.lang.String,java.lang.String,java.lang.String,java.lang.String,java.lang.String,java.lang.String,java.lang.String,java.lang.String,java.lang.String,java.lang.String,java.lang.String,java.lang.String,java.lang.String,java.lang.String,java.lang.String,java.lang.String,java.lang.String,java.lang.String,java.lang.String,java.lang.String)[pri:0, instance:dnata.DnataHotel@212b5695]" started-at="2022-11-07T11:09:23 IST" name="dnataforhotel" data-provider="getexceldata" finished-at="2022-11-07T11:11:40 IST" duration-ms="136946" status="FAIL">
          <params>
            <param index="0">
              <value>
                <![CDATA[Test Hotel 39]]>
              </value>
            </param>
            <param index="1">
              <value>
                <![CDATA[Negative]]>
              </value>
            </param>
            <param index="2">
              <value>
                <![CDATA[Verify City code]]>
              </value>
            </param>
            <param index="3">
              <value>
                <![CDATA[mo]]>
              </value>
            </param>
            <param index="4">
              <value>
                <![CDATA[//dnatauat.quadlabs.net/backoffice/loginggn.aspx]]>
              </value>
            </param>
            <param index="5">
              <value>
                <![CDATA[dt]]>
              </value>
            </param>
            <param index="6">
              <value>
                <![CDATA[91269126]]>
              </value>
            </param>
            <param index="7">
              <value>
                <![CDATA[Shubham@321]]>
              </value>
            </param>
            <param index="8">
              <value>
                <![CDATA[Thrilok Nadha Rachapalli]]>
              </value>
            </param>
            <param index="9">
              <value>
                <![CDATA[BusinessTravel]]>
              </value>
            </param>
            <param index="10">
              <value>
                <![CDATA[Individual]]>
              </value>
            </param>
            <param index="11">
              <value>
                <![CDATA[dxk]]>
              </value>
            </param>
            <param index="12">
              <value>
                <![CDATA[Dubai, United Arab Emirates (DXB)]]>
              </value>
            </param>
            <param index="13">
              <value>
                <![CDATA[14-Dec-2022]]>
              </value>
            </param>
            <param index="14">
              <value>
                <![CDATA[17-Dec-2022]]>
              </value>
            </param>
            <param index="15">
              <value>
                <![CDATA[1]]>
              </value>
            </param>
            <param index="16">
              <value>
                <![CDATA[1,1]]>
              </value>
            </param>
            <param index="17">
              <value>
                <![CDATA[1,2]]>
              </value>
            </param>
            <param index="18">
              <value>
                <![CDATA[7,8]]>
              </value>
            </param>
            <param index="19">
              <value>
                <![CDATA[FOP - Cash]]>
              </value>
            </param>
            <param index="20">
              <value>
                <![CDATA[YALAGO]]>
              </value>
            </param>
            <param index="21">
              <value>
                <![CDATA[No]]>
              </value>
            </param>
            <param index="22">
              <value>
                <![CDATA[Yes]]>
              </value>
            </param>
            <param index="23">
              <value>
                <![CDATA[mus]]>
              </value>
            </param>
            <param index="24">
              <value>
                <![CDATA[Muscat, Oman (MCT)]]>
              </value>
            </param>
            <param index="25">
              <value>
                <![CDATA[Yes]]>
              </value>
            </param>
            <param index="26">
              <value>
                <![CDATA[24-Dec-2022]]>
              </value>
            </param>
            <param index="27">
              <value>
                <![CDATA[27-Dec-2022]]>
              </value>
            </param>
            <param index="28">
              <value>
                <![CDATA[Yes]]>
              </value>
            </param>
            <param index="29">
              <value>
                <![CDATA[2]]>
              </value>
            </param>
            <param index="30">
              <value>
                <![CDATA[2,1]]>
              </value>
            </param>
            <param index="31">
              <value>
                <![CDATA[1,2]]>
              </value>
            </param>
            <param index="32">
              <value>
                <![CDATA[5,6]]>
              </value>
            </param>
            <param index="33">
              <value>
                <![CDATA[No]]>
              </value>
            </param>
            <param index="34">
              <value>
                <![CDATA[5 Star]]>
              </value>
            </param>
            <param index="35">
              <value>
                <![CDATA[No]]>
              </value>
            </param>
            <param index="36">
              <value>
                <![CDATA[YALAGO]]>
              </value>
            </param>
            <param index="37">
              <value>
                <![CDATA[Book]]>
              </value>
            </param>
            <param index="38">
              <value>
                <![CDATA[Test]]>
              </value>
            </param>
            <param index="39">
              <value>
                <![CDATA[Test]]>
              </value>
            </param>
            <param index="40">
              <value>
                <![CDATA[Fulfilment]]>
              </value>
            </param>
          </params>
          <exception class="org.openqa.selenium.NoSuchElementException">
            <message>
              <![CDATA[no such element: Unable to locate element: {"method":"xpath","selector":"(//a[@id='htlrm01'])[4]"}
  (Session info: chrome=107.0.5304.88)
For documentation on this error, please visit: https://selenium.dev/exceptions/#no_such_element
Build info: version: '4.1.4', revision: '535d840ee2'
System info: host: 'SHUBHAM', ip: '192.168.111.71', os.name: 'Windows 10', os.arch: 'amd64', os.version: '10.0', java.version: '17.0.1'
Driver info: org.openqa.selenium.chrome.ChromeDriver
Command: [3d7fe2ae90394393d6693d86ae91aadf, findElement {using=xpath, value=(//a[@id='htlrm01'])[4]}]
Capabilities {acceptInsecureCerts: false, browserName: chrome, browserVersion: 107.0.5304.88, chrome: {chromedriverVersion: 106.0.5249.61 (511755355844..., userDataDir: C:\Users\SHUBHA~1.NAT\AppDa...}, goog:chromeOptions: {debuggerAddress: localhost:54784}, javascriptEnabled: true, networkConnectionEnabled: false, pageLoadStrategy: normal, platform: WINDOWS, platformName: WINDOWS, proxy: Proxy(), se:cdp: ws://localhost:54784/devtoo..., se:cdpVersion: 107.0.5304.88, setWindowRect: true, strictFileInteractability: false, timeouts: {implicit: 0, pageLoad: 300000, script: 30000}, unhandledPromptBehavior: dismiss and notify, webauthn:extension:credBlob: true, webauthn:extension:largeBlob: true, webauthn:virtualAuthenticators: true}
Session ID: 3d7fe2ae90394393d6693d86ae91aadf]]>
            </message>
            <full-stacktrace>
              <![CDATA[org.openqa.selenium.NoSuchElementException: no such element: Unable to locate element: {"method":"xpath","selector":"(//a[@id='htlrm01'])[4]"}
  (Session info: chrome=107.0.5304.88)
For documentation on this error, please visit: https://selenium.dev/exceptions/#no_such_element
Build info: version: '4.1.4', revision: '535d840ee2'
System info: host: 'SHUBHAM', ip: '192.168.111.71', os.name: 'Windows 10', os.arch: 'amd64', os.version: '10.0', java.version: '17.0.1'
Driver info: org.openqa.selenium.chrome.ChromeDriver
Command: [3d7fe2ae90394393d6693d86ae91aadf, findElement {using=xpath, value=(//a[@id='htlrm01'])[4]}]
Capabilities {acceptInsecureCerts: false, browserName: chrome, browserVersion: 107.0.5304.88, chrome: {chromedriverVersion: 106.0.5249.61 (511755355844..., userDataDir: C:\Users\SHUBHA~1.NAT\AppDa...}, goog:chromeOptions: {debuggerAddress: localhost:54784}, javascriptEnabled: true, networkConnectionEnabled: false, pageLoadStrategy: normal, platform: WINDOWS, platformName: WINDOWS, proxy: Proxy(), se:cdp: ws://localhost:54784/devtoo..., se:cdpVersion: 107.0.5304.88, setWindowRect: true, strictFileInteractability: false, timeouts: {implicit: 0, pageLoad: 300000, script: 30000}, unhandledPromptBehavior: dismiss and notify, webauthn:extension:credBlob: true, webauthn:extension:largeBlob: true, webauthn:virtualAuthenticators: true}
Session ID: 3d7fe2ae90394393d6693d86ae91aadf
at java.base/jdk.internal.reflect.NativeConstructorAccessorImpl.newInstance0(Native Method)
at java.base/jdk.internal.reflect.NativeConstructorAccessorImpl.newInstance(NativeConstructorAccessorImpl.java:77)
at java.base/jdk.internal.reflect.DelegatingConstructorAccessorImpl.newInstance(DelegatingConstructorAccessorImpl.java:45)
at java.base/java.lang.reflect.Constructor.newInstanceWithCaller(Constructor.java:499)
at java.base/java.lang.reflect.Constructor.newInstance(Constructor.java:480)
at org.openqa.selenium.remote.codec.w3c.W3CHttpResponseCodec.createException(W3CHttpResponseCodec.java:200)
at org.openqa.selenium.remote.codec.w3c.W3CHttpResponseCodec.decode(W3CHttpResponseCodec.java:133)
at org.openqa.selenium.remote.codec.w3c.W3CHttpResponseCodec.decode(W3CHttpResponseCodec.java:53)
at org.openqa.selenium.remote.HttpCommandExecutor.execute(HttpCommandExecutor.java:184)
at org.openqa.selenium.remote.service.DriverCommandExecutor.invokeExecute(DriverCommandExecutor.java:167)
at org.openqa.selenium.remote.service.DriverCommandExecutor.execute(DriverCommandExecutor.java:142)
at org.openqa.selenium.remote.RemoteWebDriver.execute(RemoteWebDriver.java:567)
at org.openqa.selenium.remote.ElementLocation$ElementFinder$2.findElement(ElementLocation.java:162)
at org.openqa.selenium.remote.ElementLocation.findElement(ElementLocation.java:60)
at org.openqa.selenium.remote.RemoteWebDriver.findElement(RemoteWebDriver.java:385)
at org.openqa.selenium.remote.RemoteWebDriver.findElement(RemoteWebDriver.java:377)
at utilities.QaRobot.getLocator(QaRobot.java:51)
at utilities.QaRobot.getWebElement(QaRobot.java:83)
at utilities.QaRobot.ClickOnElement(QaRobot.java:105)
at dnata.DnataResultPage.ResultPageForHotel(DnataResultPage.java:710)
at dnata.DnataHotel.dnataforhotel(DnataHotel.java:110)
at java.base/jdk.internal.reflect.NativeMethodAccessorImpl.invoke0(Native Method)
at java.base/jdk.internal.reflect.NativeMethodAccessorImpl.invoke(NativeMethodAccessorImpl.java:77)
at java.base/jdk.internal.reflect.DelegatingMethodAccessorImpl.invoke(DelegatingMethodAccessorImpl.java:43)
at java.base/java.lang.reflect.Method.invoke(Method.java:568)
at org.testng.internal.MethodInvocationHelper.invokeMethod(MethodInvocationHelper.java:133)
at org.testng.internal.TestInvoker.invokeMethod(TestInvoker.java:598)
at org.testng.internal.TestInvoker.invokeTestMethod(TestInvoker.java:173)
at org.testng.internal.MethodRunner.runInSequence(MethodRunner.java:46)
at org.testng.internal.TestInvoker$MethodInvocationAgent.invoke(TestInvoker.java:824)
at org.testng.internal.TestInvoker.invokeTestMethods(TestInvoker.java:146)
at org.testng.internal.TestMethodWorker.invokeTestMethods(TestMethodWorker.java:146)
at org.testng.internal.TestMethodWorker.run(TestMethodWorker.java:128)
at java.base/java.util.ArrayList.forEach(ArrayList.java:1511)
at org.testng.TestRunner.privateRun(TestRunner.java:794)
at org.testng.TestRunner.run(TestRunner.java:596)
at org.testng.SuiteRunner.runTest(SuiteRunner.java:377)
at org.testng.SuiteRunner.runSequentially(SuiteRunner.java:371)
at org.testng.SuiteRunner.privateRun(SuiteRunner.java:332)
at org.testng.SuiteRunner.run(SuiteRunner.java:276)
at org.testng.SuiteRunnerWorker.runSuite(SuiteRunnerWorker.java:53)
at org.testng.SuiteRunnerWorker.run(SuiteRunnerWorker.java:96)
at org.testng.TestNG.runSuitesSequentially(TestNG.java:1212)
at org.testng.TestNG.runSuitesLocally(TestNG.java:1134)
at org.testng.TestNG.runSuites(TestNG.java:1063)
at org.testng.TestNG.run(TestNG.java:1031)
at org.testng.remote.AbstractRemoteTestNG.run(AbstractRemoteTestNG.java:115)
at org.testng.remote.RemoteTestNG.initAndRun(RemoteTestNG.java:251)
at org.testng.remote.RemoteTestNG.main(RemoteTestNG.java:77)
]]>
            </full-stacktrace>
          </exception> <!-- org.openqa.selenium.NoSuchElementException -->
          <reporter-output>
          </reporter-output>
        </test-method> <!-- dnataforhotel -->
        <test-method is-config="true" signature="afterMetod()[pri:0, instance:dnata.DnataHotel@212b5695]" started-at="2022-11-07T11:11:40 IST" name="afterMetod" finished-at="2022-11-07T11:11:40 IST" duration-ms="225" status="PASS">
          <reporter-output>
          </reporter-output>
        </test-method> <!-- afterMetod -->
        <test-method signature="dnataforhotel(java.lang.String,java.lang.String,java.lang.String,java.lang.String,java.lang.String,java.lang.String,java.lang.String,java.lang.String,java.lang.String,java.lang.String,java.lang.String,java.lang.String,java.lang.String,java.lang.String,java.lang.String,java.lang.String,java.lang.String,java.lang.String,java.lang.String,java.lang.String,java.lang.String,java.lang.String,java.lang.String,java.lang.String,java.lang.String,java.lang.String,java.lang.String,java.lang.String,java.lang.String,java.lang.String,java.lang.String,java.lang.String,java.lang.String,java.lang.String,java.lang.String,java.lang.String,java.lang.String,java.lang.String,java.lang.String,java.lang.String,java.lang.String)[pri:0, instance:dnata.DnataHotel@212b5695]" started-at="2022-11-07T11:11:40 IST" name="dnataforhotel" data-provider="getexceldata" finished-at="2022-11-07T11:15:34 IST" duration-ms="233324" status="PASS">
          <params>
            <param index="0">
              <value>
                <![CDATA[Test Hotel 40]]>
              </value>
            </param>
            <param index="1">
              <value>
                <![CDATA[Negative]]>
              </value>
            </param>
            <param index="2">
              <value>
                <![CDATA[Verify City Name]]>
              </value>
            </param>
            <param index="3">
              <value>
                <![CDATA[mo]]>
              </value>
            </param>
            <param index="4">
              <value>
                <![CDATA[//dnatauat.quadlabs.net/backoffice/loginggn.aspx]]>
              </value>
            </param>
            <param index="5">
              <value>
                <![CDATA[dt]]>
              </value>
            </param>
            <param index="6">
              <value>
                <![CDATA[91269126]]>
              </value>
            </param>
            <param index="7">
              <value>
                <![CDATA[Shubham@321]]>
              </value>
            </param>
            <param index="8">
              <value>
                <![CDATA[Thrilok Nadha Rachapalli]]>
              </value>
            </param>
            <param index="9">
              <value>
                <![CDATA[BusinessTravel]]>
              </value>
            </param>
            <param index="10">
              <value>
                <![CDATA[Individual]]>
              </value>
            </param>
            <param index="11">
              <value>
                <![CDATA[dxb]]>
              </value>
            </param>
            <param index="12">
              <value>
                <![CDATA[Muscat, Oman - Seeb (MCT)]]>
              </value>
            </param>
            <param index="13">
              <value>
                <![CDATA[14-Dec-2022]]>
              </value>
            </param>
            <param index="14">
              <value>
                <![CDATA[17-Dec-2022]]>
              </value>
            </param>
            <param index="15">
              <value>
                <![CDATA[1]]>
              </value>
            </param>
            <param index="16">
              <value>
                <![CDATA[1,1]]>
              </value>
            </param>
            <param index="17">
              <value>
                <![CDATA[1,2]]>
              </value>
            </param>
            <param index="18">
              <value>
                <![CDATA[7,8]]>
              </value>
            </param>
            <param index="19">
              <value>
                <![CDATA[FOP - Cash]]>
              </value>
            </param>
            <param index="20">
              <value>
                <![CDATA[YALAGO]]>
              </value>
            </param>
            <param index="21">
              <value>
                <![CDATA[No]]>
              </value>
            </param>
            <param index="22">
              <value>
                <![CDATA[Yes]]>
              </value>
            </param>
            <param index="23">
              <value>
                <![CDATA[mus]]>
              </value>
            </param>
            <param index="24">
              <value>
                <![CDATA[Muscat, Oman (MCT)]]>
              </value>
            </param>
            <param index="25">
              <value>
                <![CDATA[Yes]]>
              </value>
            </param>
            <param index="26">
              <value>
                <![CDATA[24-Dec-2022]]>
              </value>
            </param>
            <param index="27">
              <value>
                <![CDATA[27-Dec-2022]]>
              </value>
            </param>
            <param index="28">
              <value>
                <![CDATA[Yes]]>
              </value>
            </param>
            <param index="29">
              <value>
                <![CDATA[2]]>
              </value>
            </param>
            <param index="30">
              <value>
                <![CDATA[2,1]]>
              </value>
            </param>
            <param index="31">
              <value>
                <![CDATA[1,2]]>
              </value>
            </param>
            <param index="32">
              <value>
                <![CDATA[5,6]]>
              </value>
            </param>
            <param index="33">
              <value>
                <![CDATA[No]]>
              </value>
            </param>
            <param index="34">
              <value>
                <![CDATA[5 Star]]>
              </value>
            </param>
            <param index="35">
              <value>
                <![CDATA[No]]>
              </value>
            </param>
            <param index="36">
              <value>
                <![CDATA[YALAGO]]>
              </value>
            </param>
            <param index="37">
              <value>
                <![CDATA[Book]]>
              </value>
            </param>
            <param index="38">
              <value>
                <![CDATA[Test]]>
              </value>
            </param>
            <param index="39">
              <value>
                <![CDATA[Test]]>
              </value>
            </param>
            <param index="40">
              <value>
                <![CDATA[Fulfilment]]>
              </value>
            </param>
          </params>
          <reporter-output>
          </reporter-output>
        </test-method> <!-- dnataforhotel -->
        <test-method is-config="true" signature="afterMetod()[pri:0, instance:dnata.DnataHotel@212b5695]" started-at="2022-11-07T11:15:34 IST" name="afterMetod" finished-at="2022-11-07T11:15:34 IST" duration-ms="20" status="PASS">
          <reporter-output>
          </reporter-output>
        </test-method> <!-- afterMetod -->
        <test-method signature="dnataforhotel(java.lang.String,java.lang.String,java.lang.String,java.lang.String,java.lang.String,java.lang.String,java.lang.String,java.lang.String,java.lang.String,java.lang.String,java.lang.String,java.lang.String,java.lang.String,java.lang.String,java.lang.String,java.lang.String,java.lang.String,java.lang.String,java.lang.String,java.lang.String,java.lang.String,java.lang.String,java.lang.String,java.lang.String,java.lang.String,java.lang.String,java.lang.String,java.lang.String,java.lang.String,java.lang.String,java.lang.String,java.lang.String,java.lang.String,java.lang.String,java.lang.String,java.lang.String,java.lang.String,java.lang.String,java.lang.String,java.lang.String,java.lang.String)[pri:0, instance:dnata.DnataHotel@212b5695]" started-at="2022-11-07T11:15:34 IST" name="dnataforhotel" data-provider="getexceldata" finished-at="2022-11-07T11:16:28 IST" duration-ms="54112" status="FAIL">
          <params>
            <param index="0">
              <value>
                <![CDATA[Test Hotel 41]]>
              </value>
            </param>
            <param index="1">
              <value>
                <![CDATA[Negative]]>
              </value>
            </param>
            <param index="2">
              <value>
                <![CDATA[Verify provide past date  in Check In]]>
              </value>
            </param>
            <param index="3">
              <value>
                <![CDATA[mo]]>
              </value>
            </param>
            <param index="4">
              <value>
                <![CDATA[//dnatauat.quadlabs.net/backoffice/loginggn.aspx]]>
              </value>
            </param>
            <param index="5">
              <value>
                <![CDATA[dt]]>
              </value>
            </param>
            <param index="6">
              <value>
                <![CDATA[91269126]]>
              </value>
            </param>
            <param index="7">
              <value>
                <![CDATA[Shubham@321]]>
              </value>
            </param>
            <param index="8">
              <value>
                <![CDATA[Thrilok Nadha Rachapalli]]>
              </value>
            </param>
            <param index="9">
              <value>
                <![CDATA[BusinessTravel]]>
              </value>
            </param>
            <param index="10">
              <value>
                <![CDATA[Individual]]>
              </value>
            </param>
            <param index="11">
              <value>
                <![CDATA[dxb]]>
              </value>
            </param>
            <param index="12">
              <value>
                <![CDATA[Dubai, United Arab Emirates (DXB)]]>
              </value>
            </param>
            <param index="13">
              <value>
                <![CDATA[14-Oct-2022]]>
              </value>
            </param>
            <param index="14">
              <value>
                <![CDATA[17-Nov-2022]]>
              </value>
            </param>
            <param index="15">
              <value>
                <![CDATA[1]]>
              </value>
            </param>
            <param index="16">
              <value>
                <![CDATA[1,1]]>
              </value>
            </param>
            <param index="17">
              <value>
                <![CDATA[1,2]]>
              </value>
            </param>
            <param index="18">
              <value>
                <![CDATA[7,8]]>
              </value>
            </param>
            <param index="19">
              <value>
                <![CDATA[FOP - Cash]]>
              </value>
            </param>
            <param index="20">
              <value>
                <![CDATA[YALAGO]]>
              </value>
            </param>
            <param index="21">
              <value>
                <![CDATA[No]]>
              </value>
            </param>
            <param index="22">
              <value>
                <![CDATA[Yes]]>
              </value>
            </param>
            <param index="23">
              <value>
                <![CDATA[mus]]>
              </value>
            </param>
            <param index="24">
              <value>
                <![CDATA[Muscat, Oman (MCT)]]>
              </value>
            </param>
            <param index="25">
              <value>
                <![CDATA[Yes]]>
              </value>
            </param>
            <param index="26">
              <value>
                <![CDATA[24-Dec-2022]]>
              </value>
            </param>
            <param index="27">
              <value>
                <![CDATA[27-Dec-2022]]>
              </value>
            </param>
            <param index="28">
              <value>
                <![CDATA[Yes]]>
              </value>
            </param>
            <param index="29">
              <value>
                <![CDATA[2]]>
              </value>
            </param>
            <param index="30">
              <value>
                <![CDATA[2,1]]>
              </value>
            </param>
            <param index="31">
              <value>
                <![CDATA[1,2]]>
              </value>
            </param>
            <param index="32">
              <value>
                <![CDATA[5,6]]>
              </value>
            </param>
            <param index="33">
              <value>
                <![CDATA[No]]>
              </value>
            </param>
            <param index="34">
              <value>
                <![CDATA[5 Star]]>
              </value>
            </param>
            <param index="35">
              <value>
                <![CDATA[No]]>
              </value>
            </param>
            <param index="36">
              <value>
                <![CDATA[YALAGO]]>
              </value>
            </param>
            <param index="37">
              <value>
                <![CDATA[Book]]>
              </value>
            </param>
            <param index="38">
              <value>
                <![CDATA[Test]]>
              </value>
            </param>
            <param index="39">
              <value>
                <![CDATA[Test]]>
              </value>
            </param>
            <param index="40">
              <value>
                <![CDATA[Fulfilment]]>
              </value>
            </param>
          </params>
          <exception class="dnata.DnataExceptionClass">
            <message>
              <![CDATA[Invalid date provided 14-Oct-2022]]>
            </message>
            <full-stacktrace>
              <![CDATA[dnata.DnataExceptionClass: Invalid date provided 14-Oct-2022
at dnata.DnataTripType.selectDateInCalendarHotel(DnataTripType.java:886)
at dnata.DnataTripType.hotelTrip(DnataTripType.java:248)
at dnata.DnataHotel.dnataforhotel(DnataHotel.java:108)
at java.base/jdk.internal.reflect.NativeMethodAccessorImpl.invoke0(Native Method)
at java.base/jdk.internal.reflect.NativeMethodAccessorImpl.invoke(NativeMethodAccessorImpl.java:77)
at java.base/jdk.internal.reflect.DelegatingMethodAccessorImpl.invoke(DelegatingMethodAccessorImpl.java:43)
at java.base/java.lang.reflect.Method.invoke(Method.java:568)
at org.testng.internal.MethodInvocationHelper.invokeMethod(MethodInvocationHelper.java:133)
at org.testng.internal.TestInvoker.invokeMethod(TestInvoker.java:598)
at org.testng.internal.TestInvoker.invokeTestMethod(TestInvoker.java:173)
at org.testng.internal.MethodRunner.runInSequence(MethodRunner.java:46)
at org.testng.internal.TestInvoker$MethodInvocationAgent.invoke(TestInvoker.java:824)
at org.testng.internal.TestInvoker.invokeTestMethods(TestInvoker.java:146)
at org.testng.internal.TestMethodWorker.invokeTestMethods(TestMethodWorker.java:146)
at org.testng.internal.TestMethodWorker.run(TestMethodWorker.java:128)
at java.base/java.util.ArrayList.forEach(ArrayList.java:1511)
at org.testng.TestRunner.privateRun(TestRunner.java:794)
at org.testng.TestRunner.run(TestRunner.java:596)
at org.testng.SuiteRunner.runTest(SuiteRunner.java:377)
at org.testng.SuiteRunner.runSequentially(SuiteRunner.java:371)
at org.testng.SuiteRunner.privateRun(SuiteRunner.java:332)
at org.testng.SuiteRunner.run(SuiteRunner.java:276)
at org.testng.SuiteRunnerWorker.runSuite(SuiteRunnerWorker.java:53)
at org.testng.SuiteRunnerWorker.run(SuiteRunnerWorker.java:96)
at org.testng.TestNG.runSuitesSequentially(TestNG.java:1212)
at org.testng.TestNG.runSuitesLocally(TestNG.java:1134)
at org.testng.TestNG.runSuites(TestNG.java:1063)
at org.testng.TestNG.run(TestNG.java:1031)
at org.testng.remote.AbstractRemoteTestNG.run(AbstractRemoteTestNG.java:115)
at org.testng.remote.RemoteTestNG.initAndRun(RemoteTestNG.java:251)
at org.testng.remote.RemoteTestNG.main(RemoteTestNG.java:77)
]]>
            </full-stacktrace>
          </exception> <!-- dnata.DnataExceptionClass -->
          <reporter-output>
          </reporter-output>
        </test-method> <!-- dnataforhotel -->
        <test-method is-config="true" signature="afterMetod()[pri:0, instance:dnata.DnataHotel@212b5695]" started-at="2022-11-07T11:16:28 IST" name="afterMetod" finished-at="2022-11-07T11:16:28 IST" duration-ms="18" status="PASS">
          <reporter-output>
          </reporter-output>
        </test-method> <!-- afterMetod -->
        <test-method signature="dnataforhotel(java.lang.String,java.lang.String,java.lang.String,java.lang.String,java.lang.String,java.lang.String,java.lang.String,java.lang.String,java.lang.String,java.lang.String,java.lang.String,java.lang.String,java.lang.String,java.lang.String,java.lang.String,java.lang.String,java.lang.String,java.lang.String,java.lang.String,java.lang.String,java.lang.String,java.lang.String,java.lang.String,java.lang.String,java.lang.String,java.lang.String,java.lang.String,java.lang.String,java.lang.String,java.lang.String,java.lang.String,java.lang.String,java.lang.String,java.lang.String,java.lang.String,java.lang.String,java.lang.String,java.lang.String,java.lang.String,java.lang.String,java.lang.String)[pri:0, instance:dnata.DnataHotel@212b5695]" started-at="2022-11-07T11:16:28 IST" name="dnataforhotel" data-provider="getexceldata" finished-at="2022-11-07T11:17:27 IST" duration-ms="58755" status="FAIL">
          <params>
            <param index="0">
              <value>
                <![CDATA[Test Hotel 42]]>
              </value>
            </param>
            <param index="1">
              <value>
                <![CDATA[Negative]]>
              </value>
            </param>
            <param index="2">
              <value>
                <![CDATA[Verify provide past date in Check out ]]>
              </value>
            </param>
            <param index="3">
              <value>
                <![CDATA[mo]]>
              </value>
            </param>
            <param index="4">
              <value>
                <![CDATA[//dnatauat.quadlabs.net/backoffice/loginggn.aspx]]>
              </value>
            </param>
            <param index="5">
              <value>
                <![CDATA[dt]]>
              </value>
            </param>
            <param index="6">
              <value>
                <![CDATA[91269126]]>
              </value>
            </param>
            <param index="7">
              <value>
                <![CDATA[Shubham@321]]>
              </value>
            </param>
            <param index="8">
              <value>
                <![CDATA[Thrilok Nadha Rachapalli]]>
              </value>
            </param>
            <param index="9">
              <value>
                <![CDATA[BusinessTravel]]>
              </value>
            </param>
            <param index="10">
              <value>
                <![CDATA[Individual]]>
              </value>
            </param>
            <param index="11">
              <value>
                <![CDATA[dxb]]>
              </value>
            </param>
            <param index="12">
              <value>
                <![CDATA[Dubai, United Arab Emirates (DXB)]]>
              </value>
            </param>
            <param index="13">
              <value>
                <![CDATA[14-Dec-2022]]>
              </value>
            </param>
            <param index="14">
              <value>
                <![CDATA[17-Oct-2022]]>
              </value>
            </param>
            <param index="15">
              <value>
                <![CDATA[1]]>
              </value>
            </param>
            <param index="16">
              <value>
                <![CDATA[1,1]]>
              </value>
            </param>
            <param index="17">
              <value>
                <![CDATA[1,2]]>
              </value>
            </param>
            <param index="18">
              <value>
                <![CDATA[7,8]]>
              </value>
            </param>
            <param index="19">
              <value>
                <![CDATA[FOP - Cash]]>
              </value>
            </param>
            <param index="20">
              <value>
                <![CDATA[YALAGO]]>
              </value>
            </param>
            <param index="21">
              <value>
                <![CDATA[No]]>
              </value>
            </param>
            <param index="22">
              <value>
                <![CDATA[Yes]]>
              </value>
            </param>
            <param index="23">
              <value>
                <![CDATA[mus]]>
              </value>
            </param>
            <param index="24">
              <value>
                <![CDATA[Muscat, Oman (MCT)]]>
              </value>
            </param>
            <param index="25">
              <value>
                <![CDATA[Yes]]>
              </value>
            </param>
            <param index="26">
              <value>
                <![CDATA[24-Dec-2022]]>
              </value>
            </param>
            <param index="27">
              <value>
                <![CDATA[27-Dec-2022]]>
              </value>
            </param>
            <param index="28">
              <value>
                <![CDATA[Yes]]>
              </value>
            </param>
            <param index="29">
              <value>
                <![CDATA[2]]>
              </value>
            </param>
            <param index="30">
              <value>
                <![CDATA[2,1]]>
              </value>
            </param>
            <param index="31">
              <value>
                <![CDATA[1,2]]>
              </value>
            </param>
            <param index="32">
              <value>
                <![CDATA[5,6]]>
              </value>
            </param>
            <param index="33">
              <value>
                <![CDATA[No]]>
              </value>
            </param>
            <param index="34">
              <value>
                <![CDATA[5 Star]]>
              </value>
            </param>
            <param index="35">
              <value>
                <![CDATA[No]]>
              </value>
            </param>
            <param index="36">
              <value>
                <![CDATA[YALAGO]]>
              </value>
            </param>
            <param index="37">
              <value>
                <![CDATA[Book]]>
              </value>
            </param>
            <param index="38">
              <value>
                <![CDATA[Test]]>
              </value>
            </param>
            <param index="39">
              <value>
                <![CDATA[Test]]>
              </value>
            </param>
            <param index="40">
              <value>
                <![CDATA[Fulfilment]]>
              </value>
            </param>
          </params>
          <exception class="dnata.DnataExceptionClass">
            <message>
              <![CDATA[Invalid Check out date provided 17-Oct-2022]]>
            </message>
            <full-stacktrace>
              <![CDATA[dnata.DnataExceptionClass: Invalid Check out date provided 17-Oct-2022
at dnata.DnataTripType.selectDateInCalendarHotel(DnataTripType.java:922)
at dnata.DnataTripType.hotelTrip(DnataTripType.java:248)
at dnata.DnataHotel.dnataforhotel(DnataHotel.java:108)
at java.base/jdk.internal.reflect.NativeMethodAccessorImpl.invoke0(Native Method)
at java.base/jdk.internal.reflect.NativeMethodAccessorImpl.invoke(NativeMethodAccessorImpl.java:77)
at java.base/jdk.internal.reflect.DelegatingMethodAccessorImpl.invoke(DelegatingMethodAccessorImpl.java:43)
at java.base/java.lang.reflect.Method.invoke(Method.java:568)
at org.testng.internal.MethodInvocationHelper.invokeMethod(MethodInvocationHelper.java:133)
at org.testng.internal.TestInvoker.invokeMethod(TestInvoker.java:598)
at org.testng.internal.TestInvoker.invokeTestMethod(TestInvoker.java:173)
at org.testng.internal.MethodRunner.runInSequence(MethodRunner.java:46)
at org.testng.internal.TestInvoker$MethodInvocationAgent.invoke(TestInvoker.java:824)
at org.testng.internal.TestInvoker.invokeTestMethods(TestInvoker.java:146)
at org.testng.internal.TestMethodWorker.invokeTestMethods(TestMethodWorker.java:146)
at org.testng.internal.TestMethodWorker.run(TestMethodWorker.java:128)
at java.base/java.util.ArrayList.forEach(ArrayList.java:1511)
at org.testng.TestRunner.privateRun(TestRunner.java:794)
at org.testng.TestRunner.run(TestRunner.java:596)
at org.testng.SuiteRunner.runTest(SuiteRunner.java:377)
at org.testng.SuiteRunner.runSequentially(SuiteRunner.java:371)
at org.testng.SuiteRunner.privateRun(SuiteRunner.java:332)
at org.testng.SuiteRunner.run(SuiteRunner.java:276)
at org.testng.SuiteRunnerWorker.runSuite(SuiteRunnerWorker.java:53)
at org.testng.SuiteRunnerWorker.run(SuiteRunnerWorker.java:96)
at org.testng.TestNG.runSuitesSequentially(TestNG.java:1212)
at org.testng.TestNG.runSuitesLocally(TestNG.java:1134)
at org.testng.TestNG.runSuites(TestNG.java:1063)
at org.testng.TestNG.run(TestNG.java:1031)
at org.testng.remote.AbstractRemoteTestNG.run(AbstractRemoteTestNG.java:115)
at org.testng.remote.RemoteTestNG.initAndRun(RemoteTestNG.java:251)
at org.testng.remote.RemoteTestNG.main(RemoteTestNG.java:77)
]]>
            </full-stacktrace>
          </exception> <!-- dnata.DnataExceptionClass -->
          <reporter-output>
          </reporter-output>
        </test-method> <!-- dnataforhotel -->
        <test-method is-config="true" signature="afterMetod()[pri:0, instance:dnata.DnataHotel@212b5695]" started-at="2022-11-07T11:17:27 IST" name="afterMetod" finished-at="2022-11-07T11:17:27 IST" duration-ms="17" status="PASS">
          <reporter-output>
          </reporter-output>
        </test-method> <!-- afterMetod -->
        <test-method signature="dnataforhotel(java.lang.String,java.lang.String,java.lang.String,java.lang.String,java.lang.String,java.lang.String,java.lang.String,java.lang.String,java.lang.String,java.lang.String,java.lang.String,java.lang.String,java.lang.String,java.lang.String,java.lang.String,java.lang.String,java.lang.String,java.lang.String,java.lang.String,java.lang.String,java.lang.String,java.lang.String,java.lang.String,java.lang.String,java.lang.String,java.lang.String,java.lang.String,java.lang.String,java.lang.String,java.lang.String,java.lang.String,java.lang.String,java.lang.String,java.lang.String,java.lang.String,java.lang.String,java.lang.String,java.lang.String,java.lang.String,java.lang.String,java.lang.String)[pri:0, instance:dnata.DnataHotel@212b5695]" started-at="2022-11-07T11:17:27 IST" name="dnataforhotel" data-provider="getexceldata" finished-at="2022-11-07T11:18:21 IST" duration-ms="54147" status="FAIL">
          <params>
            <param index="0">
              <value>
                <![CDATA[Test Hotel 43]]>
              </value>
            </param>
            <param index="1">
              <value>
                <![CDATA[Negative]]>
              </value>
            </param>
            <param index="2">
              <value>
                <![CDATA[Verify rooms greater than 5 by providing 6]]>
              </value>
            </param>
            <param index="3">
              <value>
                <![CDATA[mo]]>
              </value>
            </param>
            <param index="4">
              <value>
                <![CDATA[//dnatauat.quadlabs.net/backoffice/loginggn.aspx]]>
              </value>
            </param>
            <param index="5">
              <value>
                <![CDATA[dt]]>
              </value>
            </param>
            <param index="6">
              <value>
                <![CDATA[91269126]]>
              </value>
            </param>
            <param index="7">
              <value>
                <![CDATA[Shubham@321]]>
              </value>
            </param>
            <param index="8">
              <value>
                <![CDATA[Thrilok Nadha Rachapalli]]>
              </value>
            </param>
            <param index="9">
              <value>
                <![CDATA[BusinessTravel]]>
              </value>
            </param>
            <param index="10">
              <value>
                <![CDATA[Individual]]>
              </value>
            </param>
            <param index="11">
              <value>
                <![CDATA[dxb]]>
              </value>
            </param>
            <param index="12">
              <value>
                <![CDATA[Dubai, United Arab Emirates (DXB)]]>
              </value>
            </param>
            <param index="13">
              <value>
                <![CDATA[14-Dec-2022]]>
              </value>
            </param>
            <param index="14">
              <value>
                <![CDATA[17-Dec-2022]]>
              </value>
            </param>
            <param index="15">
              <value>
                <![CDATA[6]]>
              </value>
            </param>
            <param index="16">
              <value>
                <![CDATA[1,1]]>
              </value>
            </param>
            <param index="17">
              <value>
                <![CDATA[1,2]]>
              </value>
            </param>
            <param index="18">
              <value>
                <![CDATA[7,8]]>
              </value>
            </param>
            <param index="19">
              <value>
                <![CDATA[FOP - Cash]]>
              </value>
            </param>
            <param index="20">
              <value>
                <![CDATA[YALAGO]]>
              </value>
            </param>
            <param index="21">
              <value>
                <![CDATA[No]]>
              </value>
            </param>
            <param index="22">
              <value>
                <![CDATA[Yes]]>
              </value>
            </param>
            <param index="23">
              <value>
                <![CDATA[mus]]>
              </value>
            </param>
            <param index="24">
              <value>
                <![CDATA[Muscat, Oman (MCT)]]>
              </value>
            </param>
            <param index="25">
              <value>
                <![CDATA[Yes]]>
              </value>
            </param>
            <param index="26">
              <value>
                <![CDATA[24-Dec-2022]]>
              </value>
            </param>
            <param index="27">
              <value>
                <![CDATA[27-Dec-2022]]>
              </value>
            </param>
            <param index="28">
              <value>
                <![CDATA[Yes]]>
              </value>
            </param>
            <param index="29">
              <value>
                <![CDATA[2]]>
              </value>
            </param>
            <param index="30">
              <value>
                <![CDATA[2,1]]>
              </value>
            </param>
            <param index="31">
              <value>
                <![CDATA[1,2]]>
              </value>
            </param>
            <param index="32">
              <value>
                <![CDATA[5,6]]>
              </value>
            </param>
            <param index="33">
              <value>
                <![CDATA[No]]>
              </value>
            </param>
            <param index="34">
              <value>
                <![CDATA[5 Star]]>
              </value>
            </param>
            <param index="35">
              <value>
                <![CDATA[No]]>
              </value>
            </param>
            <param index="36">
              <value>
                <![CDATA[YALAGO]]>
              </value>
            </param>
            <param index="37">
              <value>
                <![CDATA[Book]]>
              </value>
            </param>
            <param index="38">
              <value>
                <![CDATA[Test]]>
              </value>
            </param>
            <param index="39">
              <value>
                <![CDATA[Test]]>
              </value>
            </param>
            <param index="40">
              <value>
                <![CDATA[Fulfilment]]>
              </value>
            </param>
          </params>
          <exception class="org.openqa.selenium.NoSuchElementException">
            <message>
              <![CDATA[Cannot locate option with index: 1
For documentation on this error, please visit: https://selenium.dev/exceptions/#no_such_element
Build info: version: '4.1.4', revision: '535d840ee2'
System info: host: 'SHUBHAM', ip: '192.168.111.71', os.name: 'Windows 10', os.arch: 'amd64', os.version: '10.0', java.version: '17.0.1'
Driver info: driver.version: unknown]]>
            </message>
            <full-stacktrace>
              <![CDATA[org.openqa.selenium.NoSuchElementException: Cannot locate option with index: 1
For documentation on this error, please visit: https://selenium.dev/exceptions/#no_such_element
Build info: version: '4.1.4', revision: '535d840ee2'
System info: host: 'SHUBHAM', ip: '192.168.111.71', os.name: 'Windows 10', os.arch: 'amd64', os.version: '10.0', java.version: '17.0.1'
Driver info: driver.version: unknown
at org.openqa.selenium.support.ui.Select.setSelectedByIndex(Select.java:301)
at org.openqa.selenium.support.ui.Select.selectByIndex(Select.java:176)
at dnata.DnataHotel.dnataforhotel(DnataHotel.java:105)
at java.base/jdk.internal.reflect.NativeMethodAccessorImpl.invoke0(Native Method)
at java.base/jdk.internal.reflect.NativeMethodAccessorImpl.invoke(NativeMethodAccessorImpl.java:77)
at java.base/jdk.internal.reflect.DelegatingMethodAccessorImpl.invoke(DelegatingMethodAccessorImpl.java:43)
at java.base/java.lang.reflect.Method.invoke(Method.java:568)
at org.testng.internal.MethodInvocationHelper.invokeMethod(MethodInvocationHelper.java:133)
at org.testng.internal.TestInvoker.invokeMethod(TestInvoker.java:598)
at org.testng.internal.TestInvoker.invokeTestMethod(TestInvoker.java:173)
at org.testng.internal.MethodRunner.runInSequence(MethodRunner.java:46)
at org.testng.internal.TestInvoker$MethodInvocationAgent.invoke(TestInvoker.java:824)
at org.testng.internal.TestInvoker.invokeTestMethods(TestInvoker.java:146)
at org.testng.internal.TestMethodWorker.invokeTestMethods(TestMethodWorker.java:146)
at org.testng.internal.TestMethodWorker.run(TestMethodWorker.java:128)
at java.base/java.util.ArrayList.forEach(ArrayList.java:1511)
at org.testng.TestRunner.privateRun(TestRunner.java:794)
at org.testng.TestRunner.run(TestRunner.java:596)
at org.testng.SuiteRunner.runTest(SuiteRunner.java:377)
at org.testng.SuiteRunner.runSequentially(SuiteRunner.java:371)
at org.testng.SuiteRunner.privateRun(SuiteRunner.java:332)
at org.testng.SuiteRunner.run(SuiteRunner.java:276)
at org.testng.SuiteRunnerWorker.runSuite(SuiteRunnerWorker.java:53)
at org.testng.SuiteRunnerWorker.run(SuiteRunnerWorker.java:96)
at org.testng.TestNG.runSuitesSequentially(TestNG.java:1212)
at org.testng.TestNG.runSuitesLocally(TestNG.java:1134)
at org.testng.TestNG.runSuites(TestNG.java:1063)
at org.testng.TestNG.run(TestNG.java:1031)
at org.testng.remote.AbstractRemoteTestNG.run(AbstractRemoteTestNG.java:115)
at org.testng.remote.RemoteTestNG.initAndRun(RemoteTestNG.java:251)
at org.testng.remote.RemoteTestNG.main(RemoteTestNG.java:77)
]]>
            </full-stacktrace>
          </exception> <!-- org.openqa.selenium.NoSuchElementException -->
          <reporter-output>
          </reporter-output>
        </test-method> <!-- dnataforhotel -->
        <test-method is-config="true" signature="afterMetod()[pri:0, instance:dnata.DnataHotel@212b5695]" started-at="2022-11-07T11:18:22 IST" name="afterMetod" finished-at="2022-11-07T11:18:22 IST" duration-ms="16" status="PASS">
          <reporter-output>
          </reporter-output>
        </test-method> <!-- afterMetod -->
      </class> <!-- dnata.DnataHotel -->
    </test> <!-- Test -->
  </suite> <!-- Suite -->
</testng-results>
