<?xml version="1.0" encoding="UTF-8"?>
<testng-results ignored="0" total="9" passed="2" failed="7" skipped="0">
  <reporter-output>
  </reporter-output>
  <suite started-at="2022-11-23T10:20:16 IST" name="Suite" finished-at="2022-11-23T10:45:35 IST" duration-ms="1518652">
    <groups>
    </groups>
    <test started-at="2022-11-23T10:20:16 IST" name="Test" finished-at="2022-11-23T10:45:35 IST" duration-ms="1518652">
      <class name="dnata.DnataInsurance">
        <test-method signature="dnataInsurance(java.lang.String,java.lang.String,java.lang.String,java.lang.String,java.lang.String,java.lang.String,java.lang.String,java.lang.String,java.lang.String,java.lang.String,java.lang.String,java.lang.String,java.lang.String,java.lang.String,java.lang.String,java.lang.String,java.lang.String,java.lang.String,java.lang.String,java.lang.String,java.lang.String,java.lang.String,java.lang.String,java.lang.String,java.lang.String,java.lang.String,java.lang.String,java.lang.String,java.lang.String,java.lang.String,java.lang.String,java.lang.String,java.lang.String,java.lang.String,java.lang.String,java.lang.String,java.lang.String,java.lang.String,java.lang.String,java.lang.String,java.lang.String,java.lang.String)[pri:0, instance:dnata.DnataInsurance@212b5695]" started-at="2022-11-23T10:20:17 IST" name="dnataInsurance" data-provider="getexceldata" finished-at="2022-11-23T10:27:02 IST" duration-ms="405354" status="PASS">
          <params>
            <param index="0">
              <value>
                <![CDATA[Test Insurance 1]]>
              </value>
            </param>
            <param index="1">
              <value>
                <![CDATA[Positive]]>
              </value>
            </param>
            <param index="2">
              <value>
                <![CDATA[Verify Individual Insurance with Add to cart functionality]]>
              </value>
            </param>
            <param index="3">
              <value>
                <![CDATA[mo]]>
              </value>
            </param>
            <param index="4">
              <value>
                <![CDATA[//dnatauat.quadlabs.net/backoffice/loginggn.aspx]]>
              </value>
            </param>
            <param index="5">
              <value>
                <![CDATA[dt]]>
              </value>
            </param>
            <param index="6">
              <value>
                <![CDATA[91269126]]>
              </value>
            </param>
            <param index="7">
              <value>
                <![CDATA[Shubham@321]]>
              </value>
            </param>
            <param index="8">
              <value>
                <![CDATA[Thrilok Nadha Rachapalli]]>
              </value>
            </param>
            <param index="9">
              <value>
                <![CDATA[BusinessTravel]]>
              </value>
            </param>
            <param index="10">
              <value>
                <![CDATA[Individual]]>
              </value>
            </param>
            <param index="11">
              <value>
                <![CDATA[dxb]]>
              </value>
            </param>
            <param index="12">
              <value>
                <![CDATA[Dubai, United Arab Emirates - All Airports (DXB)]]>
              </value>
            </param>
            <param index="13">
              <value>
                <![CDATA[mus]]>
              </value>
            </param>
            <param index="14">
              <value>
                <![CDATA[Muscat, Oman - Seeb (MCT)]]>
              </value>
            </param>
            <param index="15">
              <value>
                <![CDATA[15-December-2022]]>
              </value>
            </param>
            <param index="16">
              <value>
                <![CDATA[16-December-2022]]>
              </value>
            </param>
            <param index="17">
              <value>
                <![CDATA[Individual]]>
              </value>
            </param>
            <param index="18">
              <value>
                <![CDATA[1]]>
              </value>
            </param>
            <param index="19">
              <value>
                <![CDATA[30-Aug-2019]]>
              </value>
            </param>
            <param index="20">
              <value>
                <![CDATA[FOP - Cash]]>
              </value>
            </param>
            <param index="21">
              <value>
                <![CDATA[Yes]]>
              </value>
            </param>
            <param index="22">
              <value>
                <![CDATA[Yes]]>
              </value>
            </param>
            <param index="23">
              <value>
                <![CDATA[dxb]]>
              </value>
            </param>
            <param index="24">
              <value>
                <![CDATA[Dubai, United Arab Emirates - All Airports (DXB)]]>
              </value>
            </param>
            <param index="25">
              <value>
                <![CDATA[mus]]>
              </value>
            </param>
            <param index="26">
              <value>
                <![CDATA[Muscat, Oman - Seeb (MCT)]]>
              </value>
            </param>
            <param index="27">
              <value>
                <![CDATA[Yes]]>
              </value>
            </param>
            <param index="28">
              <value>
                <![CDATA[11-Jan-2023]]>
              </value>
            </param>
            <param index="29">
              <value>
                <![CDATA[12-Jan-2023]]>
              </value>
            </param>
            <param index="30">
              <value>
                <![CDATA[Yes]]>
              </value>
            </param>
            <param index="31">
              <value>
                <![CDATA[Individual]]>
              </value>
            </param>
            <param index="32">
              <value>
                <![CDATA[1]]>
              </value>
            </param>
            <param index="33">
              <value>
                <![CDATA[20-Aug-2018]]>
              </value>
            </param>
            <param index="34">
              <value>
                <![CDATA[Yes]]>
              </value>
            </param>
            <param index="35">
              <value>
                <![CDATA[FOP - Cash]]>
              </value>
            </param>
            <param index="36">
              <value>
                <![CDATA[3]]>
              </value>
            </param>
            <param index="37">
              <value>
                <![CDATA[Airspace Close,Business Cover,Golf Sports Cover]]>
              </value>
            </param>
            <param index="38">
              <value>
                <![CDATA[Add to Cart]]>
              </value>
            </param>
            <param index="39">
              <value>
                <![CDATA[Test]]>
              </value>
            </param>
            <param index="40">
              <value>
                <![CDATA[Test]]>
              </value>
            </param>
            <param index="41">
              <value>
                <![CDATA[Fulfilment]]>
              </value>
            </param>
          </params>
          <reporter-output>
          </reporter-output>
        </test-method> <!-- dnataInsurance -->
        <test-method is-config="true" signature="afterMethod()[pri:0, instance:dnata.DnataInsurance@212b5695]" started-at="2022-11-23T10:27:02 IST" name="afterMethod" finished-at="2022-11-23T10:27:03 IST" duration-ms="222" status="PASS">
          <reporter-output>
          </reporter-output>
        </test-method> <!-- afterMethod -->
        <test-method signature="dnataInsurance(java.lang.String,java.lang.String,java.lang.String,java.lang.String,java.lang.String,java.lang.String,java.lang.String,java.lang.String,java.lang.String,java.lang.String,java.lang.String,java.lang.String,java.lang.String,java.lang.String,java.lang.String,java.lang.String,java.lang.String,java.lang.String,java.lang.String,java.lang.String,java.lang.String,java.lang.String,java.lang.String,java.lang.String,java.lang.String,java.lang.String,java.lang.String,java.lang.String,java.lang.String,java.lang.String,java.lang.String,java.lang.String,java.lang.String,java.lang.String,java.lang.String,java.lang.String,java.lang.String,java.lang.String,java.lang.String,java.lang.String,java.lang.String,java.lang.String)[pri:0, instance:dnata.DnataInsurance@212b5695]" started-at="2022-11-23T10:27:03 IST" name="dnataInsurance" data-provider="getexceldata" finished-at="2022-11-23T10:32:32 IST" duration-ms="329609" status="FAIL">
          <params>
            <param index="0">
              <value>
                <![CDATA[Test Insurance 2]]>
              </value>
            </param>
            <param index="1">
              <value>
                <![CDATA[Positive]]>
              </value>
            </param>
            <param index="2">
              <value>
                <![CDATA[Verify Individual Insurance with SendQuote functionality]]>
              </value>
            </param>
            <param index="3">
              <value>
                <![CDATA[mo]]>
              </value>
            </param>
            <param index="4">
              <value>
                <![CDATA[//dnatauat.quadlabs.net/backoffice/loginggn.aspx]]>
              </value>
            </param>
            <param index="5">
              <value>
                <![CDATA[dt]]>
              </value>
            </param>
            <param index="6">
              <value>
                <![CDATA[91269126]]>
              </value>
            </param>
            <param index="7">
              <value>
                <![CDATA[Shubham@321]]>
              </value>
            </param>
            <param index="8">
              <value>
                <![CDATA[Thrilok Nadha Rachapalli]]>
              </value>
            </param>
            <param index="9">
              <value>
                <![CDATA[BusinessTravel]]>
              </value>
            </param>
            <param index="10">
              <value>
                <![CDATA[Individual]]>
              </value>
            </param>
            <param index="11">
              <value>
                <![CDATA[dxb]]>
              </value>
            </param>
            <param index="12">
              <value>
                <![CDATA[Dubai, United Arab Emirates - All Airports (DXB)]]>
              </value>
            </param>
            <param index="13">
              <value>
                <![CDATA[mus]]>
              </value>
            </param>
            <param index="14">
              <value>
                <![CDATA[Muscat, Oman - Seeb (MCT)]]>
              </value>
            </param>
            <param index="15">
              <value>
                <![CDATA[17-December-2022]]>
              </value>
            </param>
            <param index="16">
              <value>
                <![CDATA[18-December-2022]]>
              </value>
            </param>
            <param index="17">
              <value>
                <![CDATA[Individual]]>
              </value>
            </param>
            <param index="18">
              <value>
                <![CDATA[1]]>
              </value>
            </param>
            <param index="19">
              <value>
                <![CDATA[30-Aug-2019]]>
              </value>
            </param>
            <param index="20">
              <value>
                <![CDATA[FOP - Cash]]>
              </value>
            </param>
            <param index="21">
              <value>
                <![CDATA[Yes]]>
              </value>
            </param>
            <param index="22">
              <value>
                <![CDATA[Yes]]>
              </value>
            </param>
            <param index="23">
              <value>
                <![CDATA[dxb]]>
              </value>
            </param>
            <param index="24">
              <value>
                <![CDATA[Dubai, United Arab Emirates - All Airports (DXB)]]>
              </value>
            </param>
            <param index="25">
              <value>
                <![CDATA[mus]]>
              </value>
            </param>
            <param index="26">
              <value>
                <![CDATA[Muscat, Oman - Seeb (MCT)]]>
              </value>
            </param>
            <param index="27">
              <value>
                <![CDATA[Yes]]>
              </value>
            </param>
            <param index="28">
              <value>
                <![CDATA[14-Jan-2023]]>
              </value>
            </param>
            <param index="29">
              <value>
                <![CDATA[16-Jan-2023]]>
              </value>
            </param>
            <param index="30">
              <value>
                <![CDATA[Yes]]>
              </value>
            </param>
            <param index="31">
              <value>
                <![CDATA[Individual]]>
              </value>
            </param>
            <param index="32">
              <value>
                <![CDATA[1]]>
              </value>
            </param>
            <param index="33">
              <value>
                <![CDATA[20-Aug-2018]]>
              </value>
            </param>
            <param index="34">
              <value>
                <![CDATA[Yes]]>
              </value>
            </param>
            <param index="35">
              <value>
                <![CDATA[FOP - Cash]]>
              </value>
            </param>
            <param index="36">
              <value>
                <![CDATA[3]]>
              </value>
            </param>
            <param index="37">
              <value>
                <![CDATA[Airspace Close,Business Cover,Golf Sports Cover]]>
              </value>
            </param>
            <param index="38">
              <value>
                <![CDATA[Send Quote]]>
              </value>
            </param>
            <param index="39">
              <value>
                <![CDATA[Test]]>
              </value>
            </param>
            <param index="40">
              <value>
                <![CDATA[Test]]>
              </value>
            </param>
            <param index="41">
              <value>
                <![CDATA[Fulfilment]]>
              </value>
            </param>
          </params>
          <exception class="java.lang.AssertionError">
            <message>
              <![CDATA[Booking Status expected [Confirmed] but found [Unconfirmed]]]>
            </message>
            <full-stacktrace>
              <![CDATA[java.lang.AssertionError: Booking Status expected [Confirmed] but found [Unconfirmed]
at org.testng.Assert.fail(Assert.java:99)
at org.testng.Assert.failNotEquals(Assert.java:1037)
at org.testng.Assert.assertEqualsImpl(Assert.java:140)
at org.testng.Assert.assertEquals(Assert.java:122)
at org.testng.Assert.assertEquals(Assert.java:629)
at dnata.DnataConfirmPage.confirmpageInsurance(DnataConfirmPage.java:747)
at dnata.DnataCheckoutPage.individualforInsurance(DnataCheckoutPage.java:2235)
at dnata.DnataResultPage.ResultPageForInsurance(DnataResultPage.java:1314)
at dnata.DnataInsurance.dnataInsurance(DnataInsurance.java:112)
at java.base/jdk.internal.reflect.NativeMethodAccessorImpl.invoke0(Native Method)
at java.base/jdk.internal.reflect.NativeMethodAccessorImpl.invoke(NativeMethodAccessorImpl.java:77)
at java.base/jdk.internal.reflect.DelegatingMethodAccessorImpl.invoke(DelegatingMethodAccessorImpl.java:43)
at java.base/java.lang.reflect.Method.invoke(Method.java:568)
at org.testng.internal.MethodInvocationHelper.invokeMethod(MethodInvocationHelper.java:133)
at org.testng.internal.TestInvoker.invokeMethod(TestInvoker.java:598)
at org.testng.internal.TestInvoker.invokeTestMethod(TestInvoker.java:173)
at org.testng.internal.MethodRunner.runInSequence(MethodRunner.java:46)
at org.testng.internal.TestInvoker$MethodInvocationAgent.invoke(TestInvoker.java:824)
at org.testng.internal.TestInvoker.invokeTestMethods(TestInvoker.java:146)
at org.testng.internal.TestMethodWorker.invokeTestMethods(TestMethodWorker.java:146)
at org.testng.internal.TestMethodWorker.run(TestMethodWorker.java:128)
at java.base/java.util.ArrayList.forEach(ArrayList.java:1511)
at org.testng.TestRunner.privateRun(TestRunner.java:794)
at org.testng.TestRunner.run(TestRunner.java:596)
at org.testng.SuiteRunner.runTest(SuiteRunner.java:377)
at org.testng.SuiteRunner.runSequentially(SuiteRunner.java:371)
at org.testng.SuiteRunner.privateRun(SuiteRunner.java:332)
at org.testng.SuiteRunner.run(SuiteRunner.java:276)
at org.testng.SuiteRunnerWorker.runSuite(SuiteRunnerWorker.java:53)
at org.testng.SuiteRunnerWorker.run(SuiteRunnerWorker.java:96)
at org.testng.TestNG.runSuitesSequentially(TestNG.java:1212)
at org.testng.TestNG.runSuitesLocally(TestNG.java:1134)
at org.testng.TestNG.runSuites(TestNG.java:1063)
at org.testng.TestNG.run(TestNG.java:1031)
at org.testng.remote.AbstractRemoteTestNG.run(AbstractRemoteTestNG.java:115)
at org.testng.remote.RemoteTestNG.initAndRun(RemoteTestNG.java:251)
at org.testng.remote.RemoteTestNG.main(RemoteTestNG.java:77)
]]>
            </full-stacktrace>
          </exception> <!-- java.lang.AssertionError -->
          <reporter-output>
          </reporter-output>
        </test-method> <!-- dnataInsurance -->
        <test-method is-config="true" signature="afterMethod()[pri:0, instance:dnata.DnataInsurance@212b5695]" started-at="2022-11-23T10:32:32 IST" name="afterMethod" finished-at="2022-11-23T10:32:32 IST" duration-ms="28" status="PASS">
          <reporter-output>
          </reporter-output>
        </test-method> <!-- afterMethod -->
        <test-method signature="dnataInsurance(java.lang.String,java.lang.String,java.lang.String,java.lang.String,java.lang.String,java.lang.String,java.lang.String,java.lang.String,java.lang.String,java.lang.String,java.lang.String,java.lang.String,java.lang.String,java.lang.String,java.lang.String,java.lang.String,java.lang.String,java.lang.String,java.lang.String,java.lang.String,java.lang.String,java.lang.String,java.lang.String,java.lang.String,java.lang.String,java.lang.String,java.lang.String,java.lang.String,java.lang.String,java.lang.String,java.lang.String,java.lang.String,java.lang.String,java.lang.String,java.lang.String,java.lang.String,java.lang.String,java.lang.String,java.lang.String,java.lang.String,java.lang.String,java.lang.String)[pri:0, instance:dnata.DnataInsurance@212b5695]" started-at="2022-11-23T10:32:32 IST" name="dnataInsurance" data-provider="getexceldata" finished-at="2022-11-23T10:38:35 IST" duration-ms="362771" status="PASS">
          <params>
            <param index="0">
              <value>
                <![CDATA[Test Insurance 3]]>
              </value>
            </param>
            <param index="1">
              <value>
                <![CDATA[Positive]]>
              </value>
            </param>
            <param index="2">
              <value>
                <![CDATA[Verify Individual Insurance with Book Now(Quote)functionality]]>
              </value>
            </param>
            <param index="3">
              <value>
                <![CDATA[mo]]>
              </value>
            </param>
            <param index="4">
              <value>
                <![CDATA[//dnatauat.quadlabs.net/backoffice/loginggn.aspx]]>
              </value>
            </param>
            <param index="5">
              <value>
                <![CDATA[dt]]>
              </value>
            </param>
            <param index="6">
              <value>
                <![CDATA[91269126]]>
              </value>
            </param>
            <param index="7">
              <value>
                <![CDATA[Shubham@321]]>
              </value>
            </param>
            <param index="8">
              <value>
                <![CDATA[Thrilok Nadha Rachapalli]]>
              </value>
            </param>
            <param index="9">
              <value>
                <![CDATA[BusinessTravel]]>
              </value>
            </param>
            <param index="10">
              <value>
                <![CDATA[Individual]]>
              </value>
            </param>
            <param index="11">
              <value>
                <![CDATA[dxb]]>
              </value>
            </param>
            <param index="12">
              <value>
                <![CDATA[Dubai, United Arab Emirates - All Airports (DXB)]]>
              </value>
            </param>
            <param index="13">
              <value>
                <![CDATA[mus]]>
              </value>
            </param>
            <param index="14">
              <value>
                <![CDATA[Muscat, Oman - Seeb (MCT)]]>
              </value>
            </param>
            <param index="15">
              <value>
                <![CDATA[20-December-2022]]>
              </value>
            </param>
            <param index="16">
              <value>
                <![CDATA[21-December-2022]]>
              </value>
            </param>
            <param index="17">
              <value>
                <![CDATA[Individual]]>
              </value>
            </param>
            <param index="18">
              <value>
                <![CDATA[1]]>
              </value>
            </param>
            <param index="19">
              <value>
                <![CDATA[30-Aug-2019]]>
              </value>
            </param>
            <param index="20">
              <value>
                <![CDATA[FOP - Cash]]>
              </value>
            </param>
            <param index="21">
              <value>
                <![CDATA[Yes]]>
              </value>
            </param>
            <param index="22">
              <value>
                <![CDATA[Yes]]>
              </value>
            </param>
            <param index="23">
              <value>
                <![CDATA[dxb]]>
              </value>
            </param>
            <param index="24">
              <value>
                <![CDATA[Dubai, United Arab Emirates - All Airports (DXB)]]>
              </value>
            </param>
            <param index="25">
              <value>
                <![CDATA[mus]]>
              </value>
            </param>
            <param index="26">
              <value>
                <![CDATA[Muscat, Oman - Seeb (MCT)]]>
              </value>
            </param>
            <param index="27">
              <value>
                <![CDATA[Yes]]>
              </value>
            </param>
            <param index="28">
              <value>
                <![CDATA[18-Jan-2023]]>
              </value>
            </param>
            <param index="29">
              <value>
                <![CDATA[20-Jan-2023]]>
              </value>
            </param>
            <param index="30">
              <value>
                <![CDATA[Yes]]>
              </value>
            </param>
            <param index="31">
              <value>
                <![CDATA[Individual]]>
              </value>
            </param>
            <param index="32">
              <value>
                <![CDATA[1]]>
              </value>
            </param>
            <param index="33">
              <value>
                <![CDATA[20-Aug-2018]]>
              </value>
            </param>
            <param index="34">
              <value>
                <![CDATA[Yes]]>
              </value>
            </param>
            <param index="35">
              <value>
                <![CDATA[FOP - Cash]]>
              </value>
            </param>
            <param index="36">
              <value>
                <![CDATA[3]]>
              </value>
            </param>
            <param index="37">
              <value>
                <![CDATA[Airspace Close,Business Cover,Golf Sports Cover]]>
              </value>
            </param>
            <param index="38">
              <value>
                <![CDATA[Book Now]]>
              </value>
            </param>
            <param index="39">
              <value>
                <![CDATA[Test]]>
              </value>
            </param>
            <param index="40">
              <value>
                <![CDATA[Test]]>
              </value>
            </param>
            <param index="41">
              <value>
                <![CDATA[Quote]]>
              </value>
            </param>
          </params>
          <reporter-output>
          </reporter-output>
        </test-method> <!-- dnataInsurance -->
        <test-method is-config="true" signature="afterMethod()[pri:0, instance:dnata.DnataInsurance@212b5695]" started-at="2022-11-23T10:38:35 IST" name="afterMethod" finished-at="2022-11-23T10:38:35 IST" duration-ms="18" status="PASS">
          <reporter-output>
          </reporter-output>
        </test-method> <!-- afterMethod -->
        <test-method signature="dnataInsurance(java.lang.String,java.lang.String,java.lang.String,java.lang.String,java.lang.String,java.lang.String,java.lang.String,java.lang.String,java.lang.String,java.lang.String,java.lang.String,java.lang.String,java.lang.String,java.lang.String,java.lang.String,java.lang.String,java.lang.String,java.lang.String,java.lang.String,java.lang.String,java.lang.String,java.lang.String,java.lang.String,java.lang.String,java.lang.String,java.lang.String,java.lang.String,java.lang.String,java.lang.String,java.lang.String,java.lang.String,java.lang.String,java.lang.String,java.lang.String,java.lang.String,java.lang.String,java.lang.String,java.lang.String,java.lang.String,java.lang.String,java.lang.String,java.lang.String)[pri:0, instance:dnata.DnataInsurance@212b5695]" started-at="2022-11-23T10:38:35 IST" name="dnataInsurance" data-provider="getexceldata" finished-at="2022-11-23T10:39:53 IST" duration-ms="77520" status="FAIL">
          <params>
            <param index="0">
              <value>
                <![CDATA[Test Insurance 4]]>
              </value>
            </param>
            <param index="1">
              <value>
                <![CDATA[Positive]]>
              </value>
            </param>
            <param index="2">
              <value>
                <![CDATA[Verify Individual Insurance with Book Now(Fulfilment)functionality]]>
              </value>
            </param>
            <param index="3">
              <value>
                <![CDATA[mo]]>
              </value>
            </param>
            <param index="4">
              <value>
                <![CDATA[//dnatauat.quadlabs.net/backoffice/loginggn.aspx]]>
              </value>
            </param>
            <param index="5">
              <value>
                <![CDATA[dt]]>
              </value>
            </param>
            <param index="6">
              <value>
                <![CDATA[91269126]]>
              </value>
            </param>
            <param index="7">
              <value>
                <![CDATA[Shubham@321]]>
              </value>
            </param>
            <param index="8">
              <value>
                <![CDATA[Thrilok Nadha Rachapalli]]>
              </value>
            </param>
            <param index="9">
              <value>
                <![CDATA[BusinessTravel]]>
              </value>
            </param>
            <param index="10">
              <value>
                <![CDATA[Individual]]>
              </value>
            </param>
            <param index="11">
              <value>
                <![CDATA[dxb]]>
              </value>
            </param>
            <param index="12">
              <value>
                <![CDATA[Dubai, United Arab Emirates - All Airports (DXB)]]>
              </value>
            </param>
            <param index="13">
              <value>
                <![CDATA[mus]]>
              </value>
            </param>
            <param index="14">
              <value>
                <![CDATA[Muscat, Oman - Seeb (MCT)]]>
              </value>
            </param>
            <param index="15">
              <value>
                <![CDATA[22-December-2022]]>
              </value>
            </param>
            <param index="16">
              <value>
                <![CDATA[23-December-2022]]>
              </value>
            </param>
            <param index="17">
              <value>
                <![CDATA[Individual]]>
              </value>
            </param>
            <param index="18">
              <value>
                <![CDATA[1]]>
              </value>
            </param>
            <param index="19">
              <value>
                <![CDATA[30-Aug-2019]]>
              </value>
            </param>
            <param index="20">
              <value>
                <![CDATA[FOP - Cash]]>
              </value>
            </param>
            <param index="21">
              <value>
                <![CDATA[Yes]]>
              </value>
            </param>
            <param index="22">
              <value>
                <![CDATA[Yes]]>
              </value>
            </param>
            <param index="23">
              <value>
                <![CDATA[dxb]]>
              </value>
            </param>
            <param index="24">
              <value>
                <![CDATA[Dubai, United Arab Emirates - All Airports (DXB)]]>
              </value>
            </param>
            <param index="25">
              <value>
                <![CDATA[mus]]>
              </value>
            </param>
            <param index="26">
              <value>
                <![CDATA[Muscat, Oman - Seeb (MCT)]]>
              </value>
            </param>
            <param index="27">
              <value>
                <![CDATA[Yes]]>
              </value>
            </param>
            <param index="28">
              <value>
                <![CDATA[22-Jan-2023]]>
              </value>
            </param>
            <param index="29">
              <value>
                <![CDATA[24-Jan-2023]]>
              </value>
            </param>
            <param index="30">
              <value>
                <![CDATA[Yes]]>
              </value>
            </param>
            <param index="31">
              <value>
                <![CDATA[Individual]]>
              </value>
            </param>
            <param index="32">
              <value>
                <![CDATA[1]]>
              </value>
            </param>
            <param index="33">
              <value>
                <![CDATA[20-Aug-2018]]>
              </value>
            </param>
            <param index="34">
              <value>
                <![CDATA[Yes]]>
              </value>
            </param>
            <param index="35">
              <value>
                <![CDATA[FOP - Cash]]>
              </value>
            </param>
            <param index="36">
              <value>
                <![CDATA[3]]>
              </value>
            </param>
            <param index="37">
              <value>
                <![CDATA[Airspace Close,Business Cover,Golf Sports Cover]]>
              </value>
            </param>
            <param index="38">
              <value>
                <![CDATA[Book Now]]>
              </value>
            </param>
            <param index="39">
              <value>
                <![CDATA[Test]]>
              </value>
            </param>
            <param index="40">
              <value>
                <![CDATA[Test]]>
              </value>
            </param>
            <param index="41">
              <value>
                <![CDATA[Fulfilment]]>
              </value>
            </param>
          </params>
          <exception class="org.openqa.selenium.ElementClickInterceptedException">
            <message>
              <![CDATA[element click intercepted: Element <a href="#" ng-click="ModifyChange('modify');" class="ng-binding">...</a> is not clickable at point (762, 54). Other element would receive the click: <div ng-show="showLoader" class="showLoader" aria-hidden="false">...</div>
  (Session info: chrome=107.0.5304.107)
Build info: version: '4.1.4', revision: '535d840ee2'
System info: host: 'SHUBHAM', ip: '192.168.111.71', os.name: 'Windows 10', os.arch: 'amd64', os.version: '10.0', java.version: '17.0.1'
Driver info: org.openqa.selenium.chrome.ChromeDriver
Command: [0160238e7c230c6066ce464f89b142bc, clickElement {id=0a61c55b-d840-4398-a1a3-17e0530e7890}]
Capabilities {acceptInsecureCerts: false, browserName: chrome, browserVersion: 107.0.5304.107, chrome: {chromedriverVersion: 106.0.5249.61 (511755355844..., userDataDir: C:\Users\SHUBHA~1.NAT\AppDa...}, goog:chromeOptions: {debuggerAddress: localhost:65366}, javascriptEnabled: true, networkConnectionEnabled: false, pageLoadStrategy: normal, platform: WINDOWS, platformName: WINDOWS, proxy: Proxy(), se:cdp: ws://localhost:65366/devtoo..., se:cdpVersion: 107.0.5304.107, setWindowRect: true, strictFileInteractability: false, timeouts: {implicit: 0, pageLoad: 300000, script: 30000}, unhandledPromptBehavior: dismiss and notify, webauthn:extension:credBlob: true, webauthn:extension:largeBlob: true, webauthn:virtualAuthenticators: true}
Element: [[ChromeDriver: chrome on WINDOWS (0160238e7c230c6066ce464f89b142bc)] -> xpath: //div[@id='btnModify']/a]
Session ID: 0160238e7c230c6066ce464f89b142bc]]>
            </message>
            <full-stacktrace>
              <![CDATA[org.openqa.selenium.ElementClickInterceptedException: element click intercepted: Element <a href="#" ng-click="ModifyChange('modify');" class="ng-binding">...</a> is not clickable at point (762, 54). Other element would receive the click: <div ng-show="showLoader" class="showLoader" aria-hidden="false">...</div>
  (Session info: chrome=107.0.5304.107)
Build info: version: '4.1.4', revision: '535d840ee2'
System info: host: 'SHUBHAM', ip: '192.168.111.71', os.name: 'Windows 10', os.arch: 'amd64', os.version: '10.0', java.version: '17.0.1'
Driver info: org.openqa.selenium.chrome.ChromeDriver
Command: [0160238e7c230c6066ce464f89b142bc, clickElement {id=0a61c55b-d840-4398-a1a3-17e0530e7890}]
Capabilities {acceptInsecureCerts: false, browserName: chrome, browserVersion: 107.0.5304.107, chrome: {chromedriverVersion: 106.0.5249.61 (511755355844..., userDataDir: C:\Users\SHUBHA~1.NAT\AppDa...}, goog:chromeOptions: {debuggerAddress: localhost:65366}, javascriptEnabled: true, networkConnectionEnabled: false, pageLoadStrategy: normal, platform: WINDOWS, platformName: WINDOWS, proxy: Proxy(), se:cdp: ws://localhost:65366/devtoo..., se:cdpVersion: 107.0.5304.107, setWindowRect: true, strictFileInteractability: false, timeouts: {implicit: 0, pageLoad: 300000, script: 30000}, unhandledPromptBehavior: dismiss and notify, webauthn:extension:credBlob: true, webauthn:extension:largeBlob: true, webauthn:virtualAuthenticators: true}
Element: [[ChromeDriver: chrome on WINDOWS (0160238e7c230c6066ce464f89b142bc)] -> xpath: //div[@id='btnModify']/a]
Session ID: 0160238e7c230c6066ce464f89b142bc
at java.base/jdk.internal.reflect.NativeConstructorAccessorImpl.newInstance0(Native Method)
at java.base/jdk.internal.reflect.NativeConstructorAccessorImpl.newInstance(NativeConstructorAccessorImpl.java:77)
at java.base/jdk.internal.reflect.DelegatingConstructorAccessorImpl.newInstance(DelegatingConstructorAccessorImpl.java:45)
at java.base/java.lang.reflect.Constructor.newInstanceWithCaller(Constructor.java:499)
at java.base/java.lang.reflect.Constructor.newInstance(Constructor.java:480)
at org.openqa.selenium.remote.codec.w3c.W3CHttpResponseCodec.createException(W3CHttpResponseCodec.java:200)
at org.openqa.selenium.remote.codec.w3c.W3CHttpResponseCodec.decode(W3CHttpResponseCodec.java:133)
at org.openqa.selenium.remote.codec.w3c.W3CHttpResponseCodec.decode(W3CHttpResponseCodec.java:53)
at org.openqa.selenium.remote.HttpCommandExecutor.execute(HttpCommandExecutor.java:184)
at org.openqa.selenium.remote.service.DriverCommandExecutor.invokeExecute(DriverCommandExecutor.java:167)
at org.openqa.selenium.remote.service.DriverCommandExecutor.execute(DriverCommandExecutor.java:142)
at org.openqa.selenium.remote.RemoteWebDriver.execute(RemoteWebDriver.java:567)
at org.openqa.selenium.remote.RemoteWebElement.execute(RemoteWebElement.java:251)
at org.openqa.selenium.remote.RemoteWebElement.click(RemoteWebElement.java:77)
at utilities.QaRobot.ClickOnElement(QaRobot.java:105)
at dnata.DnataResultPage.ResultPageForInsurance(DnataResultPage.java:1016)
at dnata.DnataInsurance.dnataInsurance(DnataInsurance.java:112)
at java.base/jdk.internal.reflect.NativeMethodAccessorImpl.invoke0(Native Method)
at java.base/jdk.internal.reflect.NativeMethodAccessorImpl.invoke(NativeMethodAccessorImpl.java:77)
at java.base/jdk.internal.reflect.DelegatingMethodAccessorImpl.invoke(DelegatingMethodAccessorImpl.java:43)
at java.base/java.lang.reflect.Method.invoke(Method.java:568)
at org.testng.internal.MethodInvocationHelper.invokeMethod(MethodInvocationHelper.java:133)
at org.testng.internal.TestInvoker.invokeMethod(TestInvoker.java:598)
at org.testng.internal.TestInvoker.invokeTestMethod(TestInvoker.java:173)
at org.testng.internal.MethodRunner.runInSequence(MethodRunner.java:46)
at org.testng.internal.TestInvoker$MethodInvocationAgent.invoke(TestInvoker.java:824)
at org.testng.internal.TestInvoker.invokeTestMethods(TestInvoker.java:146)
at org.testng.internal.TestMethodWorker.invokeTestMethods(TestMethodWorker.java:146)
at org.testng.internal.TestMethodWorker.run(TestMethodWorker.java:128)
at java.base/java.util.ArrayList.forEach(ArrayList.java:1511)
at org.testng.TestRunner.privateRun(TestRunner.java:794)
at org.testng.TestRunner.run(TestRunner.java:596)
at org.testng.SuiteRunner.runTest(SuiteRunner.java:377)
at org.testng.SuiteRunner.runSequentially(SuiteRunner.java:371)
at org.testng.SuiteRunner.privateRun(SuiteRunner.java:332)
at org.testng.SuiteRunner.run(SuiteRunner.java:276)
at org.testng.SuiteRunnerWorker.runSuite(SuiteRunnerWorker.java:53)
at org.testng.SuiteRunnerWorker.run(SuiteRunnerWorker.java:96)
at org.testng.TestNG.runSuitesSequentially(TestNG.java:1212)
at org.testng.TestNG.runSuitesLocally(TestNG.java:1134)
at org.testng.TestNG.runSuites(TestNG.java:1063)
at org.testng.TestNG.run(TestNG.java:1031)
at org.testng.remote.AbstractRemoteTestNG.run(AbstractRemoteTestNG.java:115)
at org.testng.remote.RemoteTestNG.initAndRun(RemoteTestNG.java:251)
at org.testng.remote.RemoteTestNG.main(RemoteTestNG.java:77)
]]>
            </full-stacktrace>
          </exception> <!-- org.openqa.selenium.ElementClickInterceptedException -->
          <reporter-output>
          </reporter-output>
        </test-method> <!-- dnataInsurance -->
        <test-method is-config="true" signature="afterMethod()[pri:0, instance:dnata.DnataInsurance@212b5695]" started-at="2022-11-23T10:39:53 IST" name="afterMethod" finished-at="2022-11-23T10:39:53 IST" duration-ms="22" status="PASS">
          <reporter-output>
          </reporter-output>
        </test-method> <!-- afterMethod -->
        <test-method signature="dnataInsurance(java.lang.String,java.lang.String,java.lang.String,java.lang.String,java.lang.String,java.lang.String,java.lang.String,java.lang.String,java.lang.String,java.lang.String,java.lang.String,java.lang.String,java.lang.String,java.lang.String,java.lang.String,java.lang.String,java.lang.String,java.lang.String,java.lang.String,java.lang.String,java.lang.String,java.lang.String,java.lang.String,java.lang.String,java.lang.String,java.lang.String,java.lang.String,java.lang.String,java.lang.String,java.lang.String,java.lang.String,java.lang.String,java.lang.String,java.lang.String,java.lang.String,java.lang.String,java.lang.String,java.lang.String,java.lang.String,java.lang.String,java.lang.String,java.lang.String)[pri:0, instance:dnata.DnataInsurance@212b5695]" started-at="2022-11-23T10:39:53 IST" name="dnataInsurance" data-provider="getexceldata" finished-at="2022-11-23T10:41:10 IST" duration-ms="77146" status="FAIL">
          <params>
            <param index="0">
              <value>
                <![CDATA[Test Insurance 5]]>
              </value>
            </param>
            <param index="1">
              <value>
                <![CDATA[Negative]]>
              </value>
            </param>
            <param index="2">
              <value>
                <![CDATA[Verify 32 February]]>
              </value>
            </param>
            <param index="3">
              <value>
                <![CDATA[mo]]>
              </value>
            </param>
            <param index="4">
              <value>
                <![CDATA[//dnatauat.quadlabs.net/backoffice/loginggn.aspx]]>
              </value>
            </param>
            <param index="5">
              <value>
                <![CDATA[dt]]>
              </value>
            </param>
            <param index="6">
              <value>
                <![CDATA[91269126]]>
              </value>
            </param>
            <param index="7">
              <value>
                <![CDATA[Shubham@321]]>
              </value>
            </param>
            <param index="8">
              <value>
                <![CDATA[Thrilok Nadha Rachapalli]]>
              </value>
            </param>
            <param index="9">
              <value>
                <![CDATA[BusinessTravel]]>
              </value>
            </param>
            <param index="10">
              <value>
                <![CDATA[Individual]]>
              </value>
            </param>
            <param index="11">
              <value>
                <![CDATA[dxb]]>
              </value>
            </param>
            <param index="12">
              <value>
                <![CDATA[Dubai, United Arab Emirates - All Airports (DXB)]]>
              </value>
            </param>
            <param index="13">
              <value>
                <![CDATA[mus]]>
              </value>
            </param>
            <param index="14">
              <value>
                <![CDATA[Muscat, Oman - Seeb (MCT)]]>
              </value>
            </param>
            <param index="15">
              <value>
                <![CDATA[24-February-2023]]>
              </value>
            </param>
            <param index="16">
              <value>
                <![CDATA[32-February-2023]]>
              </value>
            </param>
            <param index="17">
              <value>
                <![CDATA[Individual]]>
              </value>
            </param>
            <param index="18">
              <value>
                <![CDATA[1]]>
              </value>
            </param>
            <param index="19">
              <value>
                <![CDATA[30-Aug-2019]]>
              </value>
            </param>
            <param index="20">
              <value>
                <![CDATA[FOP - Cash]]>
              </value>
            </param>
            <param index="21">
              <value>
                <![CDATA[Yes]]>
              </value>
            </param>
            <param index="22">
              <value>
                <![CDATA[Yes]]>
              </value>
            </param>
            <param index="23">
              <value>
                <![CDATA[dxb]]>
              </value>
            </param>
            <param index="24">
              <value>
                <![CDATA[Dubai, United Arab Emirates - All Airports (DXB)]]>
              </value>
            </param>
            <param index="25">
              <value>
                <![CDATA[mus]]>
              </value>
            </param>
            <param index="26">
              <value>
                <![CDATA[Muscat, Oman - Seeb (MCT)]]>
              </value>
            </param>
            <param index="27">
              <value>
                <![CDATA[Yes]]>
              </value>
            </param>
            <param index="28">
              <value>
                <![CDATA[21-Jan-2023]]>
              </value>
            </param>
            <param index="29">
              <value>
                <![CDATA[23-Jan-2023]]>
              </value>
            </param>
            <param index="30">
              <value>
                <![CDATA[Yes]]>
              </value>
            </param>
            <param index="31">
              <value>
                <![CDATA[Individual]]>
              </value>
            </param>
            <param index="32">
              <value>
                <![CDATA[1]]>
              </value>
            </param>
            <param index="33">
              <value>
                <![CDATA[20-Aug-2018]]>
              </value>
            </param>
            <param index="34">
              <value>
                <![CDATA[Yes]]>
              </value>
            </param>
            <param index="35">
              <value>
                <![CDATA[FOP - Cash]]>
              </value>
            </param>
            <param index="36">
              <value>
                <![CDATA[3]]>
              </value>
            </param>
            <param index="37">
              <value>
                <![CDATA[Airspace Close,Business Cover,Golf Sports Cover]]>
              </value>
            </param>
            <param index="38">
              <value>
                <![CDATA[Add to Cart]]>
              </value>
            </param>
            <param index="39">
              <value>
                <![CDATA[Test]]>
              </value>
            </param>
            <param index="40">
              <value>
                <![CDATA[Test]]>
              </value>
            </param>
            <param index="41">
              <value>
                <![CDATA[Fulfilment]]>
              </value>
            </param>
          </params>
          <exception class="java.lang.AssertionError">
            <message>
              <![CDATA[Invalid date provided 32-February-2023 expected [false] but found [true]]]>
            </message>
            <full-stacktrace>
              <![CDATA[java.lang.AssertionError: Invalid date provided 32-February-2023 expected [false] but found [true]
at org.testng.Assert.fail(Assert.java:99)
at org.testng.Assert.failNotEquals(Assert.java:1037)
at org.testng.Assert.assertFalse(Assert.java:67)
at dnata.DnataTripType.selectDateInCalendarInsurance(DnataTripType.java:1051)
at dnata.DnataTripType.InsuranceTriptype(DnataTripType.java:375)
at dnata.DnataInsurance.dnataInsurance(DnataInsurance.java:109)
at java.base/jdk.internal.reflect.NativeMethodAccessorImpl.invoke0(Native Method)
at java.base/jdk.internal.reflect.NativeMethodAccessorImpl.invoke(NativeMethodAccessorImpl.java:77)
at java.base/jdk.internal.reflect.DelegatingMethodAccessorImpl.invoke(DelegatingMethodAccessorImpl.java:43)
at java.base/java.lang.reflect.Method.invoke(Method.java:568)
at org.testng.internal.MethodInvocationHelper.invokeMethod(MethodInvocationHelper.java:133)
at org.testng.internal.TestInvoker.invokeMethod(TestInvoker.java:598)
at org.testng.internal.TestInvoker.invokeTestMethod(TestInvoker.java:173)
at org.testng.internal.MethodRunner.runInSequence(MethodRunner.java:46)
at org.testng.internal.TestInvoker$MethodInvocationAgent.invoke(TestInvoker.java:824)
at org.testng.internal.TestInvoker.invokeTestMethods(TestInvoker.java:146)
at org.testng.internal.TestMethodWorker.invokeTestMethods(TestMethodWorker.java:146)
at org.testng.internal.TestMethodWorker.run(TestMethodWorker.java:128)
at java.base/java.util.ArrayList.forEach(ArrayList.java:1511)
at org.testng.TestRunner.privateRun(TestRunner.java:794)
at org.testng.TestRunner.run(TestRunner.java:596)
at org.testng.SuiteRunner.runTest(SuiteRunner.java:377)
at org.testng.SuiteRunner.runSequentially(SuiteRunner.java:371)
at org.testng.SuiteRunner.privateRun(SuiteRunner.java:332)
at org.testng.SuiteRunner.run(SuiteRunner.java:276)
at org.testng.SuiteRunnerWorker.runSuite(SuiteRunnerWorker.java:53)
at org.testng.SuiteRunnerWorker.run(SuiteRunnerWorker.java:96)
at org.testng.TestNG.runSuitesSequentially(TestNG.java:1212)
at org.testng.TestNG.runSuitesLocally(TestNG.java:1134)
at org.testng.TestNG.runSuites(TestNG.java:1063)
at org.testng.TestNG.run(TestNG.java:1031)
at org.testng.remote.AbstractRemoteTestNG.run(AbstractRemoteTestNG.java:115)
at org.testng.remote.RemoteTestNG.initAndRun(RemoteTestNG.java:251)
at org.testng.remote.RemoteTestNG.main(RemoteTestNG.java:77)
]]>
            </full-stacktrace>
          </exception> <!-- java.lang.AssertionError -->
          <reporter-output>
          </reporter-output>
        </test-method> <!-- dnataInsurance -->
        <test-method is-config="true" signature="afterMethod()[pri:0, instance:dnata.DnataInsurance@212b5695]" started-at="2022-11-23T10:41:11 IST" name="afterMethod" finished-at="2022-11-23T10:41:11 IST" duration-ms="18" status="PASS">
          <reporter-output>
          </reporter-output>
        </test-method> <!-- afterMethod -->
        <test-method signature="dnataInsurance(java.lang.String,java.lang.String,java.lang.String,java.lang.String,java.lang.String,java.lang.String,java.lang.String,java.lang.String,java.lang.String,java.lang.String,java.lang.String,java.lang.String,java.lang.String,java.lang.String,java.lang.String,java.lang.String,java.lang.String,java.lang.String,java.lang.String,java.lang.String,java.lang.String,java.lang.String,java.lang.String,java.lang.String,java.lang.String,java.lang.String,java.lang.String,java.lang.String,java.lang.String,java.lang.String,java.lang.String,java.lang.String,java.lang.String,java.lang.String,java.lang.String,java.lang.String,java.lang.String,java.lang.String,java.lang.String,java.lang.String,java.lang.String,java.lang.String)[pri:0, instance:dnata.DnataInsurance@212b5695]" started-at="2022-11-23T10:41:11 IST" name="dnataInsurance" data-provider="getexceldata" finished-at="2022-11-23T10:42:06 IST" duration-ms="54919" status="FAIL">
          <params>
            <param index="0">
              <value>
                <![CDATA[Test Insurance 6]]>
              </value>
            </param>
            <param index="1">
              <value>
                <![CDATA[Negative]]>
              </value>
            </param>
            <param index="2">
              <value>
                <![CDATA[Verify provide date 34 in day]]>
              </value>
            </param>
            <param index="3">
              <value>
                <![CDATA[mo]]>
              </value>
            </param>
            <param index="4">
              <value>
                <![CDATA[//dnatauat.quadlabs.net/backoffice/loginggn.aspx]]>
              </value>
            </param>
            <param index="5">
              <value>
                <![CDATA[dt]]>
              </value>
            </param>
            <param index="6">
              <value>
                <![CDATA[91269126]]>
              </value>
            </param>
            <param index="7">
              <value>
                <![CDATA[Shubham@321]]>
              </value>
            </param>
            <param index="8">
              <value>
                <![CDATA[Thrilok Nadha Rachapalli]]>
              </value>
            </param>
            <param index="9">
              <value>
                <![CDATA[BusinessTravel]]>
              </value>
            </param>
            <param index="10">
              <value>
                <![CDATA[Individual]]>
              </value>
            </param>
            <param index="11">
              <value>
                <![CDATA[dxb]]>
              </value>
            </param>
            <param index="12">
              <value>
                <![CDATA[Dubai, United Arab Emirates - All Airports (DXB)]]>
              </value>
            </param>
            <param index="13">
              <value>
                <![CDATA[mus]]>
              </value>
            </param>
            <param index="14">
              <value>
                <![CDATA[Muscat, Oman - Seeb (MCT)]]>
              </value>
            </param>
            <param index="15">
              <value>
                <![CDATA[22-December-2022]]>
              </value>
            </param>
            <param index="16">
              <value>
                <![CDATA[34-December-2022]]>
              </value>
            </param>
            <param index="17">
              <value>
                <![CDATA[Individual]]>
              </value>
            </param>
            <param index="18">
              <value>
                <![CDATA[1]]>
              </value>
            </param>
            <param index="19">
              <value>
                <![CDATA[30-Aug-2019]]>
              </value>
            </param>
            <param index="20">
              <value>
                <![CDATA[FOP - Cash]]>
              </value>
            </param>
            <param index="21">
              <value>
                <![CDATA[Yes]]>
              </value>
            </param>
            <param index="22">
              <value>
                <![CDATA[Yes]]>
              </value>
            </param>
            <param index="23">
              <value>
                <![CDATA[dxb]]>
              </value>
            </param>
            <param index="24">
              <value>
                <![CDATA[Dubai, United Arab Emirates - All Airports (DXB)]]>
              </value>
            </param>
            <param index="25">
              <value>
                <![CDATA[mus]]>
              </value>
            </param>
            <param index="26">
              <value>
                <![CDATA[Muscat, Oman - Seeb (MCT)]]>
              </value>
            </param>
            <param index="27">
              <value>
                <![CDATA[Yes]]>
              </value>
            </param>
            <param index="28">
              <value>
                <![CDATA[21-Jan-2023]]>
              </value>
            </param>
            <param index="29">
              <value>
                <![CDATA[23-Jan-2023]]>
              </value>
            </param>
            <param index="30">
              <value>
                <![CDATA[Yes]]>
              </value>
            </param>
            <param index="31">
              <value>
                <![CDATA[Individual]]>
              </value>
            </param>
            <param index="32">
              <value>
                <![CDATA[1]]>
              </value>
            </param>
            <param index="33">
              <value>
                <![CDATA[20-Aug-2018]]>
              </value>
            </param>
            <param index="34">
              <value>
                <![CDATA[Yes]]>
              </value>
            </param>
            <param index="35">
              <value>
                <![CDATA[FOP - Cash]]>
              </value>
            </param>
            <param index="36">
              <value>
                <![CDATA[3]]>
              </value>
            </param>
            <param index="37">
              <value>
                <![CDATA[Airspace Close,Business Cover,Golf Sports Cover]]>
              </value>
            </param>
            <param index="38">
              <value>
                <![CDATA[Add to Cart]]>
              </value>
            </param>
            <param index="39">
              <value>
                <![CDATA[Test]]>
              </value>
            </param>
            <param index="40">
              <value>
                <![CDATA[Test]]>
              </value>
            </param>
            <param index="41">
              <value>
                <![CDATA[Fulfilment]]>
              </value>
            </param>
          </params>
          <exception class="java.lang.AssertionError">
            <message>
              <![CDATA[Invalid date provided 34-December-2022 expected [false] but found [true]]]>
            </message>
            <full-stacktrace>
              <![CDATA[java.lang.AssertionError: Invalid date provided 34-December-2022 expected [false] but found [true]
at org.testng.Assert.fail(Assert.java:99)
at org.testng.Assert.failNotEquals(Assert.java:1037)
at org.testng.Assert.assertFalse(Assert.java:67)
at dnata.DnataTripType.selectDateInCalendarInsurance(DnataTripType.java:1051)
at dnata.DnataTripType.InsuranceTriptype(DnataTripType.java:375)
at dnata.DnataInsurance.dnataInsurance(DnataInsurance.java:109)
at java.base/jdk.internal.reflect.NativeMethodAccessorImpl.invoke0(Native Method)
at java.base/jdk.internal.reflect.NativeMethodAccessorImpl.invoke(NativeMethodAccessorImpl.java:77)
at java.base/jdk.internal.reflect.DelegatingMethodAccessorImpl.invoke(DelegatingMethodAccessorImpl.java:43)
at java.base/java.lang.reflect.Method.invoke(Method.java:568)
at org.testng.internal.MethodInvocationHelper.invokeMethod(MethodInvocationHelper.java:133)
at org.testng.internal.TestInvoker.invokeMethod(TestInvoker.java:598)
at org.testng.internal.TestInvoker.invokeTestMethod(TestInvoker.java:173)
at org.testng.internal.MethodRunner.runInSequence(MethodRunner.java:46)
at org.testng.internal.TestInvoker$MethodInvocationAgent.invoke(TestInvoker.java:824)
at org.testng.internal.TestInvoker.invokeTestMethods(TestInvoker.java:146)
at org.testng.internal.TestMethodWorker.invokeTestMethods(TestMethodWorker.java:146)
at org.testng.internal.TestMethodWorker.run(TestMethodWorker.java:128)
at java.base/java.util.ArrayList.forEach(ArrayList.java:1511)
at org.testng.TestRunner.privateRun(TestRunner.java:794)
at org.testng.TestRunner.run(TestRunner.java:596)
at org.testng.SuiteRunner.runTest(SuiteRunner.java:377)
at org.testng.SuiteRunner.runSequentially(SuiteRunner.java:371)
at org.testng.SuiteRunner.privateRun(SuiteRunner.java:332)
at org.testng.SuiteRunner.run(SuiteRunner.java:276)
at org.testng.SuiteRunnerWorker.runSuite(SuiteRunnerWorker.java:53)
at org.testng.SuiteRunnerWorker.run(SuiteRunnerWorker.java:96)
at org.testng.TestNG.runSuitesSequentially(TestNG.java:1212)
at org.testng.TestNG.runSuitesLocally(TestNG.java:1134)
at org.testng.TestNG.runSuites(TestNG.java:1063)
at org.testng.TestNG.run(TestNG.java:1031)
at org.testng.remote.AbstractRemoteTestNG.run(AbstractRemoteTestNG.java:115)
at org.testng.remote.RemoteTestNG.initAndRun(RemoteTestNG.java:251)
at org.testng.remote.RemoteTestNG.main(RemoteTestNG.java:77)
]]>
            </full-stacktrace>
          </exception> <!-- java.lang.AssertionError -->
          <reporter-output>
          </reporter-output>
        </test-method> <!-- dnataInsurance -->
        <test-method is-config="true" signature="afterMethod()[pri:0, instance:dnata.DnataInsurance@212b5695]" started-at="2022-11-23T10:42:06 IST" name="afterMethod" finished-at="2022-11-23T10:42:06 IST" duration-ms="19" status="PASS">
          <reporter-output>
          </reporter-output>
        </test-method> <!-- afterMethod -->
        <test-method signature="dnataInsurance(java.lang.String,java.lang.String,java.lang.String,java.lang.String,java.lang.String,java.lang.String,java.lang.String,java.lang.String,java.lang.String,java.lang.String,java.lang.String,java.lang.String,java.lang.String,java.lang.String,java.lang.String,java.lang.String,java.lang.String,java.lang.String,java.lang.String,java.lang.String,java.lang.String,java.lang.String,java.lang.String,java.lang.String,java.lang.String,java.lang.String,java.lang.String,java.lang.String,java.lang.String,java.lang.String,java.lang.String,java.lang.String,java.lang.String,java.lang.String,java.lang.String,java.lang.String,java.lang.String,java.lang.String,java.lang.String,java.lang.String,java.lang.String,java.lang.String)[pri:0, instance:dnata.DnataInsurance@212b5695]" started-at="2022-11-23T10:42:06 IST" name="dnataInsurance" data-provider="getexceldata" finished-at="2022-11-23T10:42:55 IST" duration-ms="48957" status="FAIL">
          <params>
            <param index="0">
              <value>
                <![CDATA[Test Insurance 7]]>
              </value>
            </param>
            <param index="1">
              <value>
                <![CDATA[Negative]]>
              </value>
            </param>
            <param index="2">
              <value>
                <![CDATA[Verify Origin & Destination city code name same]]>
              </value>
            </param>
            <param index="3">
              <value>
                <![CDATA[mo]]>
              </value>
            </param>
            <param index="4">
              <value>
                <![CDATA[//dnatauat.quadlabs.net/backoffice/loginggn.aspx]]>
              </value>
            </param>
            <param index="5">
              <value>
                <![CDATA[dt]]>
              </value>
            </param>
            <param index="6">
              <value>
                <![CDATA[91269126]]>
              </value>
            </param>
            <param index="7">
              <value>
                <![CDATA[Shubham@321]]>
              </value>
            </param>
            <param index="8">
              <value>
                <![CDATA[Thrilok Nadha Rachapalli]]>
              </value>
            </param>
            <param index="9">
              <value>
                <![CDATA[BusinessTravel]]>
              </value>
            </param>
            <param index="10">
              <value>
                <![CDATA[Individual]]>
              </value>
            </param>
            <param index="11">
              <value>
                <![CDATA[dxb]]>
              </value>
            </param>
            <param index="12">
              <value>
                <![CDATA[Dubai, United Arab Emirates - All Airports (DXB)]]>
              </value>
            </param>
            <param index="13">
              <value>
                <![CDATA[dxb]]>
              </value>
            </param>
            <param index="14">
              <value>
                <![CDATA[Dubai, United Arab Emirates - All Airports (DXB)]]>
              </value>
            </param>
            <param index="15">
              <value>
                <![CDATA[15-December-2022]]>
              </value>
            </param>
            <param index="16">
              <value>
                <![CDATA[16-December-2022]]>
              </value>
            </param>
            <param index="17">
              <value>
                <![CDATA[Individual]]>
              </value>
            </param>
            <param index="18">
              <value>
                <![CDATA[1]]>
              </value>
            </param>
            <param index="19">
              <value>
                <![CDATA[30-Aug-2019]]>
              </value>
            </param>
            <param index="20">
              <value>
                <![CDATA[FOP - Cash]]>
              </value>
            </param>
            <param index="21">
              <value>
                <![CDATA[Yes]]>
              </value>
            </param>
            <param index="22">
              <value>
                <![CDATA[Yes]]>
              </value>
            </param>
            <param index="23">
              <value>
                <![CDATA[dxb]]>
              </value>
            </param>
            <param index="24">
              <value>
                <![CDATA[Dubai, United Arab Emirates - All Airports (DXB)]]>
              </value>
            </param>
            <param index="25">
              <value>
                <![CDATA[mus]]>
              </value>
            </param>
            <param index="26">
              <value>
                <![CDATA[Muscat, Oman - Seeb (MCT)]]>
              </value>
            </param>
            <param index="27">
              <value>
                <![CDATA[Yes]]>
              </value>
            </param>
            <param index="28">
              <value>
                <![CDATA[21-Jan-2023]]>
              </value>
            </param>
            <param index="29">
              <value>
                <![CDATA[23-Jan-2023]]>
              </value>
            </param>
            <param index="30">
              <value>
                <![CDATA[Yes]]>
              </value>
            </param>
            <param index="31">
              <value>
                <![CDATA[Individual]]>
              </value>
            </param>
            <param index="32">
              <value>
                <![CDATA[1]]>
              </value>
            </param>
            <param index="33">
              <value>
                <![CDATA[20-Aug-2018]]>
              </value>
            </param>
            <param index="34">
              <value>
                <![CDATA[Yes]]>
              </value>
            </param>
            <param index="35">
              <value>
                <![CDATA[FOP - Cash]]>
              </value>
            </param>
            <param index="36">
              <value>
                <![CDATA[3]]>
              </value>
            </param>
            <param index="37">
              <value>
                <![CDATA[Airspace Close,Business Cover,Golf Sports Cover]]>
              </value>
            </param>
            <param index="38">
              <value>
                <![CDATA[Add to Cart]]>
              </value>
            </param>
            <param index="39">
              <value>
                <![CDATA[Test]]>
              </value>
            </param>
            <param index="40">
              <value>
                <![CDATA[Test]]>
              </value>
            </param>
            <param index="41">
              <value>
                <![CDATA[Fulfilment]]>
              </value>
            </param>
          </params>
          <exception class="java.lang.AssertionError">
            <message>
              <![CDATA[Origin And Destination City Code Can't Be Same expected [false] but found [true]]]>
            </message>
            <full-stacktrace>
              <![CDATA[java.lang.AssertionError: Origin And Destination City Code Can't Be Same expected [false] but found [true]
at org.testng.Assert.fail(Assert.java:99)
at org.testng.Assert.failNotEquals(Assert.java:1037)
at org.testng.Assert.assertFalse(Assert.java:67)
at dnata.DnataTripType.InsuranceTriptype(DnataTripType.java:361)
at dnata.DnataInsurance.dnataInsurance(DnataInsurance.java:109)
at java.base/jdk.internal.reflect.NativeMethodAccessorImpl.invoke0(Native Method)
at java.base/jdk.internal.reflect.NativeMethodAccessorImpl.invoke(NativeMethodAccessorImpl.java:77)
at java.base/jdk.internal.reflect.DelegatingMethodAccessorImpl.invoke(DelegatingMethodAccessorImpl.java:43)
at java.base/java.lang.reflect.Method.invoke(Method.java:568)
at org.testng.internal.MethodInvocationHelper.invokeMethod(MethodInvocationHelper.java:133)
at org.testng.internal.TestInvoker.invokeMethod(TestInvoker.java:598)
at org.testng.internal.TestInvoker.invokeTestMethod(TestInvoker.java:173)
at org.testng.internal.MethodRunner.runInSequence(MethodRunner.java:46)
at org.testng.internal.TestInvoker$MethodInvocationAgent.invoke(TestInvoker.java:824)
at org.testng.internal.TestInvoker.invokeTestMethods(TestInvoker.java:146)
at org.testng.internal.TestMethodWorker.invokeTestMethods(TestMethodWorker.java:146)
at org.testng.internal.TestMethodWorker.run(TestMethodWorker.java:128)
at java.base/java.util.ArrayList.forEach(ArrayList.java:1511)
at org.testng.TestRunner.privateRun(TestRunner.java:794)
at org.testng.TestRunner.run(TestRunner.java:596)
at org.testng.SuiteRunner.runTest(SuiteRunner.java:377)
at org.testng.SuiteRunner.runSequentially(SuiteRunner.java:371)
at org.testng.SuiteRunner.privateRun(SuiteRunner.java:332)
at org.testng.SuiteRunner.run(SuiteRunner.java:276)
at org.testng.SuiteRunnerWorker.runSuite(SuiteRunnerWorker.java:53)
at org.testng.SuiteRunnerWorker.run(SuiteRunnerWorker.java:96)
at org.testng.TestNG.runSuitesSequentially(TestNG.java:1212)
at org.testng.TestNG.runSuitesLocally(TestNG.java:1134)
at org.testng.TestNG.runSuites(TestNG.java:1063)
at org.testng.TestNG.run(TestNG.java:1031)
at org.testng.remote.AbstractRemoteTestNG.run(AbstractRemoteTestNG.java:115)
at org.testng.remote.RemoteTestNG.initAndRun(RemoteTestNG.java:251)
at org.testng.remote.RemoteTestNG.main(RemoteTestNG.java:77)
]]>
            </full-stacktrace>
          </exception> <!-- java.lang.AssertionError -->
          <reporter-output>
          </reporter-output>
        </test-method> <!-- dnataInsurance -->
        <test-method is-config="true" signature="afterMethod()[pri:0, instance:dnata.DnataInsurance@212b5695]" started-at="2022-11-23T10:42:55 IST" name="afterMethod" finished-at="2022-11-23T10:42:55 IST" duration-ms="15" status="PASS">
          <reporter-output>
          </reporter-output>
        </test-method> <!-- afterMethod -->
        <test-method signature="dnataInsurance(java.lang.String,java.lang.String,java.lang.String,java.lang.String,java.lang.String,java.lang.String,java.lang.String,java.lang.String,java.lang.String,java.lang.String,java.lang.String,java.lang.String,java.lang.String,java.lang.String,java.lang.String,java.lang.String,java.lang.String,java.lang.String,java.lang.String,java.lang.String,java.lang.String,java.lang.String,java.lang.String,java.lang.String,java.lang.String,java.lang.String,java.lang.String,java.lang.String,java.lang.String,java.lang.String,java.lang.String,java.lang.String,java.lang.String,java.lang.String,java.lang.String,java.lang.String,java.lang.String,java.lang.String,java.lang.String,java.lang.String,java.lang.String,java.lang.String)[pri:0, instance:dnata.DnataInsurance@212b5695]" started-at="2022-11-23T10:42:55 IST" name="dnataInsurance" data-provider="getexceldata" finished-at="2022-11-23T10:43:48 IST" duration-ms="52737" status="FAIL">
          <params>
            <param index="0">
              <value>
                <![CDATA[Test Insurance 8]]>
              </value>
            </param>
            <param index="1">
              <value>
                <![CDATA[Negative]]>
              </value>
            </param>
            <param index="2">
              <value>
                <![CDATA[Verify Origin & Destination city location name same]]>
              </value>
            </param>
            <param index="3">
              <value>
                <![CDATA[mo]]>
              </value>
            </param>
            <param index="4">
              <value>
                <![CDATA[//dnatauat.quadlabs.net/backoffice/loginggn.aspx]]>
              </value>
            </param>
            <param index="5">
              <value>
                <![CDATA[dt]]>
              </value>
            </param>
            <param index="6">
              <value>
                <![CDATA[91269126]]>
              </value>
            </param>
            <param index="7">
              <value>
                <![CDATA[Shubham@321]]>
              </value>
            </param>
            <param index="8">
              <value>
                <![CDATA[Thrilok Nadha Rachapalli]]>
              </value>
            </param>
            <param index="9">
              <value>
                <![CDATA[BusinessTravel]]>
              </value>
            </param>
            <param index="10">
              <value>
                <![CDATA[Individual]]>
              </value>
            </param>
            <param index="11">
              <value>
                <![CDATA[dxb]]>
              </value>
            </param>
            <param index="12">
              <value>
                <![CDATA[Dubai, United Arab Emirates - All Airports (DXB)]]>
              </value>
            </param>
            <param index="13">
              <value>
                <![CDATA[mus]]>
              </value>
            </param>
            <param index="14">
              <value>
                <![CDATA[Dubai, United Arab Emirates - All Airports (DXB)]]>
              </value>
            </param>
            <param index="15">
              <value>
                <![CDATA[17-December-2022]]>
              </value>
            </param>
            <param index="16">
              <value>
                <![CDATA[18-December-2022]]>
              </value>
            </param>
            <param index="17">
              <value>
                <![CDATA[Individual]]>
              </value>
            </param>
            <param index="18">
              <value>
                <![CDATA[1]]>
              </value>
            </param>
            <param index="19">
              <value>
                <![CDATA[30-Aug-2019]]>
              </value>
            </param>
            <param index="20">
              <value>
                <![CDATA[FOP - Cash]]>
              </value>
            </param>
            <param index="21">
              <value>
                <![CDATA[Yes]]>
              </value>
            </param>
            <param index="22">
              <value>
                <![CDATA[Yes]]>
              </value>
            </param>
            <param index="23">
              <value>
                <![CDATA[dxb]]>
              </value>
            </param>
            <param index="24">
              <value>
                <![CDATA[Dubai, United Arab Emirates - All Airports (DXB)]]>
              </value>
            </param>
            <param index="25">
              <value>
                <![CDATA[mus]]>
              </value>
            </param>
            <param index="26">
              <value>
                <![CDATA[Muscat, Oman - Seeb (MCT)]]>
              </value>
            </param>
            <param index="27">
              <value>
                <![CDATA[Yes]]>
              </value>
            </param>
            <param index="28">
              <value>
                <![CDATA[21-Jan-2023]]>
              </value>
            </param>
            <param index="29">
              <value>
                <![CDATA[23-Jan-2023]]>
              </value>
            </param>
            <param index="30">
              <value>
                <![CDATA[Yes]]>
              </value>
            </param>
            <param index="31">
              <value>
                <![CDATA[Individual]]>
              </value>
            </param>
            <param index="32">
              <value>
                <![CDATA[1]]>
              </value>
            </param>
            <param index="33">
              <value>
                <![CDATA[20-Aug-2018]]>
              </value>
            </param>
            <param index="34">
              <value>
                <![CDATA[Yes]]>
              </value>
            </param>
            <param index="35">
              <value>
                <![CDATA[FOP - Cash]]>
              </value>
            </param>
            <param index="36">
              <value>
                <![CDATA[3]]>
              </value>
            </param>
            <param index="37">
              <value>
                <![CDATA[Airspace Close,Business Cover,Golf Sports Cover]]>
              </value>
            </param>
            <param index="38">
              <value>
                <![CDATA[Add to Cart]]>
              </value>
            </param>
            <param index="39">
              <value>
                <![CDATA[Test]]>
              </value>
            </param>
            <param index="40">
              <value>
                <![CDATA[Test]]>
              </value>
            </param>
            <param index="41">
              <value>
                <![CDATA[Fulfilment]]>
              </value>
            </param>
          </params>
          <exception class="java.lang.AssertionError">
            <message>
              <![CDATA[Origin And Destination City Location Can't Be Same expected [false] but found [true]]]>
            </message>
            <full-stacktrace>
              <![CDATA[java.lang.AssertionError: Origin And Destination City Location Can't Be Same expected [false] but found [true]
at org.testng.Assert.fail(Assert.java:99)
at org.testng.Assert.failNotEquals(Assert.java:1037)
at org.testng.Assert.assertFalse(Assert.java:67)
at dnata.DnataTripType.InsuranceTriptype(DnataTripType.java:362)
at dnata.DnataInsurance.dnataInsurance(DnataInsurance.java:109)
at java.base/jdk.internal.reflect.NativeMethodAccessorImpl.invoke0(Native Method)
at java.base/jdk.internal.reflect.NativeMethodAccessorImpl.invoke(NativeMethodAccessorImpl.java:77)
at java.base/jdk.internal.reflect.DelegatingMethodAccessorImpl.invoke(DelegatingMethodAccessorImpl.java:43)
at java.base/java.lang.reflect.Method.invoke(Method.java:568)
at org.testng.internal.MethodInvocationHelper.invokeMethod(MethodInvocationHelper.java:133)
at org.testng.internal.TestInvoker.invokeMethod(TestInvoker.java:598)
at org.testng.internal.TestInvoker.invokeTestMethod(TestInvoker.java:173)
at org.testng.internal.MethodRunner.runInSequence(MethodRunner.java:46)
at org.testng.internal.TestInvoker$MethodInvocationAgent.invoke(TestInvoker.java:824)
at org.testng.internal.TestInvoker.invokeTestMethods(TestInvoker.java:146)
at org.testng.internal.TestMethodWorker.invokeTestMethods(TestMethodWorker.java:146)
at org.testng.internal.TestMethodWorker.run(TestMethodWorker.java:128)
at java.base/java.util.ArrayList.forEach(ArrayList.java:1511)
at org.testng.TestRunner.privateRun(TestRunner.java:794)
at org.testng.TestRunner.run(TestRunner.java:596)
at org.testng.SuiteRunner.runTest(SuiteRunner.java:377)
at org.testng.SuiteRunner.runSequentially(SuiteRunner.java:371)
at org.testng.SuiteRunner.privateRun(SuiteRunner.java:332)
at org.testng.SuiteRunner.run(SuiteRunner.java:276)
at org.testng.SuiteRunnerWorker.runSuite(SuiteRunnerWorker.java:53)
at org.testng.SuiteRunnerWorker.run(SuiteRunnerWorker.java:96)
at org.testng.TestNG.runSuitesSequentially(TestNG.java:1212)
at org.testng.TestNG.runSuitesLocally(TestNG.java:1134)
at org.testng.TestNG.runSuites(TestNG.java:1063)
at org.testng.TestNG.run(TestNG.java:1031)
at org.testng.remote.AbstractRemoteTestNG.run(AbstractRemoteTestNG.java:115)
at org.testng.remote.RemoteTestNG.initAndRun(RemoteTestNG.java:251)
at org.testng.remote.RemoteTestNG.main(RemoteTestNG.java:77)
]]>
            </full-stacktrace>
          </exception> <!-- java.lang.AssertionError -->
          <reporter-output>
          </reporter-output>
        </test-method> <!-- dnataInsurance -->
        <test-method is-config="true" signature="afterMethod()[pri:0, instance:dnata.DnataInsurance@212b5695]" started-at="2022-11-23T10:43:48 IST" name="afterMethod" finished-at="2022-11-23T10:43:48 IST" duration-ms="17" status="PASS">
          <reporter-output>
          </reporter-output>
        </test-method> <!-- afterMethod -->
        <test-method signature="dnataInsurance(java.lang.String,java.lang.String,java.lang.String,java.lang.String,java.lang.String,java.lang.String,java.lang.String,java.lang.String,java.lang.String,java.lang.String,java.lang.String,java.lang.String,java.lang.String,java.lang.String,java.lang.String,java.lang.String,java.lang.String,java.lang.String,java.lang.String,java.lang.String,java.lang.String,java.lang.String,java.lang.String,java.lang.String,java.lang.String,java.lang.String,java.lang.String,java.lang.String,java.lang.String,java.lang.String,java.lang.String,java.lang.String,java.lang.String,java.lang.String,java.lang.String,java.lang.String,java.lang.String,java.lang.String,java.lang.String,java.lang.String,java.lang.String,java.lang.String)[pri:0, instance:dnata.DnataInsurance@212b5695]" started-at="2022-11-23T10:43:48 IST" name="dnataInsurance" data-provider="getexceldata" finished-at="2022-11-23T10:45:34 IST" duration-ms="105865" status="FAIL">
          <params>
            <param index="0">
              <value>
                <![CDATA[Test Insurance 9]]>
              </value>
            </param>
            <param index="1">
              <value>
                <![CDATA[Negative]]>
              </value>
            </param>
            <param index="2">
              <value>
                <![CDATA[Verify City code]]>
              </value>
            </param>
            <param index="3">
              <value>
                <![CDATA[mo]]>
              </value>
            </param>
            <param index="4">
              <value>
                <![CDATA[//dnatauat.quadlabs.net/backoffice/loginggn.aspx]]>
              </value>
            </param>
            <param index="5">
              <value>
                <![CDATA[dt]]>
              </value>
            </param>
            <param index="6">
              <value>
                <![CDATA[91269126]]>
              </value>
            </param>
            <param index="7">
              <value>
                <![CDATA[Shubham@321]]>
              </value>
            </param>
            <param index="8">
              <value>
                <![CDATA[Thrilok Nadha Rachapalli]]>
              </value>
            </param>
            <param index="9">
              <value>
                <![CDATA[BusinessTravel]]>
              </value>
            </param>
            <param index="10">
              <value>
                <![CDATA[Individual]]>
              </value>
            </param>
            <param index="11">
              <value>
                <![CDATA[dxb]]>
              </value>
            </param>
            <param index="12">
              <value>
                <![CDATA[Dubai, United Arab Emirates - All Airports (DXB)]]>
              </value>
            </param>
            <param index="13">
              <value>
                <![CDATA[mss]]>
              </value>
            </param>
            <param index="14">
              <value>
                <![CDATA[Muscat, Oman - Seeb (MCT)]]>
              </value>
            </param>
            <param index="15">
              <value>
                <![CDATA[20-December-2022]]>
              </value>
            </param>
            <param index="16">
              <value>
                <![CDATA[21-December-2022]]>
              </value>
            </param>
            <param index="17">
              <value>
                <![CDATA[Individual]]>
              </value>
            </param>
            <param index="18">
              <value>
                <![CDATA[1]]>
              </value>
            </param>
            <param index="19">
              <value>
                <![CDATA[30-Aug-2019]]>
              </value>
            </param>
            <param index="20">
              <value>
                <![CDATA[FOP - Cash]]>
              </value>
            </param>
            <param index="21">
              <value>
                <![CDATA[Yes]]>
              </value>
            </param>
            <param index="22">
              <value>
                <![CDATA[Yes]]>
              </value>
            </param>
            <param index="23">
              <value>
                <![CDATA[dxb]]>
              </value>
            </param>
            <param index="24">
              <value>
                <![CDATA[Dubai, United Arab Emirates - All Airports (DXB)]]>
              </value>
            </param>
            <param index="25">
              <value>
                <![CDATA[mus]]>
              </value>
            </param>
            <param index="26">
              <value>
                <![CDATA[Muscat, Oman - Seeb (MCT)]]>
              </value>
            </param>
            <param index="27">
              <value>
                <![CDATA[Yes]]>
              </value>
            </param>
            <param index="28">
              <value>
                <![CDATA[21-Jan-2023]]>
              </value>
            </param>
            <param index="29">
              <value>
                <![CDATA[23-Jan-2023]]>
              </value>
            </param>
            <param index="30">
              <value>
                <![CDATA[Yes]]>
              </value>
            </param>
            <param index="31">
              <value>
                <![CDATA[Individual]]>
              </value>
            </param>
            <param index="32">
              <value>
                <![CDATA[1]]>
              </value>
            </param>
            <param index="33">
              <value>
                <![CDATA[20-Aug-2018]]>
              </value>
            </param>
            <param index="34">
              <value>
                <![CDATA[Yes]]>
              </value>
            </param>
            <param index="35">
              <value>
                <![CDATA[FOP - Cash]]>
              </value>
            </param>
            <param index="36">
              <value>
                <![CDATA[3]]>
              </value>
            </param>
            <param index="37">
              <value>
                <![CDATA[Airspace Close,Business Cover,Golf Sports Cover]]>
              </value>
            </param>
            <param index="38">
              <value>
                <![CDATA[Add to Cart]]>
              </value>
            </param>
            <param index="39">
              <value>
                <![CDATA[Test]]>
              </value>
            </param>
            <param index="40">
              <value>
                <![CDATA[Test]]>
              </value>
            </param>
            <param index="41">
              <value>
                <![CDATA[Fulfilment]]>
              </value>
            </param>
          </params>
          <exception class="org.openqa.selenium.NoSuchElementException">
            <message>
              <![CDATA[no such element: Unable to locate element: {"method":"xpath","selector":"//div[@id='btnModify']/a"}
  (Session info: chrome=107.0.5304.107)
For documentation on this error, please visit: https://selenium.dev/exceptions/#no_such_element
Build info: version: '4.1.4', revision: '535d840ee2'
System info: host: 'SHUBHAM', ip: '192.168.111.71', os.name: 'Windows 10', os.arch: 'amd64', os.version: '10.0', java.version: '17.0.1'
Driver info: org.openqa.selenium.chrome.ChromeDriver
Command: [23ffe60bb9ccc83e4487424285106efd, findElement {using=xpath, value=//div[@id='btnModify']/a}]
Capabilities {acceptInsecureCerts: false, browserName: chrome, browserVersion: 107.0.5304.107, chrome: {chromedriverVersion: 106.0.5249.61 (511755355844..., userDataDir: C:\Users\SHUBHA~1.NAT\AppDa...}, goog:chromeOptions: {debuggerAddress: localhost:49350}, javascriptEnabled: true, networkConnectionEnabled: false, pageLoadStrategy: normal, platform: WINDOWS, platformName: WINDOWS, proxy: Proxy(), se:cdp: ws://localhost:49350/devtoo..., se:cdpVersion: 107.0.5304.107, setWindowRect: true, strictFileInteractability: false, timeouts: {implicit: 0, pageLoad: 300000, script: 30000}, unhandledPromptBehavior: dismiss and notify, webauthn:extension:credBlob: true, webauthn:extension:largeBlob: true, webauthn:virtualAuthenticators: true}
Session ID: 23ffe60bb9ccc83e4487424285106efd]]>
            </message>
            <full-stacktrace>
              <![CDATA[org.openqa.selenium.NoSuchElementException: no such element: Unable to locate element: {"method":"xpath","selector":"//div[@id='btnModify']/a"}
  (Session info: chrome=107.0.5304.107)
For documentation on this error, please visit: https://selenium.dev/exceptions/#no_such_element
Build info: version: '4.1.4', revision: '535d840ee2'
System info: host: 'SHUBHAM', ip: '192.168.111.71', os.name: 'Windows 10', os.arch: 'amd64', os.version: '10.0', java.version: '17.0.1'
Driver info: org.openqa.selenium.chrome.ChromeDriver
Command: [23ffe60bb9ccc83e4487424285106efd, findElement {using=xpath, value=//div[@id='btnModify']/a}]
Capabilities {acceptInsecureCerts: false, browserName: chrome, browserVersion: 107.0.5304.107, chrome: {chromedriverVersion: 106.0.5249.61 (511755355844..., userDataDir: C:\Users\SHUBHA~1.NAT\AppDa...}, goog:chromeOptions: {debuggerAddress: localhost:49350}, javascriptEnabled: true, networkConnectionEnabled: false, pageLoadStrategy: normal, platform: WINDOWS, platformName: WINDOWS, proxy: Proxy(), se:cdp: ws://localhost:49350/devtoo..., se:cdpVersion: 107.0.5304.107, setWindowRect: true, strictFileInteractability: false, timeouts: {implicit: 0, pageLoad: 300000, script: 30000}, unhandledPromptBehavior: dismiss and notify, webauthn:extension:credBlob: true, webauthn:extension:largeBlob: true, webauthn:virtualAuthenticators: true}
Session ID: 23ffe60bb9ccc83e4487424285106efd
at java.base/jdk.internal.reflect.NativeConstructorAccessorImpl.newInstance0(Native Method)
at java.base/jdk.internal.reflect.NativeConstructorAccessorImpl.newInstance(NativeConstructorAccessorImpl.java:77)
at java.base/jdk.internal.reflect.DelegatingConstructorAccessorImpl.newInstance(DelegatingConstructorAccessorImpl.java:45)
at java.base/java.lang.reflect.Constructor.newInstanceWithCaller(Constructor.java:499)
at java.base/java.lang.reflect.Constructor.newInstance(Constructor.java:480)
at org.openqa.selenium.remote.codec.w3c.W3CHttpResponseCodec.createException(W3CHttpResponseCodec.java:200)
at org.openqa.selenium.remote.codec.w3c.W3CHttpResponseCodec.decode(W3CHttpResponseCodec.java:133)
at org.openqa.selenium.remote.codec.w3c.W3CHttpResponseCodec.decode(W3CHttpResponseCodec.java:53)
at org.openqa.selenium.remote.HttpCommandExecutor.execute(HttpCommandExecutor.java:184)
at org.openqa.selenium.remote.service.DriverCommandExecutor.invokeExecute(DriverCommandExecutor.java:167)
at org.openqa.selenium.remote.service.DriverCommandExecutor.execute(DriverCommandExecutor.java:142)
at org.openqa.selenium.remote.RemoteWebDriver.execute(RemoteWebDriver.java:567)
at org.openqa.selenium.remote.ElementLocation$ElementFinder$2.findElement(ElementLocation.java:162)
at org.openqa.selenium.remote.ElementLocation.findElement(ElementLocation.java:60)
at org.openqa.selenium.remote.RemoteWebDriver.findElement(RemoteWebDriver.java:385)
at org.openqa.selenium.remote.RemoteWebDriver.findElement(RemoteWebDriver.java:377)
at utilities.QaRobot.getLocator(QaRobot.java:50)
at utilities.QaRobot.getWebElement(QaRobot.java:82)
at utilities.QaRobot.ClickOnElement(QaRobot.java:104)
at dnata.DnataResultPage.ResultPageForInsurance(DnataResultPage.java:1016)
at dnata.DnataInsurance.dnataInsurance(DnataInsurance.java:112)
at java.base/jdk.internal.reflect.NativeMethodAccessorImpl.invoke0(Native Method)
at java.base/jdk.internal.reflect.NativeMethodAccessorImpl.invoke(NativeMethodAccessorImpl.java:77)
at java.base/jdk.internal.reflect.DelegatingMethodAccessorImpl.invoke(DelegatingMethodAccessorImpl.java:43)
at java.base/java.lang.reflect.Method.invoke(Method.java:568)
at org.testng.internal.MethodInvocationHelper.invokeMethod(MethodInvocationHelper.java:133)
at org.testng.internal.TestInvoker.invokeMethod(TestInvoker.java:598)
at org.testng.internal.TestInvoker.invokeTestMethod(TestInvoker.java:173)
at org.testng.internal.MethodRunner.runInSequence(MethodRunner.java:46)
at org.testng.internal.TestInvoker$MethodInvocationAgent.invoke(TestInvoker.java:824)
at org.testng.internal.TestInvoker.invokeTestMethods(TestInvoker.java:146)
at org.testng.internal.TestMethodWorker.invokeTestMethods(TestMethodWorker.java:146)
at org.testng.internal.TestMethodWorker.run(TestMethodWorker.java:128)
at java.base/java.util.ArrayList.forEach(ArrayList.java:1511)
at org.testng.TestRunner.privateRun(TestRunner.java:794)
at org.testng.TestRunner.run(TestRunner.java:596)
at org.testng.SuiteRunner.runTest(SuiteRunner.java:377)
at org.testng.SuiteRunner.runSequentially(SuiteRunner.java:371)
at org.testng.SuiteRunner.privateRun(SuiteRunner.java:332)
at org.testng.SuiteRunner.run(SuiteRunner.java:276)
at org.testng.SuiteRunnerWorker.runSuite(SuiteRunnerWorker.java:53)
at org.testng.SuiteRunnerWorker.run(SuiteRunnerWorker.java:96)
at org.testng.TestNG.runSuitesSequentially(TestNG.java:1212)
at org.testng.TestNG.runSuitesLocally(TestNG.java:1134)
at org.testng.TestNG.runSuites(TestNG.java:1063)
at org.testng.TestNG.run(TestNG.java:1031)
at org.testng.remote.AbstractRemoteTestNG.run(AbstractRemoteTestNG.java:115)
at org.testng.remote.RemoteTestNG.initAndRun(RemoteTestNG.java:251)
at org.testng.remote.RemoteTestNG.main(RemoteTestNG.java:77)
]]>
            </full-stacktrace>
          </exception> <!-- org.openqa.selenium.NoSuchElementException -->
          <reporter-output>
          </reporter-output>
        </test-method> <!-- dnataInsurance -->
        <test-method is-config="true" signature="afterMethod()[pri:0, instance:dnata.DnataInsurance@212b5695]" started-at="2022-11-23T10:45:35 IST" name="afterMethod" finished-at="2022-11-23T10:45:35 IST" duration-ms="21" status="PASS">
          <reporter-output>
          </reporter-output>
        </test-method> <!-- afterMethod -->
      </class> <!-- dnata.DnataInsurance -->
    </test> <!-- Test -->
  </suite> <!-- Suite -->
</testng-results>
