<?xml version="1.0" encoding="UTF-8"?>
<testng-results ignored="0" total="1" passed="0" failed="1" skipped="0">
  <reporter-output>
  </reporter-output>
  <suite started-at="2022-11-11T17:10:59 IST" name="Suite" finished-at="2022-11-11T17:15:45 IST" duration-ms="285926">
    <groups>
    </groups>
    <test started-at="2022-11-11T17:10:59 IST" name="Test" finished-at="2022-11-11T17:15:45 IST" duration-ms="285926">
      <class name="dnata.DnataFlight">
        <test-method signature="dnataforflight(java.lang.String,java.lang.String,java.lang.String,java.lang.String,java.lang.String,java.lang.String,java.lang.String,java.lang.String,java.lang.String,java.lang.String,java.lang.String,java.lang.String,java.lang.String,java.lang.String,java.lang.String,java.lang.String,java.lang.String,java.lang.String,java.lang.String,java.lang.String,java.lang.String,java.lang.String,java.lang.String,java.lang.String,java.lang.String,java.lang.String,java.lang.String,java.lang.String,java.lang.String,java.lang.String,java.lang.String,java.lang.String,java.lang.String,java.lang.String,java.lang.String,java.lang.String,java.lang.String,java.lang.String,java.lang.String,java.lang.String,java.lang.String,java.lang.String,java.lang.String,java.lang.String,java.lang.String,java.lang.String,java.lang.String,java.lang.String,java.lang.String,java.lang.String,java.lang.String,java.lang.String,java.lang.String,java.lang.String,java.lang.String,java.lang.String,java.lang.String)[pri:0, instance:dnata.DnataFlight@446293d]" started-at="2022-11-11T17:11:00 IST" name="dnataforflight" data-provider="getexceldata" finished-at="2022-11-11T17:15:44 IST" duration-ms="284491" status="FAIL">
          <params>
            <param index="0">
              <value>
                <![CDATA[Test Flight 1]]>
              </value>
            </param>
            <param index="1">
              <value>
                <![CDATA[Positive]]>
              </value>
            </param>
            <param index="2">
              <value>
                <![CDATA[Verify One way(Individual) with Add to cart functionality]]>
              </value>
            </param>
            <param index="3">
              <value>
                <![CDATA[mo]]>
              </value>
            </param>
            <param index="4">
              <value>
                <![CDATA[//dnatauat.quadlabs.net/backoffice/loginggn.aspx]]>
              </value>
            </param>
            <param index="5">
              <value>
                <![CDATA[dt]]>
              </value>
            </param>
            <param index="6">
              <value>
                <![CDATA[91269126]]>
              </value>
            </param>
            <param index="7">
              <value>
                <![CDATA[Shubham@321]]>
              </value>
            </param>
            <param index="8">
              <value>
                <![CDATA[Thrilok Nadha Rachapalli]]>
              </value>
            </param>
            <param index="9">
              <value>
                <![CDATA[BusinessTravel]]>
              </value>
            </param>
            <param index="10">
              <value>
                <![CDATA[Dependent]]>
              </value>
            </param>
            <param index="11">
              <value>
                <![CDATA[RoundTrip]]>
              </value>
            </param>
            <param index="12">
              <value>
                <![CDATA[del]]>
              </value>
            </param>
            <param index="13">
              <value>
                <![CDATA[Delhi, India - Indira Gandhi Int'l Airport (DEL)]]>
              </value>
            </param>
            <param index="14">
              <value>
                <![CDATA[mus]]>
              </value>
            </param>
            <param index="15">
              <value>
                <![CDATA[Muscat, Oman - Seeb (MCT)]]>
              </value>
            </param>
            <param index="16">
              <value>
                <![CDATA[14-Dec-2022]]>
              </value>
            </param>
            <param index="17">
              <value>
                <![CDATA[17-Dec-2022]]>
              </value>
            </param>
            <param index="18">
              <value>
                <![CDATA[2]]>
              </value>
            </param>
            <param index="19">
              <value>
                <![CDATA[1]]>
              </value>
            </param>
            <param index="20">
              <value>
                <![CDATA[1]]>
              </value>
            </param>
            <param index="21">
              <value>
                <![CDATA[Economy]]>
              </value>
            </param>
            <param index="22">
              <value>
                <![CDATA[Yes]]>
              </value>
            </param>
            <param index="23">
              <value>
                <![CDATA[2]]>
              </value>
            </param>
            <param index="24">
              <value>
                <![CDATA[OMAN AIR,EMIRATES]]>
              </value>
            </param>
            <param index="25">
              <value>
                <![CDATA[FOP - Cash]]>
              </value>
            </param>
            <param index="26">
              <value>
                <![CDATA[No]]>
              </value>
            </param>
            <param index="27">
              <value>
                <![CDATA[Galileo(N0R Test)]]>
              </value>
            </param>
            <param index="28">
              <value>
                <![CDATA[No]]>
              </value>
            </param>
            <param index="29">
              <value>
                <![CDATA[Yes]]>
              </value>
            </param>
            <param index="30">
              <value>
                <![CDATA[RoundTrip]]>
              </value>
            </param>
            <param index="31">
              <value>
                <![CDATA[del]]>
              </value>
            </param>
            <param index="32">
              <value>
                <![CDATA[Delhi, India - Indira Gandhi Int'l Airport (DEL)]]>
              </value>
            </param>
            <param index="33">
              <value>
                <![CDATA[mus]]>
              </value>
            </param>
            <param index="34">
              <value>
                <![CDATA[Muscat, Oman - Seeb (MCT)]]>
              </value>
            </param>
            <param index="35">
              <value>
                <![CDATA[Yes]]>
              </value>
            </param>
            <param index="36">
              <value>
                <![CDATA[26-Dec-2022]]>
              </value>
            </param>
            <param index="37">
              <value>
                <![CDATA[29-Dec-2022]]>
              </value>
            </param>
            <param index="38">
              <value>
                <![CDATA[Yes]]>
              </value>
            </param>
            <param index="39">
              <value>
                <![CDATA[1]]>
              </value>
            </param>
            <param index="40">
              <value>
                <![CDATA[1]]>
              </value>
            </param>
            <param index="41">
              <value>
                <![CDATA[1]]>
              </value>
            </param>
            <param index="42">
              <value>
                <![CDATA[Yes]]>
              </value>
            </param>
            <param index="43">
              <value>
                <![CDATA[Economy]]>
              </value>
            </param>
            <param index="44">
              <value>
                <![CDATA[Yes]]>
              </value>
            </param>
            <param index="45">
              <value>
                <![CDATA[2]]>
              </value>
            </param>
            <param index="46">
              <value>
                <![CDATA[OMAN AIR,EMIRATES]]>
              </value>
            </param>
            <param index="47">
              <value>
                <![CDATA[No]]>
              </value>
            </param>
            <param index="48">
              <value>
                <![CDATA[Yes]]>
              </value>
            </param>
            <param index="49">
              <value>
                <![CDATA[Galileo(N0R Test)]]>
              </value>
            </param>
            <param index="50">
              <value>
                <![CDATA[No]]>
              </value>
            </param>
            <param index="51">
              <value>
                <![CDATA[All]]>
              </value>
            </param>
            <param index="52">
              <value>
                <![CDATA[Emirates]]>
              </value>
            </param>
            <param index="53">
              <value>
                <![CDATA[Book]]>
              </value>
            </param>
            <param index="54">
              <value>
                <![CDATA[Test]]>
              </value>
            </param>
            <param index="55">
              <value>
                <![CDATA[Test]]>
              </value>
            </param>
            <param index="56">
              <value>
                <![CDATA[Fulfilment]]>
              </value>
            </param>
          </params>
          <exception class="org.openqa.selenium.NoSuchElementException">
            <message>
              <![CDATA[no such element: Unable to locate element: {"method":"xpath","selector":"//input[@id='ctl00_contentMain_btnRec1']"}
  (Session info: chrome=107.0.5304.107)
For documentation on this error, please visit: https://selenium.dev/exceptions/#no_such_element
Build info: version: '4.1.4', revision: '535d840ee2'
System info: host: 'SHUBHAM', ip: '192.168.111.71', os.name: 'Windows 10', os.arch: 'amd64', os.version: '10.0', java.version: '17.0.1'
Driver info: org.openqa.selenium.chrome.ChromeDriver
Command: [2a4f1b36465ed2326002dd71507acf5f, findElement {using=xpath, value=//input[@id='ctl00_contentMain_btnRec1']}]
Capabilities {acceptInsecureCerts: false, browserName: chrome, browserVersion: 107.0.5304.107, chrome: {chromedriverVersion: 106.0.5249.61 (511755355844..., userDataDir: C:\Users\SHUBHA~1.NAT\AppDa...}, goog:chromeOptions: {debuggerAddress: localhost:52574}, javascriptEnabled: true, networkConnectionEnabled: false, pageLoadStrategy: normal, platform: WINDOWS, platformName: WINDOWS, proxy: Proxy(), se:cdp: ws://localhost:52574/devtoo..., se:cdpVersion: 107.0.5304.107, setWindowRect: true, strictFileInteractability: false, timeouts: {implicit: 0, pageLoad: 300000, script: 30000}, unhandledPromptBehavior: dismiss and notify, webauthn:extension:credBlob: true, webauthn:extension:largeBlob: true, webauthn:virtualAuthenticators: true}
Session ID: 2a4f1b36465ed2326002dd71507acf5f]]>
            </message>
            <full-stacktrace>
              <![CDATA[org.openqa.selenium.NoSuchElementException: no such element: Unable to locate element: {"method":"xpath","selector":"//input[@id='ctl00_contentMain_btnRec1']"}
  (Session info: chrome=107.0.5304.107)
For documentation on this error, please visit: https://selenium.dev/exceptions/#no_such_element
Build info: version: '4.1.4', revision: '535d840ee2'
System info: host: 'SHUBHAM', ip: '192.168.111.71', os.name: 'Windows 10', os.arch: 'amd64', os.version: '10.0', java.version: '17.0.1'
Driver info: org.openqa.selenium.chrome.ChromeDriver
Command: [2a4f1b36465ed2326002dd71507acf5f, findElement {using=xpath, value=//input[@id='ctl00_contentMain_btnRec1']}]
Capabilities {acceptInsecureCerts: false, browserName: chrome, browserVersion: 107.0.5304.107, chrome: {chromedriverVersion: 106.0.5249.61 (511755355844..., userDataDir: C:\Users\SHUBHA~1.NAT\AppDa...}, goog:chromeOptions: {debuggerAddress: localhost:52574}, javascriptEnabled: true, networkConnectionEnabled: false, pageLoadStrategy: normal, platform: WINDOWS, platformName: WINDOWS, proxy: Proxy(), se:cdp: ws://localhost:52574/devtoo..., se:cdpVersion: 107.0.5304.107, setWindowRect: true, strictFileInteractability: false, timeouts: {implicit: 0, pageLoad: 300000, script: 30000}, unhandledPromptBehavior: dismiss and notify, webauthn:extension:credBlob: true, webauthn:extension:largeBlob: true, webauthn:virtualAuthenticators: true}
Session ID: 2a4f1b36465ed2326002dd71507acf5f
at java.base/jdk.internal.reflect.NativeConstructorAccessorImpl.newInstance0(Native Method)
at java.base/jdk.internal.reflect.NativeConstructorAccessorImpl.newInstance(NativeConstructorAccessorImpl.java:77)
at java.base/jdk.internal.reflect.DelegatingConstructorAccessorImpl.newInstance(DelegatingConstructorAccessorImpl.java:45)
at java.base/java.lang.reflect.Constructor.newInstanceWithCaller(Constructor.java:499)
at java.base/java.lang.reflect.Constructor.newInstance(Constructor.java:480)
at org.openqa.selenium.remote.codec.w3c.W3CHttpResponseCodec.createException(W3CHttpResponseCodec.java:200)
at org.openqa.selenium.remote.codec.w3c.W3CHttpResponseCodec.decode(W3CHttpResponseCodec.java:133)
at org.openqa.selenium.remote.codec.w3c.W3CHttpResponseCodec.decode(W3CHttpResponseCodec.java:53)
at org.openqa.selenium.remote.HttpCommandExecutor.execute(HttpCommandExecutor.java:184)
at org.openqa.selenium.remote.service.DriverCommandExecutor.invokeExecute(DriverCommandExecutor.java:167)
at org.openqa.selenium.remote.service.DriverCommandExecutor.execute(DriverCommandExecutor.java:142)
at org.openqa.selenium.remote.RemoteWebDriver.execute(RemoteWebDriver.java:567)
at org.openqa.selenium.remote.ElementLocation$ElementFinder$2.findElement(ElementLocation.java:162)
at org.openqa.selenium.remote.ElementLocation.findElement(ElementLocation.java:60)
at org.openqa.selenium.remote.RemoteWebDriver.findElement(RemoteWebDriver.java:385)
at org.openqa.selenium.remote.RemoteWebDriver.findElement(RemoteWebDriver.java:377)
at utilities.QaRobot.getLocator(QaRobot.java:50)
at utilities.QaRobot.getWebElement(QaRobot.java:82)
at utilities.QaRobot.ClickOnElement(QaRobot.java:104)
at dnata.DnataPaymentPage.individualForFlight(DnataPaymentPage.java:19)
at dnata.DnataCheckoutPage.bookForFlightDependent(DnataCheckoutPage.java:1136)
at dnata.DnataCheckoutPage.CheckoutForFlightDependent(DnataCheckoutPage.java:254)
at dnata.DnataCheckoutPage.individualforFlight(DnataCheckoutPage.java:117)
at dnata.DnataResultPage.ResultPageForFlight(DnataResultPage.java:547)
at dnata.DnataFlight.dnataforflight(DnataFlight.java:134)
at java.base/jdk.internal.reflect.NativeMethodAccessorImpl.invoke0(Native Method)
at java.base/jdk.internal.reflect.NativeMethodAccessorImpl.invoke(NativeMethodAccessorImpl.java:77)
at java.base/jdk.internal.reflect.DelegatingMethodAccessorImpl.invoke(DelegatingMethodAccessorImpl.java:43)
at java.base/java.lang.reflect.Method.invoke(Method.java:568)
at org.testng.internal.MethodInvocationHelper.invokeMethod(MethodInvocationHelper.java:133)
at org.testng.internal.TestInvoker.invokeMethod(TestInvoker.java:598)
at org.testng.internal.TestInvoker.invokeTestMethod(TestInvoker.java:173)
at org.testng.internal.MethodRunner.runInSequence(MethodRunner.java:46)
at org.testng.internal.TestInvoker$MethodInvocationAgent.invoke(TestInvoker.java:824)
at org.testng.internal.TestInvoker.invokeTestMethods(TestInvoker.java:146)
at org.testng.internal.TestMethodWorker.invokeTestMethods(TestMethodWorker.java:146)
at org.testng.internal.TestMethodWorker.run(TestMethodWorker.java:128)
at java.base/java.util.ArrayList.forEach(ArrayList.java:1511)
at org.testng.TestRunner.privateRun(TestRunner.java:794)
at org.testng.TestRunner.run(TestRunner.java:596)
at org.testng.SuiteRunner.runTest(SuiteRunner.java:377)
at org.testng.SuiteRunner.runSequentially(SuiteRunner.java:371)
at org.testng.SuiteRunner.privateRun(SuiteRunner.java:332)
at org.testng.SuiteRunner.run(SuiteRunner.java:276)
at org.testng.SuiteRunnerWorker.runSuite(SuiteRunnerWorker.java:53)
at org.testng.SuiteRunnerWorker.run(SuiteRunnerWorker.java:96)
at org.testng.TestNG.runSuitesSequentially(TestNG.java:1212)
at org.testng.TestNG.runSuitesLocally(TestNG.java:1134)
at org.testng.TestNG.runSuites(TestNG.java:1063)
at org.testng.TestNG.run(TestNG.java:1031)
at org.testng.remote.AbstractRemoteTestNG.run(AbstractRemoteTestNG.java:115)
at org.testng.remote.RemoteTestNG.initAndRun(RemoteTestNG.java:251)
at org.testng.remote.RemoteTestNG.main(RemoteTestNG.java:77)
]]>
            </full-stacktrace>
          </exception> <!-- org.openqa.selenium.NoSuchElementException -->
          <reporter-output>
          </reporter-output>
        </test-method> <!-- dnataforflight -->
        <test-method is-config="true" signature="afterMetod()[pri:0, instance:dnata.DnataFlight@446293d]" started-at="2022-11-11T17:15:45 IST" name="afterMetod" finished-at="2022-11-11T17:15:45 IST" duration-ms="223" status="PASS">
          <reporter-output>
          </reporter-output>
        </test-method> <!-- afterMetod -->
      </class> <!-- dnata.DnataFlight -->
    </test> <!-- Test -->
  </suite> <!-- Suite -->
</testng-results>
